#
# A fatal error has been detected by the Java Runtime Environment:
#
#  SIGSEGV (0xb) at pc=0x00007fff92d324dd, pid=29551, tid=2571
#
# JRE version: Java(TM) SE Runtime Environment (8.0_91-b14) (build 1.8.0_91-b14)
# Java VM: Java HotSpot(TM) 64-Bit Server VM (25.91-b14 mixed mode bsd-amd64 compressed oops)
# Problematic frame:
# C  [libobjc.A.dylib+0x14dd]  objc_msgSend+0x1d
#
# Failed to write core dump. Core dumps have been disabled. To enable core dumping, try "ulimit -c unlimited" before starting Java again
#
# If you would like to submit a bug report, please visit:
#   http://bugreport.java.com/bugreport/crash.jsp
# The crash happened outside the Java Virtual Machine in native code.
# See problematic frame for where to report the bug.
#

---------------  T H R E A D  ---------------

Current thread (0x00007ff5ab9ae000):  JavaThread "AWT-AppKit" daemon [_thread_in_native, id=2571, stack(0x00007fff5b7d1000,0x00007fff5bfd1000)]

siginfo: si_signo: 11 (SIGSEGV), si_code: 1 (SEGV_MAPERR), si_addr: 0x0000000000000018

Registers:
RAX=0x00007ff5af605c90, RBX=0x000000011b0e9450, RCX=0x000000011b1007a0, RDX=0x000000011aff7fe0
RSP=0x00007fff5bfcbfe8, RBP=0x00007fff5bfcc0a0, RSI=0x00007fff979d2cde, RDI=0x00007ff5af60a260
R8 =0x0000000000000000, R9 =0x00000000000008b0, R10=0x00007fff979d2cde, R11=0x0000000000000000
R12=0x0000000000000000, R13=0x000000018d4dcbd0, R14=0x000000011b0e9440, R15=0x00007ff5ab9ae000
RIP=0x00007fff92d324dd, EFLAGS=0x0000000000010246, ERR=0x0000000000000004
  TRAPNO=0x000000000000000e

Top of Stack: (sp=0x00007fff5bfcbfe8)
0x00007fff5bfcbfe8:   000000011b0e7157 00007fff5bfcc040
0x00007fff5bfcbff8:   0000000000000003 00007fff5bfcc020
0x00007fff5bfcc008:   00000001049f24ea 000000018d4dcbd0
0x00007fff5bfcc018:   000000018d4dcbd0 00007ff5af605c90
0x00007fff5bfcc028:   000000011b0e96a0 000000011b0e9710
0x00007fff5bfcc038:   00007fff74305770 00007fff770fa500
0x00007fff5bfcc048:   000000011b0e9450 000000011b0e9690
0x00007fff5bfcc058:   00007ff5af605c90 00007ff5af60a260
0x00007fff5bfcc068:   00007ff5aaf83600 00007ff5af605c90
0x00007fff5bfcc078:   00007ff5af60a260 00007fff5bfcc120
0x00007fff5bfcc088:   00007ff5ab9ae1f8 000000018d4dcbd0
0x00007fff5bfcc098:   00007fff5bfcc148 00007fff5bfcc110
0x00007fff5bfcc0a8:   00000001057ab9d4 00007fff5bfcc110
0x00007fff5bfcc0b8:   00000001057ab759 00000001057b7983
0x00007fff5bfcc0c8:   00000001057ab722 00007fff5bfcc0d0
0x00007fff5bfcc0d8:   000000018d4dcbd0 00007fff5bfcc148
0x00007fff5bfcc0e8:   000000018d4df808 0000000000000000
0x00007fff5bfcc0f8:   000000018d4dcbd0 0000000000000000
0x00007fff5bfcc108:   00007fff5bfcc130 00007fff5bfcc190
0x00007fff5bfcc118:   000000010579c2bd 00000007ad7a4cc8
0x00007fff5bfcc128:   00000001057a5538 00007ff5af605c90
0x00007fff5bfcc138:   00000001057a6e39 00007ff5af60a260
0x00007fff5bfcc148:   00000001057a6e02 00007fff5bfcc150
0x00007fff5bfcc158:   000000018d4dcd9a 00007fff5bfcc1b8
0x00007fff5bfcc168:   000000018d4df808 0000000000000000
0x00007fff5bfcc178:   000000018d4dcda8 00007fff5bfcc130
0x00007fff5bfcc188:   00007fff5bfcc1a0 00007fff5bfcc200
0x00007fff5bfcc198:   000000010579c2bd 00007ff5af605c90
0x00007fff5bfcc1a8:   00000007ad81bbc8 00007ff5af60a260
0x00007fff5bfcc1b8:   00000007ad81bbc8 00007fff5bfcc1c0
0x00007fff5bfcc1c8:   0000000195619b86 00007fff5bfcc210
0x00007fff5bfcc1d8:   0000000195619c40 0000000000000000 

Instructions: (pc=0x00007fff92d324dd)
0x00007fff92d324bd:   44 00 00 48 85 ff 2e 74 62 40 f6 c7 01 2e 75 66
0x00007fff92d324cd:   49 bb f8 ff ff ff ff 7f 00 00 4c 23 1f 49 89 f2
0x00007fff92d324dd:   45 23 53 18 49 c1 e2 04 4d 03 53 10 49 3b 32 75
0x00007fff92d324ed:   04 41 ff 62 08 49 83 3a 01 76 0d 49 83 c2 10 49 

Register to memory mapping:

RAX=0x00007ff5af605c90 is an unknown value
RBX=0x000000011b0e9450: Java_jogamp_nativewindow_macosx_OSXUtil_GetScreenRefreshRate0+0x1cf0 in /private/var/folders/4w/145m28yn38q3_fgsdcq__sr40000gn/T/jogamp_0000/file_cache/jln9056342451097540358/jln7716986859426816890/libnativewindow_macosx.jnilib at 0x000000011b0e2000
RCX=0x000000011b1007a0 is an unknown value
RDX=0x000000011aff7fe0 is an unknown value
RSP=0x00007fff5bfcbfe8 is pointing into the stack for thread: 0x00007ff5ab9ae000
RBP=0x00007fff5bfcc0a0 is pointing into the stack for thread: 0x00007ff5ab9ae000
RSI=0x00007fff979d2cde is an unknown value
RDI=0x00007ff5af60a260 is an unknown value
R8 =0x0000000000000000 is an unknown value
R9 =0x00000000000008b0 is an unknown value
R10=0x00007fff979d2cde is an unknown value
R11=0x0000000000000000 is an unknown value
R12=0x0000000000000000 is an unknown value
R13={method} {0x000000018d4dcbd0} 'UnsetJAWTRootSurfaceLayer0' '(JJ)V' in 'jogamp/nativewindow/jawt/macosx/MacOSXJAWTWindow'
R14=0x000000011b0e9440: Java_jogamp_nativewindow_macosx_OSXUtil_GetScreenRefreshRate0+0x1ce0 in /private/var/folders/4w/145m28yn38q3_fgsdcq__sr40000gn/T/jogamp_0000/file_cache/jln9056342451097540358/jln7716986859426816890/libnativewindow_macosx.jnilib at 0x000000011b0e2000
R15=0x00007ff5ab9ae000 is a thread


Stack: [0x00007fff5b7d1000,0x00007fff5bfd1000],  sp=0x00007fff5bfcbfe8,  free space=8171k
Native frames: (J=compiled Java code, j=interpreted, Vv=VM code, C=native code)
C  [libobjc.A.dylib+0x14dd]  objc_msgSend+0x1d
j  jogamp.nativewindow.jawt.macosx.MacOSXJAWTWindow.UnsetJAWTRootSurfaceLayer0(JJ)V+0
j  jogamp.nativewindow.jawt.macosx.MacOSXJAWTWindow.access$200(JJ)V+2
j  jogamp.nativewindow.jawt.macosx.MacOSXJAWTWindow$1.run()V+38
j  com.jogamp.common.util.RunnableTask.run()V+24
v  ~StubRoutines::call_stub
V  [libjvm.dylib+0x2ec1e6]
V  [libjvm.dylib+0x323355]
V  [libjvm.dylib+0x315b23]
C  [libnativewindow_macosx.jnilib+0x5326]  Java_jogamp_nativewindow_jawt_macosx_MacOSXJAWTWindow_UnsetJAWTRootSurfaceLayer0+0x2b6
C  [Foundation+0x76fde]  __NSThreadPerformPerform+0x117
C  [CoreFoundation+0xaa881]  __CFRUNLOOP_IS_CALLING_OUT_TO_A_SOURCE0_PERFORM_FUNCTION__+0x11
C  [CoreFoundation+0x89fbc]  __CFRunLoopDoSources0+0x22c
C  [CoreFoundation+0x894df]  __CFRunLoopRun+0x39f
C  [CoreFoundation+0x88ed8]  CFRunLoopRunSpecific+0x128
C  [HIToolbox+0x30935]  RunCurrentEventLoopInMode+0xeb
C  [HIToolbox+0x30677]  ReceiveNextEventCommon+0xb8
C  [HIToolbox+0x305af]  _BlockUntilNextEventMatchingListInModeWithFilter+0x47
C  [AppKit+0x48df6]  _DPSNextEvent+0x42b
C  [AppKit+0x48226]  -[NSApplication _nextEventMatchingEventMask:untilDate:inMode:dequeue:]+0x1c6
C  [libosxapp.dylib+0x23aa]  -[NSApplicationAWT nextEventMatchingMask:untilDate:inMode:dequeue:]+0x7c
C  [AppKit+0x3cd80]  -[NSApplication run]+0x2aa
C  [libosxapp.dylib+0x214d]  +[NSApplicationAWT runAWTLoopWithApp:]+0x9c
C  [libawt_lwawt.dylib+0x4455b]  -[AWTStarter starter:]+0x389
C  [Foundation+0x76fde]  __NSThreadPerformPerform+0x117
C  [CoreFoundation+0xaa881]  __CFRUNLOOP_IS_CALLING_OUT_TO_A_SOURCE0_PERFORM_FUNCTION__+0x11
C  [CoreFoundation+0x89fbc]  __CFRunLoopDoSources0+0x22c
C  [CoreFoundation+0x894df]  __CFRunLoopRun+0x39f
C  [CoreFoundation+0x88ed8]  CFRunLoopRunSpecific+0x128
C  [java+0x6463]  CreateExecutionEnvironment+0x367
C  [java+0x21ac]  JLI_Launch+0x7a0
C  [java+0x84c0]  main+0x65
C  [java+0x1a04]  start+0x34
C  0x0000000000000007

Java frames: (J=compiled Java code, j=interpreted, Vv=VM code)
j  jogamp.nativewindow.jawt.macosx.MacOSXJAWTWindow.UnsetJAWTRootSurfaceLayer0(JJ)V+0
j  jogamp.nativewindow.jawt.macosx.MacOSXJAWTWindow.access$200(JJ)V+2
j  jogamp.nativewindow.jawt.macosx.MacOSXJAWTWindow$1.run()V+38
j  com.jogamp.common.util.RunnableTask.run()V+24
v  ~StubRoutines::call_stub

---------------  P R O C E S S  ---------------

Java Threads: ( => current thread )
  0x00007ff5b1154000 JavaThread "Thread-19" [_thread_blocked, id=38199, stack(0x00007000017e8000,0x00007000018e8000)]
  0x00007ff5ac42d800 JavaThread "AWT-EventQueue-1" [_thread_in_native, id=14899, stack(0x00007000018eb000,0x00007000019eb000)]
  0x00007ff5ab006000 JavaThread "DestroyJavaVM" [_thread_blocked, id=5891, stack(0x000070000011a000,0x000070000021a000)]
  0x00007ff5ac2f3000 JavaThread "AWT-EventQueue-0" [_thread_blocked, id=61443, stack(0x00007000016e5000,0x00007000017e5000)]
  0x00007ff5aba5a800 JavaThread "Java2D Disposer" daemon [_thread_blocked, id=58395, stack(0x000070000145c000,0x000070000155c000)]
  0x00007ff5aba3c000 JavaThread "Java2D Queue Flusher" daemon [_thread_blocked, id=50439, stack(0x0000700001359000,0x0000700001459000)]
  0x00007ff5ab9cb000 JavaThread "AWT-Shutdown" [_thread_blocked, id=29971, stack(0x00007000011d3000,0x00007000012d3000)]
=>0x00007ff5ab9ae000 JavaThread "AWT-AppKit" daemon [_thread_in_native, id=2571, stack(0x00007fff5b7d1000,0x00007fff5bfd1000)]
  0x00007ff5ab879000 JavaThread "Service Thread" daemon [_thread_blocked, id=18691, stack(0x0000700000e44000,0x0000700000f44000)]
  0x00007ff5ab878000 JavaThread "C1 CompilerThread2" daemon [_thread_blocked, id=18179, stack(0x0000700000d41000,0x0000700000e41000)]
  0x00007ff5ab877800 JavaThread "C2 CompilerThread1" daemon [_thread_blocked, id=17667, stack(0x0000700000c3e000,0x0000700000d3e000)]
  0x00007ff5ab82b800 JavaThread "C2 CompilerThread0" daemon [_thread_blocked, id=17155, stack(0x0000700000b3b000,0x0000700000c3b000)]
  0x00007ff5ac069000 JavaThread "Signal Dispatcher" daemon [_thread_blocked, id=13839, stack(0x0000700000a38000,0x0000700000b38000)]
  0x00007ff5ab815800 JavaThread "Finalizer" daemon [_thread_blocked, id=12291, stack(0x000070000082f000,0x000070000092f000)]
  0x00007ff5ab812800 JavaThread "Reference Handler" daemon [_thread_blocked, id=11779, stack(0x000070000072c000,0x000070000082c000)]

Other Threads:
  0x00007ff5ac057000 VMThread [stack: 0x0000700000629000,0x0000700000729000] [id=11267]
  0x00007ff5ab879800 WatcherThread [stack: 0x0000700000f47000,0x0000700001047000] [id=19203]

VM state:not at safepoint (normal execution)

VM Mutex/Monitor currently owned by a thread: None

Heap:
 PSYoungGen      total 44544K, used 6519K [0x00000007aab00000, 0x00000007ae200000, 0x00000007c0000000)
  eden space 32768K, 6% used [0x00000007aab00000,0x00000007aad1dc90,0x00000007acb00000)
  from space 11776K, 36% used [0x00000007ad680000,0x00000007adac0090,0x00000007ae200000)
  to   space 11776K, 0% used [0x00000007acb00000,0x00000007acb00000,0x00000007ad680000)
 ParOldGen       total 44032K, used 20653K [0x0000000780000000, 0x0000000782b00000, 0x00000007aab00000)
  object space 44032K, 46% used [0x0000000780000000,0x000000078142b5e0,0x0000000782b00000)
 Metaspace       used 20690K, capacity 20891K, committed 21120K, reserved 1069056K
  class space    used 2054K, capacity 2112K, committed 2176K, reserved 1048576K

Card table byte_map: [0x0000000114b54000,0x0000000114d55000] byte_map_base: 0x0000000110f54000

Marking Bits: (ParMarkBitMap*) 0x00000001050e6eb0
 Begin Bits: [0x0000000114eab000, 0x0000000115eab000)
 End Bits:   [0x0000000115eab000, 0x0000000116eab000)

Polling page: 0x0000000103ef2000

CodeCache: size=245760Kb used=7537Kb max_used=7547Kb free=238222Kb
 bounds [0x0000000105794000, 0x0000000105f04000, 0x0000000114794000]
 total_blobs=2950 nmethods=2061 adapters=802
 compilation: enabled

Compilation events (10 events):
Event: 64.185 Thread 0x00007ff5ab878000 2305       3       sun.java2d.loops.SurfaceType::pixelFor (10 bytes)
Event: 64.185 Thread 0x00007ff5ab878000 nmethod 2305 0x0000000105ef7e90 code [0x0000000105ef8000, 0x0000000105ef8228]
Event: 64.191 Thread 0x00007ff5ab878000 2306       1       sun.java2d.SurfaceData::isValid (5 bytes)
Event: 64.191 Thread 0x00007ff5ab878000 nmethod 2306 0x0000000105ef8310 code [0x0000000105ef8460, 0x0000000105ef8570]
Event: 64.192 Thread 0x00007ff5ab877800 2307  s    4       sun.misc.URLClassPath::getNextLoader (88 bytes)
Event: 64.198 Thread 0x00007ff5ab877800 nmethod 2307 0x0000000105efb950 code [0x0000000105efbac0, 0x0000000105efc238]
Event: 64.232 Thread 0x00007ff5ab878000 2308       3       sun.lwawt.LWComponentPeer::getWindowPeerOrSelf (5 bytes)
Event: 64.232 Thread 0x00007ff5ab878000 nmethod 2308 0x0000000105efb590 code [0x0000000105efb700, 0x0000000105efb8f0]
Event: 64.232 Thread 0x00007ff5ab878000 2309       3       java.lang.ThreadLocal::set (30 bytes)
Event: 64.233 Thread 0x00007ff5ab878000 nmethod 2309 0x0000000105efaed0 code [0x0000000105efb060, 0x0000000105efb448]

GC Heap History (10 events):
Event: 9.565 GC heap before
{Heap before GC invocations=2 (full 0):
 PSYoungGen      total 18944K, used 18928K [0x00000007aab00000, 0x00000007ac000000, 0x00000007c0000000)
  eden space 16384K, 100% used [0x00000007aab00000,0x00000007abb00000,0x00000007abb00000)
  from space 2560K, 99% used [0x00000007abb00000,0x00000007abd7c030,0x00000007abd80000)
  to   space 2560K, 0% used [0x00000007abd80000,0x00000007abd80000,0x00000007ac000000)
 ParOldGen       total 44032K, used 943K [0x0000000780000000, 0x0000000782b00000, 0x00000007aab00000)
  object space 44032K, 2% used [0x0000000780000000,0x00000007800ebed8,0x0000000782b00000)
 Metaspace       used 15884K, capacity 16063K, committed 16256K, reserved 1064960K
  class space    used 1611K, capacity 1660K, committed 1664K, reserved 1048576K
Event: 9.571 GC heap after
Heap after GC invocations=2 (full 0):
 PSYoungGen      total 18944K, used 2528K [0x00000007aab00000, 0x00000007ac000000, 0x00000007c0000000)
  eden space 16384K, 0% used [0x00000007aab00000,0x00000007aab00000,0x00000007abb00000)
  from space 2560K, 98% used [0x00000007abd80000,0x00000007abff8020,0x00000007ac000000)
  to   space 2560K, 0% used [0x00000007abb00000,0x00000007abb00000,0x00000007abd80000)
 ParOldGen       total 44032K, used 2534K [0x0000000780000000, 0x0000000782b00000, 0x00000007aab00000)
  object space 44032K, 5% used [0x0000000780000000,0x0000000780279aa0,0x0000000782b00000)
 Metaspace       used 15884K, capacity 16063K, committed 16256K, reserved 1064960K
  class space    used 1611K, capacity 1660K, committed 1664K, reserved 1048576K
}
Event: 10.840 GC heap before
{Heap before GC invocations=3 (full 0):
 PSYoungGen      total 18944K, used 18912K [0x00000007aab00000, 0x00000007ac000000, 0x00000007c0000000)
  eden space 16384K, 100% used [0x00000007aab00000,0x00000007abb00000,0x00000007abb00000)
  from space 2560K, 98% used [0x00000007abd80000,0x00000007abff8020,0x00000007ac000000)
  to   space 2560K, 0% used [0x00000007abb00000,0x00000007abb00000,0x00000007abd80000)
 ParOldGen       total 44032K, used 2534K [0x0000000780000000, 0x0000000782b00000, 0x00000007aab00000)
  object space 44032K, 5% used [0x0000000780000000,0x0000000780279aa0,0x0000000782b00000)
 Metaspace       used 19118K, capacity 19327K, committed 19456K, reserved 1067008K
  class space    used 1948K, capacity 2044K, committed 2048K, reserved 1048576K
Event: 10.849 GC heap after
Heap after GC invocations=3 (full 0):
 PSYoungGen      total 18944K, used 2529K [0x00000007aab00000, 0x00000007ac000000, 0x00000007c0000000)
  eden space 16384K, 0% used [0x00000007aab00000,0x00000007aab00000,0x00000007abb00000)
  from space 2560K, 98% used [0x00000007abb00000,0x00000007abd78740,0x00000007abd80000)
  to   space 2560K, 0% used [0x00000007abd80000,0x00000007abd80000,0x00000007ac000000)
 ParOldGen       total 44032K, used 6368K [0x0000000780000000, 0x0000000782b00000, 0x00000007aab00000)
  object space 44032K, 14% used [0x0000000780000000,0x00000007806382e8,0x0000000782b00000)
 Metaspace       used 19118K, capacity 19327K, committed 19456K, reserved 1067008K
  class space    used 1948K, capacity 2044K, committed 2048K, reserved 1048576K
}
Event: 11.436 GC heap before
{Heap before GC invocations=4 (full 0):
 PSYoungGen      total 18944K, used 18901K [0x00000007aab00000, 0x00000007ac000000, 0x00000007c0000000)
  eden space 16384K, 99% used [0x00000007aab00000,0x00000007abafd060,0x00000007abb00000)
  from space 2560K, 98% used [0x00000007abb00000,0x00000007abd78740,0x00000007abd80000)
  to   space 2560K, 0% used [0x00000007abd80000,0x00000007abd80000,0x00000007ac000000)
 ParOldGen       total 44032K, used 6368K [0x0000000780000000, 0x0000000782b00000, 0x00000007aab00000)
  object space 44032K, 14% used [0x0000000780000000,0x00000007806382e8,0x0000000782b00000)
 Metaspace       used 19711K, capacity 19947K, committed 20352K, reserved 1067008K
  class space    used 2006K, capacity 2078K, committed 2176K, reserved 1048576K
Event: 11.449 GC heap after
Heap after GC invocations=4 (full 0):
 PSYoungGen      total 18944K, used 2545K [0x00000007aab00000, 0x00000007ac000000, 0x00000007c0000000)
  eden space 16384K, 0% used [0x00000007aab00000,0x00000007aab00000,0x00000007abb00000)
  from space 2560K, 99% used [0x00000007abd80000,0x00000007abffc740,0x00000007ac000000)
  to   space 2560K, 0% used [0x00000007abb00000,0x00000007abb00000,0x00000007abd80000)
 ParOldGen       total 44032K, used 16107K [0x0000000780000000, 0x0000000782b00000, 0x00000007aab00000)
  object space 44032K, 36% used [0x0000000780000000,0x0000000780fbae30,0x0000000782b00000)
 Metaspace       used 19711K, capacity 19947K, committed 20352K, reserved 1067008K
  class space    used 2006K, capacity 2078K, committed 2176K, reserved 1048576K
}
Event: 12.068 GC heap before
{Heap before GC invocations=5 (full 0):
 PSYoungGen      total 18944K, used 18702K [0x00000007aab00000, 0x00000007ac000000, 0x00000007c0000000)
  eden space 16384K, 98% used [0x00000007aab00000,0x00000007abac70e0,0x00000007abb00000)
  from space 2560K, 99% used [0x00000007abd80000,0x00000007abffc740,0x00000007ac000000)
  to   space 2560K, 0% used [0x00000007abb00000,0x00000007abb00000,0x00000007abd80000)
 ParOldGen       total 44032K, used 16107K [0x0000000780000000, 0x0000000782b00000, 0x00000007aab00000)
  object space 44032K, 36% used [0x0000000780000000,0x0000000780fbae30,0x0000000782b00000)
 Metaspace       used 20325K, capacity 20495K, committed 20864K, reserved 1069056K
  class space    used 2042K, capacity 2110K, committed 2176K, reserved 1048576K
Event: 12.083 GC heap after
Heap after GC invocations=5 (full 0):
 PSYoungGen      total 18944K, used 2545K [0x00000007aab00000, 0x00000007ae200000, 0x00000007c0000000)
  eden space 16384K, 0% used [0x00000007aab00000,0x00000007aab00000,0x00000007abb00000)
  from space 2560K, 99% used [0x00000007abb00000,0x00000007abd7c760,0x00000007abd80000)
  to   space 11776K, 0% used [0x00000007ad680000,0x00000007ad680000,0x00000007ae200000)
 ParOldGen       total 44032K, used 20645K [0x0000000780000000, 0x0000000782b00000, 0x00000007aab00000)
  object space 44032K, 46% used [0x0000000780000000,0x00000007814295e0,0x0000000782b00000)
 Metaspace       used 20325K, capacity 20495K, committed 20864K, reserved 1069056K
  class space    used 2042K, capacity 2110K, committed 2176K, reserved 1048576K
}
Event: 14.029 GC heap before
{Heap before GC invocations=6 (full 0):
 PSYoungGen      total 18944K, used 18929K [0x00000007aab00000, 0x00000007ae200000, 0x00000007c0000000)
  eden space 16384K, 100% used [0x00000007aab00000,0x00000007abb00000,0x00000007abb00000)
  from space 2560K, 99% used [0x00000007abb00000,0x00000007abd7c760,0x00000007abd80000)
  to   space 11776K, 0% used [0x00000007ad680000,0x00000007ad680000,0x00000007ae200000)
 ParOldGen       total 44032K, used 20645K [0x0000000780000000, 0x0000000782b00000, 0x00000007aab00000)
  object space 44032K, 46% used [0x0000000780000000,0x00000007814295e0,0x0000000782b00000)
 Metaspace       used 20575K, capacity 20763K, committed 21120K, reserved 1069056K
  class space    used 2044K, capacity 2112K, committed 2176K, reserved 1048576K
Event: 14.040 GC heap after
Heap after GC invocations=6 (full 0):
 PSYoungGen      total 44544K, used 4352K [0x00000007aab00000, 0x00000007ae200000, 0x00000007c0000000)
  eden space 32768K, 0% used [0x00000007aab00000,0x00000007aab00000,0x00000007acb00000)
  from space 11776K, 36% used [0x00000007ad680000,0x00000007adac0090,0x00000007ae200000)
  to   space 11776K, 0% used [0x00000007acb00000,0x00000007acb00000,0x00000007ad680000)
 ParOldGen       total 44032K, used 20653K [0x0000000780000000, 0x0000000782b00000, 0x00000007aab00000)
  object space 44032K, 46% used [0x0000000780000000,0x000000078142b5e0,0x0000000782b00000)
 Metaspace       used 20575K, capacity 20763K, committed 21120K, reserved 1069056K
  class space    used 2044K, capacity 2112K, committed 2176K, reserved 1048576K
}

Deoptimization events (10 events):
Event: 10.184 Thread 0x00007ff5ac42d800 Uncommon trap: reason=unstable_if action=reinterpret pc=0x000000010593f36c method=java.lang.AbstractStringBuilder.append(Ljava/lang/String;)Ljava/lang/AbstractStringBuilder; @ 1
Event: 10.458 Thread 0x00007ff5ac42d800 Uncommon trap: reason=unstable_if action=reinterpret pc=0x0000000105b4d680 method=com.sun.org.apache.xerces.internal.impl.XMLEntityScanner.peekChar()I @ 14
Event: 10.473 Thread 0x00007ff5ac42d800 Uncommon trap: reason=unstable_if action=reinterpret pc=0x0000000105b4aa50 method=com.sun.org.apache.xerces.internal.impl.XMLEntityScanner.skipSpaces()Z @ 14
Event: 10.945 Thread 0x00007ff5ac42d800 Uncommon trap: reason=unstable_if action=reinterpret pc=0x0000000105bdab2c method=java.io.BufferedReader.readLine(Z)Ljava/lang/String; @ 160
Event: 10.945 Thread 0x00007ff5ac42d800 Uncommon trap: reason=unstable_if action=reinterpret pc=0x0000000105bd8bb8 method=java.io.BufferedReader.readLine(Z)Ljava/lang/String; @ 160
Event: 11.425 Thread 0x00007ff5ac42d800 Uncommon trap: reason=unstable_if action=reinterpret pc=0x0000000105c00ef0 method=sun.misc.FloatingDecimal.readJavaFormatString(Ljava/lang/String;)Lsun/misc/FloatingDecimal$ASCIIToBinaryConverter; @ 235
Event: 11.490 Thread 0x00007ff5ab7f6800 Uncommon trap: reason=unstable_if action=reinterpret pc=0x0000000105bdf220 method=java.lang.String.regionMatches(ZILjava/lang/String;II)Z @ 123
Event: 11.918 Thread 0x00007ff5ac42d800 Uncommon trap: reason=unstable_if action=reinterpret pc=0x0000000105956574 method=processing.opengl.Texture.convertToRGBA([IIII)V @ 281
Event: 64.184 Thread 0x00007ff5ac2f3000 Uncommon trap: reason=unstable_if action=reinterpret pc=0x0000000105cbe038 method=java.awt.font.FontRenderContext.equals(Ljava/awt/font/FontRenderContext;)Z @ 2
Event: 64.184 Thread 0x00007ff5ac2f3000 Uncommon trap: reason=unstable_if action=reinterpret pc=0x0000000105e8b20c method=java.awt.Font.equals(Ljava/lang/Object;)Z @ 2

Internal exceptions (10 events):
Event: 0.711 Thread 0x00007ff5ab80c800 Exception <a 'java/lang/NoSuchFieldError': method resolution failed> (0x00000007aacccfa8) thrown at [/Users/java_re/workspace/8-2-build-macosx-x86_64/jdk8u91/6644/hotspot/src/share/vm/prims/methodHandles.cpp, line 1146]
Event: 2.725 Thread 0x00007ff5ab80c800 Exception <a 'java/io/FileNotFoundException'> (0x00000007aad48f00) thrown at [/Users/java_re/workspace/8-2-build-macosx-x86_64/jdk8u91/6644/hotspot/src/share/vm/prims/jni.cpp, line 709]
Event: 2.725 Thread 0x00007ff5ab80c800 Exception <a 'java/io/FileNotFoundException'> (0x00000007aad49a48) thrown at [/Users/java_re/workspace/8-2-build-macosx-x86_64/jdk8u91/6644/hotspot/src/share/vm/prims/jni.cpp, line 709]
Event: 3.418 Thread 0x00007ff5ab80c800 Exception <a 'java/io/FileNotFoundException'> (0x00000007aae9d038) thrown at [/Users/java_re/workspace/8-2-build-macosx-x86_64/jdk8u91/6644/hotspot/src/share/vm/prims/jni.cpp, line 709]
Event: 8.254 Thread 0x00007ff5ab815800 Exception <a 'java/lang/NullPointerException'> (0x00000007aab8cac8) thrown at [/Users/java_re/workspace/8-2-build-macosx-x86_64/jdk8u91/6644/hotspot/src/share/vm/interpreter/linkResolver.cpp, line 1178]
Event: 8.717 Thread 0x00007ff5ac405800 Exception <a 'java/lang/UnsatisfiedLinkError': com.jogamp.common.util.JarUtil.fixNativeLibAttribs(Ljava/lang/String;)Z> (0x00000007aaf68b78) thrown at [/Users/java_re/workspace/8-2-build-macosx-x86_64/jdk8u91/6644/hotspot/src/share/vm/prims/nativeLookup.c
Event: 10.184 Thread 0x00007ff5ac42d800 Exception <a 'java/io/FileNotFoundException'> (0x00000007ab2f0bb8) thrown at [/Users/java_re/workspace/8-2-build-macosx-x86_64/jdk8u91/6644/hotspot/src/share/vm/prims/jni.cpp, line 709]
Event: 10.184 Thread 0x00007ff5ac42d800 Exception <a 'java/io/FileNotFoundException'> (0x00000007ab2f82d8) thrown at [/Users/java_re/workspace/8-2-build-macosx-x86_64/jdk8u91/6644/hotspot/src/share/vm/prims/jni.cpp, line 709]
Event: 10.184 Thread 0x00007ff5ac42d800 Implicit null exception at 0x000000010593eff5 to 0x000000010593f359
Event: 14.211 Thread 0x00007ff5ac42d800 Exception <a 'java/lang/NullPointerException'> (0x00000007aabd7018) thrown at [/Users/java_re/workspace/8-2-build-macosx-x86_64/jdk8u91/6644/hotspot/src/share/vm/interpreter/linkResolver.cpp, line 1178]

Events (10 events):
Event: 64.231 loading class java/awt/LightweightDispatcher$2 done
Event: 64.231 loading class java/awt/event/AWTEventListenerProxy
Event: 64.231 loading class java/awt/event/AWTEventListenerProxy done
Event: 64.231 loading class java/awt/Toolkit$ToolkitEventMulticaster
Event: 64.231 loading class java/awt/Toolkit$ToolkitEventMulticaster done
Event: 64.231 Executing VM operation: RevokeBias
Event: 64.231 Executing VM operation: RevokeBias done
Event: 64.232 Thread 0x00007ff5aba67800 Thread exited: 0x00007ff5aba67800
Event: 64.232 loading class java/awt/Window$1DisposeAction
Event: 64.232 loading class java/awt/Window$1DisposeAction done


Dynamic libraries:
0x0000000004167000 	/System/Library/Frameworks/Cocoa.framework/Versions/A/Cocoa
0x0000000004167000 	/System/Library/Frameworks/Security.framework/Versions/A/Security
0x0000000004167000 	/System/Library/Frameworks/ApplicationServices.framework/Versions/A/ApplicationServices
0x0000000004167000 	/usr/lib/libz.1.dylib
0x0000000004167000 	/usr/lib/libSystem.B.dylib
0x0000000004167000 	/usr/lib/libobjc.A.dylib
0x0000000004167000 	/System/Library/Frameworks/CoreFoundation.framework/Versions/A/CoreFoundation
0x0000000004167000 	/System/Library/Frameworks/Foundation.framework/Versions/C/Foundation
0x0000000004167000 	/System/Library/Frameworks/AppKit.framework/Versions/C/AppKit
0x0000000004167000 	/System/Library/Frameworks/CoreData.framework/Versions/A/CoreData
0x0000000004167000 	/System/Library/PrivateFrameworks/RemoteViewServices.framework/Versions/A/RemoteViewServices
0x0000000004167000 	/System/Library/PrivateFrameworks/UIFoundation.framework/Versions/A/UIFoundation
0x0000000004167000 	/usr/lib/libScreenReader.dylib
0x0000000004167000 	/System/Library/Frameworks/Accelerate.framework/Versions/A/Accelerate
0x0000000004167000 	/System/Library/Frameworks/IOSurface.framework/Versions/A/IOSurface
0x0000000004167000 	/System/Library/Frameworks/AudioToolbox.framework/Versions/A/AudioToolbox
0x0000000004167000 	/System/Library/Frameworks/AudioUnit.framework/Versions/A/AudioUnit
0x0000000004167000 	/System/Library/PrivateFrameworks/DataDetectorsCore.framework/Versions/A/DataDetectorsCore
0x0000000004167000 	/System/Library/PrivateFrameworks/DesktopServicesPriv.framework/Versions/A/DesktopServicesPriv
0x0000000004167000 	/System/Library/Frameworks/Carbon.framework/Versions/A/Frameworks/HIToolbox.framework/Versions/A/HIToolbox
0x0000000004167000 	/System/Library/Frameworks/QuartzCore.framework/Versions/A/QuartzCore
0x0000000004167000 	/System/Library/Frameworks/Carbon.framework/Versions/A/Frameworks/SpeechRecognition.framework/Versions/A/SpeechRecognition
0x0000000004167000 	/usr/lib/libauto.dylib
0x0000000004167000 	/usr/lib/libicucore.A.dylib
0x0000000004167000 	/usr/lib/libxml2.2.dylib
0x0000000004167000 	/System/Library/PrivateFrameworks/CoreUI.framework/Versions/A/CoreUI
0x0000000004167000 	/System/Library/Frameworks/CoreAudio.framework/Versions/A/CoreAudio
0x0000000004167000 	/System/Library/Frameworks/DiskArbitration.framework/Versions/A/DiskArbitration
0x0000000004167000 	/usr/lib/liblangid.dylib
0x0000000004167000 	/System/Library/PrivateFrameworks/MultitouchSupport.framework/Versions/A/MultitouchSupport
0x0000000004167000 	/System/Library/Frameworks/IOKit.framework/Versions/A/IOKit
0x0000000004167000 	/usr/lib/libDiagnosticMessagesClient.dylib
0x0000000004167000 	/System/Library/Frameworks/CoreServices.framework/Versions/A/CoreServices
0x0000000004167000 	/System/Library/PrivateFrameworks/PerformanceAnalysis.framework/Versions/A/PerformanceAnalysis
0x0000000004167000 	/System/Library/PrivateFrameworks/GenerationalStorage.framework/Versions/A/GenerationalStorage
0x0000000004167000 	/System/Library/Frameworks/OpenGL.framework/Versions/A/OpenGL
0x0000000004167000 	/System/Library/PrivateFrameworks/Sharing.framework/Versions/A/Sharing
0x0000000004167000 	/System/Library/Frameworks/CoreGraphics.framework/Versions/A/CoreGraphics
0x0000000004167000 	/System/Library/Frameworks/CoreImage.framework/Versions/A/CoreImage
0x0000000004167000 	/System/Library/Frameworks/CoreText.framework/Versions/A/CoreText
0x0000000004167000 	/System/Library/Frameworks/ImageIO.framework/Versions/A/ImageIO
0x0000000004167000 	/System/Library/PrivateFrameworks/Backup.framework/Versions/A/Backup
0x0000000004167000 	/usr/lib/libextension.dylib
0x0000000004167000 	/usr/lib/libarchive.2.dylib
0x0000000004167000 	/System/Library/Frameworks/CFNetwork.framework/Versions/A/CFNetwork
0x0000000004167000 	/System/Library/Frameworks/SystemConfiguration.framework/Versions/A/SystemConfiguration
0x0000000004167000 	/usr/lib/libCRFSuite.dylib
0x0000000004167000 	/usr/lib/libc++.1.dylib
0x0000000004167000 	/usr/lib/libc++abi.dylib
0x0000000004167000 	/usr/lib/system/libcache.dylib
0x0000000004167000 	/usr/lib/system/libcommonCrypto.dylib
0x0000000004167000 	/usr/lib/system/libcompiler_rt.dylib
0x0000000004167000 	/usr/lib/system/libcopyfile.dylib
0x0000000004167000 	/usr/lib/system/libcorecrypto.dylib
0x0000000004167000 	/usr/lib/system/libdispatch.dylib
0x0000000004167000 	/usr/lib/system/libdyld.dylib
0x0000000004167000 	/usr/lib/system/libkeymgr.dylib
0x0000000004167000 	/usr/lib/system/liblaunch.dylib
0x0000000004167000 	/usr/lib/system/libmacho.dylib
0x0000000004167000 	/usr/lib/system/libquarantine.dylib
0x0000000004167000 	/usr/lib/system/libremovefile.dylib
0x0000000004167000 	/usr/lib/system/libsystem_asl.dylib
0x0000000004167000 	/usr/lib/system/libsystem_blocks.dylib
0x0000000004167000 	/usr/lib/system/libsystem_c.dylib
0x0000000004167000 	/usr/lib/system/libsystem_configuration.dylib
0x0000000004167000 	/usr/lib/system/libsystem_coreservices.dylib
0x0000000004167000 	/usr/lib/system/libsystem_coretls.dylib
0x0000000004167000 	/usr/lib/system/libsystem_dnssd.dylib
0x0000000004167000 	/usr/lib/system/libsystem_info.dylib
0x0000000004167000 	/usr/lib/system/libsystem_kernel.dylib
0x0000000004167000 	/usr/lib/system/libsystem_m.dylib
0x0000000004167000 	/usr/lib/system/libsystem_malloc.dylib
0x0000000004167000 	/usr/lib/system/libsystem_network.dylib
0x0000000004167000 	/usr/lib/system/libsystem_networkextension.dylib
0x0000000004167000 	/usr/lib/system/libsystem_notify.dylib
0x0000000004167000 	/usr/lib/system/libsystem_platform.dylib
0x0000000004167000 	/usr/lib/system/libsystem_pthread.dylib
0x0000000004167000 	/usr/lib/system/libsystem_sandbox.dylib
0x0000000004167000 	/usr/lib/system/libsystem_secinit.dylib
0x0000000004167000 	/usr/lib/system/libsystem_trace.dylib
0x0000000004167000 	/usr/lib/system/libunc.dylib
0x0000000004167000 	/usr/lib/system/libunwind.dylib
0x0000000004167000 	/usr/lib/system/libxpc.dylib
0x0000000004167000 	/usr/lib/libenergytrace.dylib
0x0000000004167000 	/usr/lib/libbsm.0.dylib
0x0000000004167000 	/usr/lib/system/libkxld.dylib
0x0000000004167000 	/usr/lib/libxar.1.dylib
0x0000000004167000 	/usr/lib/libsqlite3.dylib
0x0000000004167000 	/usr/lib/libpam.2.dylib
0x0000000004167000 	/usr/lib/libOpenScriptingUtil.dylib
0x0000000004167000 	/usr/lib/libbz2.1.0.dylib
0x0000000004167000 	/usr/lib/liblzma.5.dylib
0x0000000004167000 	/System/Library/Frameworks/CoreServices.framework/Versions/A/Frameworks/FSEvents.framework/Versions/A/FSEvents
0x0000000004167000 	/System/Library/Frameworks/CoreServices.framework/Versions/A/Frameworks/CarbonCore.framework/Versions/A/CarbonCore
0x0000000004167000 	/System/Library/Frameworks/CoreServices.framework/Versions/A/Frameworks/Metadata.framework/Versions/A/Metadata
0x0000000004167000 	/System/Library/Frameworks/CoreServices.framework/Versions/A/Frameworks/OSServices.framework/Versions/A/OSServices
0x0000000004167000 	/System/Library/Frameworks/CoreServices.framework/Versions/A/Frameworks/SearchKit.framework/Versions/A/SearchKit
0x0000000004167000 	/System/Library/Frameworks/CoreServices.framework/Versions/A/Frameworks/AE.framework/Versions/A/AE
0x0000000004167000 	/System/Library/Frameworks/CoreServices.framework/Versions/A/Frameworks/LaunchServices.framework/Versions/A/LaunchServices
0x0000000004167000 	/System/Library/Frameworks/CoreServices.framework/Versions/A/Frameworks/DictionaryServices.framework/Versions/A/DictionaryServices
0x0000000004167000 	/System/Library/Frameworks/CoreServices.framework/Versions/A/Frameworks/SharedFileList.framework/Versions/A/SharedFileList
0x0000000004167000 	/System/Library/Frameworks/NetFS.framework/Versions/A/NetFS
0x0000000004167000 	/System/Library/PrivateFrameworks/NetAuth.framework/Versions/A/NetAuth
0x0000000004167000 	/System/Library/PrivateFrameworks/login.framework/Versions/A/Frameworks/loginsupport.framework/Versions/A/loginsupport
0x0000000004167000 	/System/Library/PrivateFrameworks/TCC.framework/Versions/A/TCC
0x0000000004167000 	/usr/lib/libmecabra.dylib
0x0000000004167000 	/System/Library/Frameworks/ApplicationServices.framework/Versions/A/Frameworks/ATS.framework/Versions/A/ATS
0x0000000004167000 	/System/Library/Frameworks/ApplicationServices.framework/Versions/A/Frameworks/ColorSync.framework/Versions/A/ColorSync
0x0000000004167000 	/System/Library/Frameworks/ApplicationServices.framework/Versions/A/Frameworks/HIServices.framework/Versions/A/HIServices
0x0000000004167000 	/System/Library/Frameworks/ApplicationServices.framework/Versions/A/Frameworks/LangAnalysis.framework/Versions/A/LangAnalysis
0x0000000004167000 	/System/Library/Frameworks/ApplicationServices.framework/Versions/A/Frameworks/PrintCore.framework/Versions/A/PrintCore
0x0000000004167000 	/System/Library/Frameworks/ApplicationServices.framework/Versions/A/Frameworks/QD.framework/Versions/A/QD
0x0000000004167000 	/System/Library/Frameworks/ApplicationServices.framework/Versions/A/Frameworks/SpeechSynthesis.framework/Versions/A/SpeechSynthesis
0x0000000004167000 	/System/Library/Frameworks/Metal.framework/Versions/A/Metal
0x0000000004167000 	/System/Library/Frameworks/Accelerate.framework/Versions/A/Frameworks/vImage.framework/Versions/A/vImage
0x0000000004167000 	/System/Library/Frameworks/Accelerate.framework/Versions/A/Frameworks/vecLib.framework/Versions/A/vecLib
0x0000000004167000 	/System/Library/Frameworks/Accelerate.framework/Versions/A/Frameworks/vecLib.framework/Versions/A/libvDSP.dylib
0x0000000004167000 	/System/Library/Frameworks/Accelerate.framework/Versions/A/Frameworks/vecLib.framework/Versions/A/libvMisc.dylib
0x0000000004167000 	/System/Library/Frameworks/Accelerate.framework/Versions/A/Frameworks/vecLib.framework/Versions/A/libLAPACK.dylib
0x0000000004167000 	/System/Library/Frameworks/Accelerate.framework/Versions/A/Frameworks/vecLib.framework/Versions/A/libBLAS.dylib
0x0000000004167000 	/System/Library/Frameworks/Accelerate.framework/Versions/A/Frameworks/vecLib.framework/Versions/A/libLinearAlgebra.dylib
0x0000000004167000 	/System/Library/Frameworks/Accelerate.framework/Versions/A/Frameworks/vecLib.framework/Versions/A/libSparseBLAS.dylib
0x0000000004167000 	/System/Library/PrivateFrameworks/GPUCompiler.framework/libmetal_timestamp.dylib
0x0000000004167000 	/System/Library/Frameworks/OpenGL.framework/Versions/A/Libraries/libCoreFSCache.dylib
0x0000000004167000 	/System/Library/PrivateFrameworks/IOAccelerator.framework/Versions/A/IOAccelerator
0x0000000004167000 	/System/Library/Frameworks/ApplicationServices.framework/Versions/A/Frameworks/ATS.framework/Versions/A/Resources/libFontParser.dylib
0x0000000004167000 	/System/Library/Frameworks/ApplicationServices.framework/Versions/A/Frameworks/ATS.framework/Versions/A/Resources/libFontRegistry.dylib
0x0000000004167000 	/System/Library/PrivateFrameworks/AppleVPA.framework/Versions/A/AppleVPA
0x0000000004167000 	/System/Library/PrivateFrameworks/AppleJPEG.framework/Versions/A/AppleJPEG
0x0000000004167000 	/System/Library/Frameworks/ImageIO.framework/Versions/A/Resources/libJPEG.dylib
0x0000000004167000 	/System/Library/Frameworks/ImageIO.framework/Versions/A/Resources/libTIFF.dylib
0x0000000004167000 	/System/Library/Frameworks/ImageIO.framework/Versions/A/Resources/libPng.dylib
0x0000000004167000 	/System/Library/Frameworks/ImageIO.framework/Versions/A/Resources/libGIF.dylib
0x0000000004167000 	/System/Library/Frameworks/ImageIO.framework/Versions/A/Resources/libJP2.dylib
0x0000000004167000 	/System/Library/Frameworks/ImageIO.framework/Versions/A/Resources/libRadiance.dylib
0x0000000004167000 	/System/Library/Frameworks/CoreVideo.framework/Versions/A/CoreVideo
0x0000000004167000 	/System/Library/Frameworks/OpenGL.framework/Versions/A/Libraries/libGLU.dylib
0x0000000004167000 	/System/Library/Frameworks/OpenGL.framework/Versions/A/Libraries/libGFXShared.dylib
0x0000000004167000 	/System/Library/Frameworks/OpenGL.framework/Versions/A/Libraries/libGL.dylib
0x0000000004167000 	/System/Library/Frameworks/OpenGL.framework/Versions/A/Libraries/libGLImage.dylib
0x0000000004167000 	/System/Library/Frameworks/OpenGL.framework/Versions/A/Libraries/libCVMSPluginSupport.dylib
0x0000000004167000 	/System/Library/Frameworks/OpenGL.framework/Versions/A/Libraries/libCoreVMClient.dylib
0x0000000004167000 	/usr/lib/libcompression.dylib
0x0000000004167000 	/usr/lib/libcups.2.dylib
0x0000000004167000 	/System/Library/Frameworks/Kerberos.framework/Versions/A/Kerberos
0x0000000004167000 	/System/Library/Frameworks/GSS.framework/Versions/A/GSS
0x0000000004167000 	/usr/lib/libresolv.9.dylib
0x0000000004167000 	/usr/lib/libiconv.2.dylib
0x0000000004167000 	/System/Library/PrivateFrameworks/Heimdal.framework/Versions/A/Heimdal
0x0000000004167000 	/usr/lib/libheimdal-asn1.dylib
0x0000000004167000 	/System/Library/Frameworks/OpenDirectory.framework/Versions/A/OpenDirectory
0x0000000004167000 	/System/Library/PrivateFrameworks/CommonAuth.framework/Versions/A/CommonAuth
0x0000000004167000 	/System/Library/Frameworks/OpenDirectory.framework/Versions/A/Frameworks/CFOpenDirectory.framework/Versions/A/CFOpenDirectory
0x0000000004167000 	/System/Library/Frameworks/SecurityFoundation.framework/Versions/A/SecurityFoundation
0x0000000004167000 	/System/Library/PrivateFrameworks/LanguageModeling.framework/Versions/A/LanguageModeling
0x0000000004167000 	/usr/lib/libmarisa.dylib
0x0000000004167000 	/usr/lib/libChineseTokenizer.dylib
0x0000000004167000 	/usr/lib/libcmph.dylib
0x0000000004167000 	/System/Library/Frameworks/ServiceManagement.framework/Versions/A/ServiceManagement
0x0000000004167000 	/usr/lib/libxslt.1.dylib
0x0000000004167000 	/System/Library/Frameworks/Carbon.framework/Versions/A/Frameworks/Ink.framework/Versions/A/Ink
0x0000000004167000 	/usr/lib/libFosl_dynamic.dylib
0x0000000004167000 	/System/Library/PrivateFrameworks/FaceCore.framework/Versions/A/FaceCore
0x0000000004167000 	/System/Library/Frameworks/OpenCL.framework/Versions/A/OpenCL
0x0000000004167000 	/System/Library/PrivateFrameworks/CrashReporterSupport.framework/Versions/A/CrashReporterSupport
0x0000000004167000 	/System/Library/PrivateFrameworks/IconServices.framework/Versions/A/IconServices
0x0000000004167000 	/System/Library/PrivateFrameworks/Apple80211.framework/Versions/A/Apple80211
0x0000000004167000 	/System/Library/Frameworks/CoreWLAN.framework/Versions/A/CoreWLAN
0x0000000004167000 	/System/Library/Frameworks/IOBluetooth.framework/Versions/A/IOBluetooth
0x0000000004167000 	/System/Library/PrivateFrameworks/CoreWiFi.framework/Versions/A/CoreWiFi
0x0000000004167000 	/System/Library/Frameworks/CoreBluetooth.framework/Versions/A/CoreBluetooth
0x0000000004167000 	/System/Library/PrivateFrameworks/ChunkingLibrary.framework/Versions/A/ChunkingLibrary
0x0000000004167000 	/System/Library/PrivateFrameworks/DebugSymbols.framework/Versions/A/DebugSymbols
0x0000000004167000 	/System/Library/PrivateFrameworks/CoreSymbolication.framework/Versions/A/CoreSymbolication
0x0000000004167000 	/System/Library/PrivateFrameworks/Symbolication.framework/Versions/A/Symbolication
0x0000000004167000 	/System/Library/PrivateFrameworks/SpeechRecognitionCore.framework/Versions/A/SpeechRecognitionCore
0x0000000104800000 	/Library/Java/JavaVirtualMachines/jdk1.8.0_91.jdk/Contents/Home/jre/lib/server/libjvm.dylib
0x0000000004167000 	/usr/lib/libstdc++.6.dylib
0x0000000103eaf000 	/Library/Java/JavaVirtualMachines/jdk1.8.0_91.jdk/Contents/Home/jre/lib/libverify.dylib
0x0000000103ebd000 	/Library/Java/JavaVirtualMachines/jdk1.8.0_91.jdk/Contents/Home/jre/lib/libjava.dylib
0x0000000103efc000 	/Library/Java/JavaVirtualMachines/jdk1.8.0_91.jdk/Contents/Home/jre/lib/libzip.dylib
0x0000000118aa5000 	/System/Library/Frameworks/JavaVM.framework/Frameworks/JavaRuntimeSupport.framework/JavaRuntimeSupport
0x0000000118ac0000 	/System/Library/Frameworks/JavaVM.framework/Versions/A/Frameworks/JavaNativeFoundation.framework/Versions/A/JavaNativeFoundation
0x0000000103fee000 	/System/Library/Frameworks/JavaVM.framework/Versions/A/JavaVM
0x0000000004167000 	/System/Library/Frameworks/Carbon.framework/Versions/A/Carbon
0x0000000118ad5000 	/System/Library/PrivateFrameworks/JavaLaunching.framework/Versions/A/JavaLaunching
0x0000000004167000 	/System/Library/Frameworks/Carbon.framework/Versions/A/Frameworks/CommonPanels.framework/Versions/A/CommonPanels
0x0000000004167000 	/System/Library/Frameworks/Carbon.framework/Versions/A/Frameworks/Help.framework/Versions/A/Help
0x0000000004167000 	/System/Library/Frameworks/Carbon.framework/Versions/A/Frameworks/ImageCapture.framework/Versions/A/ImageCapture
0x0000000004167000 	/System/Library/Frameworks/Carbon.framework/Versions/A/Frameworks/OpenScripting.framework/Versions/A/OpenScripting
0x0000000004167000 	/System/Library/Frameworks/Carbon.framework/Versions/A/Frameworks/Print.framework/Versions/A/Print
0x0000000004167000 	/System/Library/Frameworks/Carbon.framework/Versions/A/Frameworks/SecurityHI.framework/Versions/A/SecurityHI
0x000000011a404000 	/Library/Java/JavaVirtualMachines/jdk1.8.0_91.jdk/Contents/Home/jre/lib/libawt.dylib
0x000000011a4ac000 	/Library/Java/JavaVirtualMachines/jdk1.8.0_91.jdk/Contents/Home/jre/lib/./libmlib_image.dylib
0x000000011a578000 	/Library/Java/JavaVirtualMachines/jdk1.8.0_91.jdk/Contents/Home/jre/lib/libawt_lwawt.dylib
0x000000011a62d000 	/Library/Java/JavaVirtualMachines/jdk1.8.0_91.jdk/Contents/Home/jre/lib/./libosxapp.dylib
0x0000000004167000 	/System/Library/Frameworks/ExceptionHandling.framework/Versions/A/ExceptionHandling
0x0000000004167000 	/System/Library/PrivateFrameworks/CoreServicesInternal.framework/Versions/A/CoreServicesInternal
0x0000000004167000 	/System/Library/Frameworks/CoreGraphics.framework/Versions/A/Resources/libRIP.A.dylib
0x000000011adf2000 	/System/Library/Frameworks/Accelerate.framework/Frameworks/vImage.framework/Versions/A/Libraries/libCGInterfaces.dylib
0x0000000004167000 	/System/Library/Frameworks/CoreGraphics.framework/Versions/A/Resources/libCGXType.A.dylib
0x0000000004167000 	/System/Library/Frameworks/OpenCL.framework/Versions/A/Libraries/libcldcpuengine.dylib
0x0000000004167000 	/System/Library/PrivateFrameworks/DiskImages.framework/Versions/A/DiskImages
0x0000000004167000 	/System/Library/Frameworks/DiscRecording.framework/Versions/A/DiscRecording
0x0000000004167000 	/usr/lib/libcsfde.dylib
0x0000000004167000 	/usr/lib/libcurl.4.dylib
0x0000000004167000 	/System/Library/PrivateFrameworks/MediaKit.framework/Versions/A/MediaKit
0x0000000004167000 	/System/Library/PrivateFrameworks/ProtectedCloudStorage.framework/Versions/A/ProtectedCloudStorage
0x0000000004167000 	/usr/lib/libCoreStorage.dylib
0x0000000004167000 	/System/Library/PrivateFrameworks/EFILogin.framework/Versions/A/EFILogin
0x0000000004167000 	/usr/lib/libutil.dylib
0x0000000004167000 	/System/Library/PrivateFrameworks/FindMyDevice.framework/Versions/A/FindMyDevice
0x0000000004167000 	/System/Library/Frameworks/LDAP.framework/Versions/A/LDAP
0x0000000004167000 	/usr/lib/libsasl2.2.dylib
0x0000000004167000 	/System/Library/PrivateFrameworks/CoreDaemon.framework/Versions/B/CoreDaemon
0x0000000004167000 	/usr/lib/libcrypto.0.9.8.dylib
0x0000000004167000 	/System/Library/PrivateFrameworks/AppleSRP.framework/Versions/A/AppleSRP
0x0000000004167000 	/System/Library/PrivateFrameworks/TrustEvaluationAgent.framework/Versions/A/TrustEvaluationAgent
0x000000011b3e3000 	cl_kernels
0x0000000004167000 	/System/Library/Frameworks/OpenCL.framework/Versions/A/Libraries/ImageFormats/unorm8_bgra.dylib
0x0000000004167000 	/System/Library/Frameworks/OpenCL.framework/Versions/A/Libraries/ImageFormats/unorm8_rgba.dylib
0x0000000004167000 	/System/Library/PrivateFrameworks/FamilyControls.framework/Versions/A/FamilyControls
0x0000000004167000 	/System/Library/PrivateFrameworks/CommerceKit.framework/Versions/A/Frameworks/CommerceCore.framework/Versions/A/CommerceCore
0x0000000004167000 	/System/Library/PrivateFrameworks/SystemAdministration.framework/Versions/A/SystemAdministration
0x0000000004167000 	/System/Library/PrivateFrameworks/AppContainer.framework/Versions/A/AppContainer
0x0000000004167000 	/System/Library/PrivateFrameworks/SecCodeWrapper.framework/Versions/A/SecCodeWrapper
0x0000000004167000 	/System/Library/Frameworks/DirectoryService.framework/Versions/A/DirectoryService
0x0000000004167000 	/System/Library/PrivateFrameworks/LoginUIKit.framework/Versions/A/Frameworks/LoginUICore.framework/Versions/A/LoginUICore
0x0000000004167000 	/usr/lib/libodfde.dylib
0x000000011d158000 	/System/Library/Frameworks/OpenGL.framework/Resources/GLEngine.bundle/GLEngine
0x0000000004167000 	/System/Library/Frameworks/OpenGL.framework/Versions/A/Libraries/libGLProgrammability.dylib
0x000000011d340000 	/System/Library/Extensions/AppleIntelHD4000GraphicsGLDriver.bundle/Contents/MacOS/AppleIntelHD4000GraphicsGLDriver
0x0000000004167000 	/System/Library/PrivateFrameworks/GPUSupport.framework/Versions/A/Libraries/libGPUSupportMercury.dylib
0x000000011b42c000 	/System/Library/Frameworks/OpenGL.framework/Resources//GLRendererFloat.bundle/GLRendererFloat
0x000000011e222000 	/Library/Java/JavaVirtualMachines/jdk1.8.0_91.jdk/Contents/Home/jre/lib/libfontmanager.dylib
0x000000011f6e3000 	/Library/Java/JavaVirtualMachines/jdk1.8.0_91.jdk/Contents/Home/jre/lib/libosxui.dylib
0x0000000120164000 	/Library/Java/JavaVirtualMachines/jdk1.8.0_91.jdk/Contents/Home/jre/lib/libnet.dylib
0x000000012017b000 	/Library/Java/JavaVirtualMachines/jdk1.8.0_91.jdk/Contents/Home/jre/lib/libnio.dylib
0x0000000004167000 	/System/Library/Frameworks/ApplicationServices.framework/Versions/A/Frameworks/ATS.framework/Versions/A/Resources/libTrueTypeScaler.dylib
0x000000018b19f000 	/System/Library/Extensions/AppleIntelHD4000GraphicsMTLDriver.bundle/Contents/MacOS/AppleIntelHD4000GraphicsMTLDriver
0x000000011b0d8000 	/private/var/folders/4w/145m28yn38q3_fgsdcq__sr40000gn/T/jogamp_0000/file_cache/jln9056342451097540358/jln7716986859426816890/libgluegen-rt.jnilib
0x000000011b0dc000 	/private/var/folders/4w/145m28yn38q3_fgsdcq__sr40000gn/T/jogamp_0000/file_cache/jln9056342451097540358/jln7716986859426816890/libnativewindow_awt.jnilib
0x000000011b0df000 	/Library/Java/JavaVirtualMachines/jdk1.8.0_91.jdk/Contents/Home/jre/lib/libjawt.dylib
0x000000011b0e2000 	/private/var/folders/4w/145m28yn38q3_fgsdcq__sr40000gn/T/jogamp_0000/file_cache/jln9056342451097540358/jln7716986859426816890/libnativewindow_macosx.jnilib
0x000000018d38b000 	/private/var/folders/4w/145m28yn38q3_fgsdcq__sr40000gn/T/jogamp_0000/file_cache/jln9056342451097540358/jln7716986859426816890/libjogl_desktop.jnilib
0x000000011c077000 	/Library/Java/JavaVirtualMachines/jdk1.8.0_91.jdk/Contents/Home/jre/lib/libt2k.dylib

VM Arguments:
jvm_args: -Djava.security.policy=java.policy.applet -Dfile.encoding=UTF-8 
java_command: sun.applet.AppletViewer toolPackage.EarthQuakeMap1466524418727.html
java_class_path (initial): /Users/Steven/Documents/workspace/GoogleMapDataDisplayer/bin:/Users/Steven/Documents/workspace/UCSDUnfoldingMaps/lib/core.jar:/Users/Steven/Documents/workspace/UCSDUnfoldingMaps/lib/json4processing.jar:/Users/Steven/Documents/workspace/UCSDUnfoldingMaps/lib/unfolding.0.9.7-uscd.jar:/Users/Steven/Documents/workspace/UCSDUnfoldingMaps/lib/gluegen-rt-natives-linux-amd64.jar:/Users/Steven/Documents/workspace/UCSDUnfoldingMaps/lib/gluegen-rt-natives-linux-armv6hf.jar:/Users/Steven/Documents/workspace/UCSDUnfoldingMaps/lib/gluegen-rt-natives-linux-i586.jar:/Users/Steven/Documents/workspace/UCSDUnfoldingMaps/lib/gluegen-rt-natives-macosx-universal.jar:/Users/Steven/Documents/workspace/UCSDUnfoldingMaps/lib/gluegen-rt-natives-windows-amd64.jar:/Users/Steven/Documents/workspace/UCSDUnfoldingMaps/lib/gluegen-rt-natives-windows-i586.jar:/Users/Steven/Documents/workspace/UCSDUnfoldingMaps/lib/gluegen-rt.jar:/Users/Steven/Documents/workspace/UCSDUnfoldingMaps/lib/jogl-all-natives-linux-amd64.jar:/Users/Steven/Documents/workspace/UCSDUnfoldingMaps/lib/jogl-all-natives-linux-armv6hf.jar:/Users/Steven/Documents/workspace/UCSDUnfoldingMaps/lib/jogl-all-natives-linux-i586.jar:/Users/Steven/Documents/workspace/UCSDUnfoldingMaps/lib/jogl-all-natives-macosx-universal.jar:/Users/Steven/Documents/workspace/UCSDUnfoldingMaps/lib/jogl-all-natives-windows-amd64.jar:/Users/Steven/Documents/workspace/UCSDUnfoldingMaps/lib/jogl-all-natives-windows-i586.jar:/Users/Steven/Documents/workspace/UCSDUnfoldingMaps/lib/jogl-all.jar:/Users/Steven/Documents/workspace/UCSDUnfoldingMaps/lib/libTUIO.jar:/Users/Steven/Documents/workspace/UCSDUnfoldingMaps/lib/log4j-1.2.15.jar:/Users/Steven/Documents/workspace/UCSDUnfoldingMaps/lib/sqlite-jdbc-3.7.2.jar
Launcher Type: SUN_STANDARD

Environment Variables:
PATH=/usr/bin:/bin:/usr/sbin:/sbin
SHELL=/bin/bash
DISPLAY=/private/tmp/com.apple.launchd.otBJ7X57rx/org.macosforge.xquartz:0

Signal Handlers:
SIGSEGV: [libjvm.dylib+0x5a97a1], sa_mask[0]=11111111011111110111111111111111, sa_flags=SA_ONSTACK|SA_RESTART|SA_SIGINFO
SIGBUS: [libjvm.dylib+0x5a97a1], sa_mask[0]=11111111011111110111111111111111, sa_flags=SA_RESTART|SA_SIGINFO
SIGFPE: [libjvm.dylib+0x482594], sa_mask[0]=11111111011111110111111111111111, sa_flags=SA_RESTART|SA_SIGINFO
SIGPIPE: [libjvm.dylib+0x482594], sa_mask[0]=11111111011111110111111111111111, sa_flags=SA_RESTART|SA_SIGINFO
SIGXFSZ: [libjvm.dylib+0x482594], sa_mask[0]=11111111011111110111111111111111, sa_flags=SA_RESTART|SA_SIGINFO
SIGILL: [libjvm.dylib+0x482594], sa_mask[0]=11111111011111110111111111111111, sa_flags=SA_RESTART|SA_SIGINFO
SIGUSR1: SIG_DFL, sa_mask[0]=00000000000000000000000000000000, sa_flags=none
SIGUSR2: [libjvm.dylib+0x4820b2], sa_mask[0]=00100000000000000000000000000000, sa_flags=SA_RESTART|SA_SIGINFO
SIGHUP: [libjvm.dylib+0x480689], sa_mask[0]=11111111011111110111111111111111, sa_flags=SA_RESTART|SA_SIGINFO
SIGINT: [libjvm.dylib+0x480689], sa_mask[0]=11111111011111110111111111111111, sa_flags=SA_RESTART|SA_SIGINFO
SIGTERM: [libjvm.dylib+0x480689], sa_mask[0]=11111111011111110111111111111111, sa_flags=SA_RESTART|SA_SIGINFO
SIGQUIT: [libjvm.dylib+0x480689], sa_mask[0]=11111111011111110111111111111111, sa_flags=SA_RESTART|SA_SIGINFO


---------------  S Y S T E M  ---------------

OS:Bsduname:Darwin 15.5.0 Darwin Kernel Version 15.5.0: Tue Apr 19 18:36:36 PDT 2016; root:xnu-3248.50.21~8/RELEASE_X86_64 x86_64
rlimit: STACK 8192k, CORE 0k, NPROC 709, NOFILE 10240, AS infinity
load average:1.51 1.78 1.92

CPU:total 4 (2 cores per cpu, 2 threads per core) family 6 model 58 stepping 9, cmov, cx8, fxsr, mmx, sse, sse2, sse3, ssse3, sse4.1, sse4.2, popcnt, avx, aes, clmul, erms, ht, tsc, tscinvbit, tscinv

Memory: 4k page, physical 4194304k(103664k free)

/proc/meminfo:


vm_info: Java HotSpot(TM) 64-Bit Server VM (25.91-b14) for bsd-amd64 JRE (1.8.0_91-b14), built on Apr  1 2016 01:03:00 by "java_re" with gcc 4.2.1 (Based on Apple Inc. build 5658) (LLVM build 2336.11.00)

time: Tue Jun 21 11:54:43 2016
elapsed time: 64 seconds (0d 0h 1m 4s)

