#
# A fatal error has been detected by the Java Runtime Environment:
#
#  SIGSEGV (0xb) at pc=0x00007fff92d324dd, pid=18766, tid=2571
#
# JRE version: Java(TM) SE Runtime Environment (8.0_91-b14) (build 1.8.0_91-b14)
# Java VM: Java HotSpot(TM) 64-Bit Server VM (25.91-b14 mixed mode bsd-amd64 compressed oops)
# Problematic frame:
# C  [libobjc.A.dylib+0x14dd]  objc_msgSend+0x1d
#
# Failed to write core dump. Core dumps have been disabled. To enable core dumping, try "ulimit -c unlimited" before starting Java again
#
# If you would like to submit a bug report, please visit:
#   http://bugreport.java.com/bugreport/crash.jsp
# The crash happened outside the Java Virtual Machine in native code.
# See problematic frame for where to report the bug.
#

---------------  T H R E A D  ---------------

Current thread (0x00007fb9ca18c000):  JavaThread "AWT-AppKit" daemon [_thread_in_native, id=2571, stack(0x00007fff5e2bb000,0x00007fff5eabb000)]

siginfo: si_signo: 11 (SIGSEGV), si_code: 1 (SEGV_MAPERR), si_addr: 0x000007fb9c9c6740

Registers:
RAX=0x00007fb9cdabc580, RBX=0x00000001885bb450, RCX=0x00000001186162e0, RDX=0x0000000118616580
RSP=0x00007fff5eab5ee8, RBP=0x00007fff5eab5fa0, RSI=0x00007fff979d2cde, RDI=0x00007fb9c9db9e50
R8 =0x0000000000000000, R9 =0x00000000000008b0, R10=0x00007fff979d2cde, R11=0x000007fb9c9c6728
R12=0x0000000000000000, R13=0x000000018a48f998, R14=0x00000001885bb440, R15=0x00007fb9ca18c000
RIP=0x00007fff92d324dd, EFLAGS=0x0000000000010206, ERR=0x0000000000000004
  TRAPNO=0x000000000000000e

Top of Stack: (sp=0x00007fff5eab5ee8)
0x00007fff5eab5ee8:   00000001885b9157 00007fff5eab5f40
0x00007fff5eab5ef8:   0000000000000003 00007fff5eab5f20
0x00007fff5eab5f08:   0000000101df24ea 000000018a48f998
0x00007fff5eab5f18:   000000018a48f998 00007fb9cdabc580
0x00007fff5eab5f28:   00000001885bb6a0 00000001885bb710
0x00007fff5eab5f38:   00007fff74305770 00007fff770fa500
0x00007fff5eab5f48:   00000001885bb450 00000001885bb690
0x00007fff5eab5f58:   00007fb9cdabc580 00007fb9c9db9e50
0x00007fff5eab5f68:   00007fb9c9e4eea0 00007fb9cdabc580
0x00007fff5eab5f78:   00007fb9c9db9e50 00007fff5eab6028
0x00007fff5eab5f88:   00007fb9ca18c1f8 000000018a48f998
0x00007fff5eab5f98:   00007fff5eab6050 00007fff5eab6018
0x00007fff5eab5fa8:   0000000102be09d4 000000018a48f998
0x00007fff5eab5fb8:   00007fff5eab6050 00007fff5eab6018
0x00007fff5eab5fc8:   0000000102be0767 0000000102be0722
0x00007fff5eab5fd8:   00007fff5eab5fd8 000000018a48f998
0x00007fff5eab5fe8:   00007fff5eab6050 000000018a4b3028
0x00007fff5eab5ff8:   0000000000000000 000000018a48f998
0x00007fff5eab6008:   0000000000000000 00007fff5eab6038
0x00007fff5eab6018:   00007fff5eab6098 0000000102bd12bd
0x00007fff5eab6028:   0000000780898820 0000000102bda538
0x00007fff5eab6038:   00007fb9cdabc580 00007fff5eab6098
0x00007fff5eab6048:   00007fb9c9db9e50 0000000102bdbe02
0x00007fff5eab6058:   00007fff5eab6058 000000018a48fb62
0x00007fff5eab6068:   00007fff5eab60c0 000000018a4b3028
0x00007fff5eab6078:   0000000000000000 000000018a48fb70
0x00007fff5eab6088:   00007fff5eab6038 00007fff5eab60a8
0x00007fff5eab6098:   00007fff5eab6108 0000000102bd12bd
0x00007fff5eab60a8:   00007fb9cdabc580 000000078086d9f0
0x00007fff5eab60b8:   00007fb9c9db9e50 000000078086d9f0
0x00007fff5eab60c8:   00007fff5eab60c8 00000001922d102e
0x00007fff5eab60d8:   00007fff5eab6118 00000001922d10e8 

Instructions: (pc=0x00007fff92d324dd)
0x00007fff92d324bd:   44 00 00 48 85 ff 2e 74 62 40 f6 c7 01 2e 75 66
0x00007fff92d324cd:   49 bb f8 ff ff ff ff 7f 00 00 4c 23 1f 49 89 f2
0x00007fff92d324dd:   45 23 53 18 49 c1 e2 04 4d 03 53 10 49 3b 32 75
0x00007fff92d324ed:   04 41 ff 62 08 49 83 3a 01 76 0d 49 83 c2 10 49 

Register to memory mapping:

RAX=0x00007fb9cdabc580 is an unknown value
RBX=0x00000001885bb450: Java_jogamp_nativewindow_macosx_OSXUtil_GetScreenRefreshRate0+0x1cf0 in /private/var/folders/4w/145m28yn38q3_fgsdcq__sr40000gn/T/jogamp_0000/file_cache/jln8426460518057160607/jln5122063569699368757/libnativewindow_macosx.jnilib at 0x00000001885b4000
RCX=0x00000001186162e0 is an unknown value
RDX=0x0000000118616580 is an unknown value
RSP=0x00007fff5eab5ee8 is pointing into the stack for thread: 0x00007fb9ca18c000
RBP=0x00007fff5eab5fa0 is pointing into the stack for thread: 0x00007fb9ca18c000
RSI=0x00007fff979d2cde is an unknown value
RDI=0x00007fb9c9db9e50 is an unknown value
R8 =0x0000000000000000 is an unknown value
R9 =0x00000000000008b0 is an unknown value
R10=0x00007fff979d2cde is an unknown value
R11=0x000007fb9c9c6728 is an unknown value
R12=0x0000000000000000 is an unknown value
R13={method} {0x000000018a48f998} 'UnsetJAWTRootSurfaceLayer0' '(JJ)V' in 'jogamp/nativewindow/jawt/macosx/MacOSXJAWTWindow'
R14=0x00000001885bb440: Java_jogamp_nativewindow_macosx_OSXUtil_GetScreenRefreshRate0+0x1ce0 in /private/var/folders/4w/145m28yn38q3_fgsdcq__sr40000gn/T/jogamp_0000/file_cache/jln8426460518057160607/jln5122063569699368757/libnativewindow_macosx.jnilib at 0x00000001885b4000
R15=0x00007fb9ca18c000 is a thread


Stack: [0x00007fff5e2bb000,0x00007fff5eabb000],  sp=0x00007fff5eab5ee8,  free space=8171k
Native frames: (J=compiled Java code, j=interpreted, Vv=VM code, C=native code)
C  [libobjc.A.dylib+0x14dd]  objc_msgSend+0x1d
j  jogamp.nativewindow.jawt.macosx.MacOSXJAWTWindow.UnsetJAWTRootSurfaceLayer0(JJ)V+0
j  jogamp.nativewindow.jawt.macosx.MacOSXJAWTWindow.access$200(JJ)V+2
j  jogamp.nativewindow.jawt.macosx.MacOSXJAWTWindow$1.run()V+38
J 2487 C1 com.jogamp.common.util.RunnableTask.run()V (345 bytes) @ 0x0000000103378794 [0x0000000103378600+0x194]
v  ~StubRoutines::call_stub
V  [libjvm.dylib+0x2ec1e6]  JavaCalls::call_helper(JavaValue*, methodHandle*, JavaCallArguments*, Thread*)+0x6ae
V  [libjvm.dylib+0x323355]  jni_invoke_nonstatic(JNIEnv_*, JavaValue*, _jobject*, JNICallType, _jmethodID*, JNI_ArgumentPusher*, Thread*)+0x2ec
V  [libjvm.dylib+0x315b23]  jni_CallVoidMethod+0x16b
C  [libnativewindow_macosx.jnilib+0x5326]  Java_jogamp_nativewindow_jawt_macosx_MacOSXJAWTWindow_UnsetJAWTRootSurfaceLayer0+0x2b6
C  [Foundation+0x76fde]  __NSThreadPerformPerform+0x117
C  [CoreFoundation+0xaa881]  __CFRUNLOOP_IS_CALLING_OUT_TO_A_SOURCE0_PERFORM_FUNCTION__+0x11
C  [CoreFoundation+0x89fbc]  __CFRunLoopDoSources0+0x22c
C  [CoreFoundation+0x894df]  __CFRunLoopRun+0x39f
C  [CoreFoundation+0x88ed8]  CFRunLoopRunSpecific+0x128
C  [HIToolbox+0x30935]  RunCurrentEventLoopInMode+0xeb
C  [HIToolbox+0x30677]  ReceiveNextEventCommon+0xb8
C  [HIToolbox+0x305af]  _BlockUntilNextEventMatchingListInModeWithFilter+0x47
C  [AppKit+0x48df6]  _DPSNextEvent+0x42b
C  [AppKit+0x48226]  -[NSApplication _nextEventMatchingEventMask:untilDate:inMode:dequeue:]+0x1c6
C  [libosxapp.dylib+0x23aa]  -[NSApplicationAWT nextEventMatchingMask:untilDate:inMode:dequeue:]+0x7c
C  [AppKit+0x3cd80]  -[NSApplication run]+0x2aa
C  [libosxapp.dylib+0x214d]  +[NSApplicationAWT runAWTLoopWithApp:]+0x9c
C  [libawt_lwawt.dylib+0x4455b]  -[AWTStarter starter:]+0x389
C  [Foundation+0x76fde]  __NSThreadPerformPerform+0x117
C  [CoreFoundation+0xaa881]  __CFRUNLOOP_IS_CALLING_OUT_TO_A_SOURCE0_PERFORM_FUNCTION__+0x11
C  [CoreFoundation+0x89fbc]  __CFRunLoopDoSources0+0x22c
C  [CoreFoundation+0x894df]  __CFRunLoopRun+0x39f
C  [CoreFoundation+0x88ed8]  CFRunLoopRunSpecific+0x128
C  [java+0x6463]  CreateExecutionEnvironment+0x367
C  [java+0x21ac]  JLI_Launch+0x7a0
C  [java+0x84c0]  main+0x65
C  [java+0x1a04]  start+0x34
C  0x0000000000000007

Java frames: (J=compiled Java code, j=interpreted, Vv=VM code)
j  jogamp.nativewindow.jawt.macosx.MacOSXJAWTWindow.UnsetJAWTRootSurfaceLayer0(JJ)V+0
j  jogamp.nativewindow.jawt.macosx.MacOSXJAWTWindow.access$200(JJ)V+2
j  jogamp.nativewindow.jawt.macosx.MacOSXJAWTWindow$1.run()V+38
J 2487 C1 com.jogamp.common.util.RunnableTask.run()V (345 bytes) @ 0x0000000103378794 [0x0000000103378600+0x194]
v  ~StubRoutines::call_stub

---------------  P R O C E S S  ---------------

Java Threads: ( => current thread )
  0x00007fb9cb814000 JavaThread "Thread-84" [_thread_blocked, id=4875, stack(0x00007000019ee000,0x0000700001aee000)]
  0x00007fb9cba02800 JavaThread "Image Fetcher 2" daemon [_thread_blocked, id=66819, stack(0x0000700002103000,0x0000700002203000)]
  0x00007fb9cb7f6000 JavaThread "Image Fetcher 1" daemon [_thread_blocked, id=66307, stack(0x0000700002000000,0x0000700002100000)]
  0x00007fb9cbc25800 JavaThread "Image Fetcher 0" daemon [_thread_blocked, id=65795, stack(0x0000700001efd000,0x0000700001ffd000)]
  0x00007fb9cf012000 JavaThread "Keep-Alive-Timer" daemon [_thread_blocked, id=65339, stack(0x0000700001dfa000,0x0000700001efa000)]
  0x00007fb9ca934000 JavaThread "AWT-EventQueue-1" [_thread_in_native, id=59171, stack(0x0000700001868000,0x0000700001968000)]
  0x00007fb9ca92b000 JavaThread "DestroyJavaVM" [_thread_blocked, id=5891, stack(0x000070000011a000,0x000070000021a000)]
  0x00007fb9cb223800 JavaThread "AWT-EventQueue-0" [_thread_blocked, id=57095, stack(0x0000700001662000,0x0000700001762000)]
  0x00007fb9ca1fe800 JavaThread "Java2D Disposer" daemon [_thread_blocked, id=52739, stack(0x00007000013d9000,0x00007000014d9000)]
  0x00007fb9cb11c000 JavaThread "Java2D Queue Flusher" daemon [_thread_blocked, id=49671, stack(0x00007000012d6000,0x00007000013d6000)]
  0x00007fb9cb10a800 JavaThread "AWT-Shutdown" [_thread_blocked, id=29715, stack(0x0000700001150000,0x0000700001250000)]
=>0x00007fb9ca18c000 JavaThread "AWT-AppKit" daemon [_thread_in_native, id=2571, stack(0x00007fff5e2bb000,0x00007fff5eabb000)]
  0x00007fb9ca81b800 JavaThread "Service Thread" daemon [_thread_blocked, id=18691, stack(0x0000700000e44000,0x0000700000f44000)]
  0x00007fb9ca814000 JavaThread "C1 CompilerThread2" daemon [_thread_blocked, id=18179, stack(0x0000700000d41000,0x0000700000e41000)]
  0x00007fb9cb81e800 JavaThread "C2 CompilerThread1" daemon [_thread_blocked, id=17667, stack(0x0000700000c3e000,0x0000700000d3e000)]
  0x00007fb9cb805000 JavaThread "C2 CompilerThread0" daemon [_thread_blocked, id=17155, stack(0x0000700000b3b000,0x0000700000c3b000)]
  0x00007fb9cb813000 JavaThread "Signal Dispatcher" daemon [_thread_blocked, id=13839, stack(0x0000700000a38000,0x0000700000b38000)]
  0x00007fb9ca01f800 JavaThread "Finalizer" daemon [_thread_blocked, id=12291, stack(0x000070000082f000,0x000070000092f000)]
  0x00007fb9ca01c800 JavaThread "Reference Handler" daemon [_thread_blocked, id=11779, stack(0x000070000072c000,0x000070000082c000)]

Other Threads:
  0x00007fb9ca018000 VMThread [stack: 0x0000700000629000,0x0000700000729000] [id=11267]
  0x00007fb9ca026800 WatcherThread [stack: 0x0000700000f47000,0x0000700001047000] [id=19203]

VM state:not at safepoint (normal execution)

VM Mutex/Monitor currently owned by a thread: None

Heap:
 PSYoungGen      total 174592K, used 135260K [0x00000007aab00000, 0x00000007bc100000, 0x00000007c0000000)
  eden space 167424K, 76% used [0x00000007aab00000,0x00000007b285f188,0x00000007b4e80000)
  from space 7168K, 95% used [0x00000007b4e80000,0x00000007b5538210,0x00000007b5580000)
  to   space 8192K, 0% used [0x00000007bb900000,0x00000007bb900000,0x00000007bc100000)
 ParOldGen       total 44032K, used 14738K [0x0000000780000000, 0x0000000782b00000, 0x00000007aab00000)
  object space 44032K, 33% used [0x0000000780000000,0x0000000780e64838,0x0000000782b00000)
 Metaspace       used 20841K, capacity 21021K, committed 21120K, reserved 1069056K
  class space    used 2047K, capacity 2113K, committed 2176K, reserved 1048576K

Card table byte_map: [0x0000000111f89000,0x000000011218a000] byte_map_base: 0x000000010e389000

Marking Bits: (ParMarkBitMap*) 0x00000001024e6eb0
 Begin Bits: [0x00000001122e0000, 0x00000001132e0000)
 End Bits:   [0x00000001132e0000, 0x00000001142e0000)

Polling page: 0x00000001013d3000

CodeCache: size=245760Kb used=8003Kb max_used=8016Kb free=237756Kb
 bounds [0x0000000102bc9000, 0x00000001033a9000, 0x0000000111bc9000]
 total_blobs=3190 nmethods=2301 adapters=802
 compilation: enabled

Compilation events (10 events):
Event: 13.725 Thread 0x00007fb9ca814000 2539       3       sun.java2d.SunGraphics2D::invalidatePipe (41 bytes)
Event: 13.726 Thread 0x00007fb9ca814000 nmethod 2539 0x000000010339c610 code [0x000000010339c780, 0x000000010339c970]
Event: 13.726 Thread 0x00007fb9ca814000 2540       1       sun.java2d.SurfaceData::isValid (5 bytes)
Event: 13.726 Thread 0x00007fb9ca814000 nmethod 2540 0x000000010339c350 code [0x000000010339c4a0, 0x000000010339c5b0]
Event: 13.727 Thread 0x00007fb9cb81e800 2541  s    4       sun.misc.URLClassPath::getNextLoader (88 bytes)
Event: 13.727 Thread 0x00007fb9cb805000 2542  s!   4       sun.misc.URLClassPath::getLoader (197 bytes)
Event: 13.729 Thread 0x00007fb9ca814000 2543       3       java.util.HashMap::putVal (300 bytes)
Event: 13.732 Thread 0x00007fb9ca814000 nmethod 2543 0x00000001033a38d0 code [0x00000001033a3b40, 0x00000001033a4df8]
Event: 13.736 Thread 0x00007fb9cb805000 nmethod 2542 0x00000001033a73d0 code [0x00000001033a7540, 0x00000001033a7d18]
Event: 13.736 Thread 0x00007fb9cb81e800 nmethod 2541 0x00000001033a80d0 code [0x00000001033a8240, 0x00000001033a89b8]

GC Heap History (10 events):
Event: 5.133 GC heap before
{Heap before GC invocations=9 (full 0):
 PSYoungGen      total 71680K, used 65120K [0x00000007aab00000, 0x00000007af900000, 0x00000007c0000000)
  eden space 65024K, 100% used [0x00000007aab00000,0x00000007aea80000,0x00000007aea80000)
  from space 6656K, 1% used [0x00000007af180000,0x00000007af198000,0x00000007af800000)
  to   space 7168K, 0% used [0x00000007aea80000,0x00000007aea80000,0x00000007af180000)
 ParOldGen       total 44032K, used 9439K [0x0000000780000000, 0x0000000782b00000, 0x00000007aab00000)
  object space 44032K, 21% used [0x0000000780000000,0x0000000780937e48,0x0000000782b00000)
 Metaspace       used 19253K, capacity 19437K, committed 19712K, reserved 1067008K
  class space    used 1958K, capacity 2015K, committed 2048K, reserved 1048576K
Event: 5.134 GC heap after
Heap after GC invocations=9 (full 0):
 PSYoungGen      total 72192K, used 128K [0x00000007aab00000, 0x00000007b1f00000, 0x00000007c0000000)
  eden space 65024K, 0% used [0x00000007aab00000,0x00000007aab00000,0x00000007aea80000)
  from space 7168K, 1% used [0x00000007aea80000,0x00000007aeaa0000,0x00000007af180000)
  to   space 7168K, 0% used [0x00000007b1800000,0x00000007b1800000,0x00000007b1f00000)
 ParOldGen       total 44032K, used 9463K [0x0000000780000000, 0x0000000782b00000, 0x00000007aab00000)
  object space 44032K, 21% used [0x0000000780000000,0x000000078093de48,0x0000000782b00000)
 Metaspace       used 19253K, capacity 19437K, committed 19712K, reserved 1067008K
  class space    used 1958K, capacity 2015K, committed 2048K, reserved 1048576K
}
Event: 5.286 GC heap before
{Heap before GC invocations=10 (full 0):
 PSYoungGen      total 72192K, used 65152K [0x00000007aab00000, 0x00000007b1f00000, 0x00000007c0000000)
  eden space 65024K, 100% used [0x00000007aab00000,0x00000007aea80000,0x00000007aea80000)
  from space 7168K, 1% used [0x00000007aea80000,0x00000007aeaa0000,0x00000007af180000)
  to   space 7168K, 0% used [0x00000007b1800000,0x00000007b1800000,0x00000007b1f00000)
 ParOldGen       total 44032K, used 9463K [0x0000000780000000, 0x0000000782b00000, 0x00000007aab00000)
  object space 44032K, 21% used [0x0000000780000000,0x000000078093de48,0x0000000782b00000)
 Metaspace       used 19254K, capacity 19437K, committed 19712K, reserved 1067008K
  class space    used 1958K, capacity 2015K, committed 2048K, reserved 1048576K
Event: 5.287 GC heap after
Heap after GC invocations=10 (full 0):
 PSYoungGen      total 111616K, used 96K [0x00000007aab00000, 0x00000007b1f00000, 0x00000007c0000000)
  eden space 104448K, 0% used [0x00000007aab00000,0x00000007aab00000,0x00000007b1100000)
  from space 7168K, 1% used [0x00000007b1800000,0x00000007b1818000,0x00000007b1f00000)
  to   space 7168K, 0% used [0x00000007b1100000,0x00000007b1100000,0x00000007b1800000)
 ParOldGen       total 44032K, used 9495K [0x0000000780000000, 0x0000000782b00000, 0x00000007aab00000)
  object space 44032K, 21% used [0x0000000780000000,0x0000000780945e48,0x0000000782b00000)
 Metaspace       used 19254K, capacity 19437K, committed 19712K, reserved 1067008K
  class space    used 1958K, capacity 2015K, committed 2048K, reserved 1048576K
}
Event: 5.543 GC heap before
{Heap before GC invocations=11 (full 0):
 PSYoungGen      total 111616K, used 104544K [0x00000007aab00000, 0x00000007b1f00000, 0x00000007c0000000)
  eden space 104448K, 100% used [0x00000007aab00000,0x00000007b1100000,0x00000007b1100000)
  from space 7168K, 1% used [0x00000007b1800000,0x00000007b1818000,0x00000007b1f00000)
  to   space 7168K, 0% used [0x00000007b1100000,0x00000007b1100000,0x00000007b1800000)
 ParOldGen       total 44032K, used 9495K [0x0000000780000000, 0x0000000782b00000, 0x00000007aab00000)
  object space 44032K, 21% used [0x0000000780000000,0x0000000780945e48,0x0000000782b00000)
 Metaspace       used 19254K, capacity 19437K, committed 19712K, reserved 1067008K
  class space    used 1958K, capacity 2015K, committed 2048K, reserved 1048576K
Event: 5.544 GC heap after
Heap after GC invocations=11 (full 0):
 PSYoungGen      total 111616K, used 64K [0x00000007aab00000, 0x00000007b5c80000, 0x00000007c0000000)
  eden space 104448K, 0% used [0x00000007aab00000,0x00000007aab00000,0x00000007b1100000)
  from space 7168K, 0% used [0x00000007b1100000,0x00000007b1110000,0x00000007b1800000)
  to   space 7168K, 0% used [0x00000007b5580000,0x00000007b5580000,0x00000007b5c80000)
 ParOldGen       total 44032K, used 9503K [0x0000000780000000, 0x0000000782b00000, 0x00000007aab00000)
  object space 44032K, 21% used [0x0000000780000000,0x0000000780947e48,0x0000000782b00000)
 Metaspace       used 19254K, capacity 19437K, committed 19712K, reserved 1067008K
  class space    used 1958K, capacity 2015K, committed 2048K, reserved 1048576K
}
Event: 5.776 GC heap before
{Heap before GC invocations=12 (full 0):
 PSYoungGen      total 111616K, used 104512K [0x00000007aab00000, 0x00000007b5c80000, 0x00000007c0000000)
  eden space 104448K, 100% used [0x00000007aab00000,0x00000007b1100000,0x00000007b1100000)
  from space 7168K, 0% used [0x00000007b1100000,0x00000007b1110000,0x00000007b1800000)
  to   space 7168K, 0% used [0x00000007b5580000,0x00000007b5580000,0x00000007b5c80000)
 ParOldGen       total 44032K, used 9503K [0x0000000780000000, 0x0000000782b00000, 0x00000007aab00000)
  object space 44032K, 21% used [0x0000000780000000,0x0000000780947e48,0x0000000782b00000)
 Metaspace       used 19254K, capacity 19437K, committed 19712K, reserved 1067008K
  class space    used 1958K, capacity 2015K, committed 2048K, reserved 1048576K
Event: 5.777 GC heap after
Heap after GC invocations=12 (full 0):
 PSYoungGen      total 174592K, used 96K [0x00000007aab00000, 0x00000007b5c80000, 0x00000007c0000000)
  eden space 167424K, 0% used [0x00000007aab00000,0x00000007aab00000,0x00000007b4e80000)
  from space 7168K, 1% used [0x00000007b5580000,0x00000007b5598000,0x00000007b5c80000)
  to   space 7168K, 0% used [0x00000007b4e80000,0x00000007b4e80000,0x00000007b5580000)
 ParOldGen       total 44032K, used 9511K [0x0000000780000000, 0x0000000782b00000, 0x00000007aab00000)
  object space 44032K, 21% used [0x0000000780000000,0x0000000780949e48,0x0000000782b00000)
 Metaspace       used 19254K, capacity 19437K, committed 19712K, reserved 1067008K
  class space    used 1958K, capacity 2015K, committed 2048K, reserved 1048576K
}
Event: 9.438 GC heap before
{Heap before GC invocations=13 (full 0):
 PSYoungGen      total 174592K, used 167520K [0x00000007aab00000, 0x00000007b5c80000, 0x00000007c0000000)
  eden space 167424K, 100% used [0x00000007aab00000,0x00000007b4e80000,0x00000007b4e80000)
  from space 7168K, 1% used [0x00000007b5580000,0x00000007b5598000,0x00000007b5c80000)
  to   space 7168K, 0% used [0x00000007b4e80000,0x00000007b4e80000,0x00000007b5580000)
 ParOldGen       total 44032K, used 9511K [0x0000000780000000, 0x0000000782b00000, 0x00000007aab00000)
  object space 44032K, 21% used [0x0000000780000000,0x0000000780949e48,0x0000000782b00000)
 Metaspace       used 20587K, capacity 20765K, committed 20864K, reserved 1069056K
  class space    used 2039K, capacity 2113K, committed 2176K, reserved 1048576K
Event: 9.452 GC heap after
Heap after GC invocations=13 (full 0):
 PSYoungGen      total 174592K, used 6880K [0x00000007aab00000, 0x00000007bc100000, 0x00000007c0000000)
  eden space 167424K, 0% used [0x00000007aab00000,0x00000007aab00000,0x00000007b4e80000)
  from space 7168K, 95% used [0x00000007b4e80000,0x00000007b5538210,0x00000007b5580000)
  to   space 8192K, 0% used [0x00000007bb900000,0x00000007bb900000,0x00000007bc100000)
 ParOldGen       total 44032K, used 14738K [0x0000000780000000, 0x0000000782b00000, 0x00000007aab00000)
  object space 44032K, 33% used [0x0000000780000000,0x0000000780e64838,0x0000000782b00000)
 Metaspace       used 20587K, capacity 20765K, committed 20864K, reserved 1069056K
  class space    used 2039K, capacity 2113K, committed 2176K, reserved 1048576K
}

Deoptimization events (10 events):
Event: 6.197 Thread 0x00007fb9ce8b2800 Uncommon trap: reason=unstable_if action=reinterpret pc=0x0000000103084f54 method=java.lang.String.regionMatches(ZILjava/lang/String;II)Z @ 123
Event: 6.212 Thread 0x00007fb9ca934000 Uncommon trap: reason=unstable_if action=reinterpret pc=0x000000010311a2a8 method=processing.opengl.PGraphicsOpenGL$InGeometry.addVertex(FFFIFFFFFIFIIIFIZ)I @ 218
Event: 6.222 Thread 0x00007fb9ce8b1000 Uncommon trap: reason=class_check action=maybe_recompile pc=0x000000010307ecd0 method=java.util.Arrays.copyOf([Ljava/lang/Object;ILjava/lang/Class;)[Ljava/lang/Object; @ 24
Event: 9.207 Thread 0x00007fb9ca934000 Uncommon trap: reason=unstable_if action=reinterpret pc=0x000000010307f3d4 method=de.fhpotsdam.unfolding.mapdisplay.Java2DMapDisplay.getTransformedPosition(FFZ)[F @ 1
Event: 9.436 Thread 0x00007fb9ca934000 Uncommon trap: reason=unstable_if action=reinterpret pc=0x000000010327d9c4 method=de.fhpotsdam.unfolding.core.Coordinate.equals(Ljava/lang/Object;)Z @ 38
Event: 13.675 Thread 0x00007fb9ca934000 Uncommon trap: reason=class_check action=maybe_recompile pc=0x000000010307ecd0 method=java.util.Arrays.copyOf([Ljava/lang/Object;ILjava/lang/Class;)[Ljava/lang/Object; @ 24
Event: 13.675 Thread 0x00007fb9ca934000 Uncommon trap: reason=class_check action=maybe_recompile pc=0x000000010307ecd0 method=java.util.Arrays.copyOf([Ljava/lang/Object;ILjava/lang/Class;)[Ljava/lang/Object; @ 24
Event: 13.724 Thread 0x00007fb9ca205000 Uncommon trap: reason=unstable_if action=reinterpret pc=0x00000001031245a8 method=java.util.HashMap.putVal(ILjava/lang/Object;Ljava/lang/Object;ZZ)Ljava/lang/Object; @ 81
Event: 13.724 Thread 0x00007fb9ca205000 Uncommon trap: reason=unstable_if action=reinterpret pc=0x000000010311c17c method=java.util.HashMap.putVal(ILjava/lang/Object;Ljava/lang/Object;ZZ)Ljava/lang/Object; @ 81
Event: 13.761 Thread 0x00007fb9ca934000 Uncommon trap: reason=unstable_if action=reinterpret pc=0x0000000103351424 method=java.security.AccessControlContext.optimize()Ljava/security/AccessControlContext; @ 233

Internal exceptions (10 events):
Event: 0.472 Thread 0x00007fb9cb002800 Exception <a 'java/lang/NoSuchFieldError': method resolution failed> (0x00000007aacbf7d8) thrown at [/Users/java_re/workspace/8-2-build-macosx-x86_64/jdk8u91/6644/hotspot/src/share/vm/prims/methodHandles.cpp, line 1146]
Event: 0.474 Thread 0x00007fb9cb002800 Exception <a 'java/lang/NoSuchFieldError': method resolution failed> (0x00000007aacccfa8) thrown at [/Users/java_re/workspace/8-2-build-macosx-x86_64/jdk8u91/6644/hotspot/src/share/vm/prims/methodHandles.cpp, line 1146]
Event: 0.641 Thread 0x00007fb9cb002800 Exception <a 'java/io/FileNotFoundException'> (0x00000007aad48f00) thrown at [/Users/java_re/workspace/8-2-build-macosx-x86_64/jdk8u91/6644/hotspot/src/share/vm/prims/jni.cpp, line 709]
Event: 0.642 Thread 0x00007fb9cb002800 Exception <a 'java/io/FileNotFoundException'> (0x00000007aad49a48) thrown at [/Users/java_re/workspace/8-2-build-macosx-x86_64/jdk8u91/6644/hotspot/src/share/vm/prims/jni.cpp, line 709]
Event: 0.920 Thread 0x00007fb9cb002800 Exception <a 'java/io/FileNotFoundException'> (0x00000007aae9d038) thrown at [/Users/java_re/workspace/8-2-build-macosx-x86_64/jdk8u91/6644/hotspot/src/share/vm/prims/jni.cpp, line 709]
Event: 3.019 Thread 0x00007fb9ca01f800 Exception <a 'java/lang/NullPointerException'> (0x00000007aab859a0) thrown at [/Users/java_re/workspace/8-2-build-macosx-x86_64/jdk8u91/6644/hotspot/src/share/vm/interpreter/linkResolver.cpp, line 1178]
Event: 3.100 Thread 0x00007fb9cb463800 Exception <a 'java/lang/UnsatisfiedLinkError': com.jogamp.common.util.JarUtil.fixNativeLibAttribs(Ljava/lang/String;)Z> (0x00000007aaf8da60) thrown at [/Users/java_re/workspace/8-2-build-macosx-x86_64/jdk8u91/6644/hotspot/src/share/vm/prims/nativeLookup.c
Event: 4.101 Thread 0x00007fb9ca934000 Exception <a 'java/io/FileNotFoundException'> (0x00000007ab2fb670) thrown at [/Users/java_re/workspace/8-2-build-macosx-x86_64/jdk8u91/6644/hotspot/src/share/vm/prims/jni.cpp, line 709]
Event: 4.102 Thread 0x00007fb9ca934000 Exception <a 'java/io/FileNotFoundException'> (0x00000007ab302e88) thrown at [/Users/java_re/workspace/8-2-build-macosx-x86_64/jdk8u91/6644/hotspot/src/share/vm/prims/jni.cpp, line 709]
Event: 4.102 Thread 0x00007fb9ca934000 Implicit null exception at 0x0000000102d777f5 to 0x0000000102d77b59

Events (10 events):
Event: 13.761 Thread 0x00007fb9ca934000 DEOPT UNPACKING pc=0x0000000102bce229 sp=0x0000700001965850 mode 2
Event: 13.761 loading class java/awt/LightweightDispatcher$2
Event: 13.761 loading class java/awt/LightweightDispatcher$2 done
Event: 13.761 loading class java/awt/event/AWTEventListenerProxy
Event: 13.761 loading class java/awt/event/AWTEventListenerProxy done
Event: 13.761 loading class java/awt/Toolkit$ToolkitEventMulticaster
Event: 13.761 loading class java/awt/Toolkit$ToolkitEventMulticaster done
Event: 13.762 Thread 0x00007fb9ca205000 Thread exited: 0x00007fb9ca205000
Event: 13.762 loading class java/awt/Window$1DisposeAction
Event: 13.762 loading class java/awt/Window$1DisposeAction done


Dynamic libraries:
0x0000000004167000 	/System/Library/Frameworks/Cocoa.framework/Versions/A/Cocoa
0x0000000004167000 	/System/Library/Frameworks/Security.framework/Versions/A/Security
0x0000000004167000 	/System/Library/Frameworks/ApplicationServices.framework/Versions/A/ApplicationServices
0x0000000004167000 	/usr/lib/libz.1.dylib
0x0000000004167000 	/usr/lib/libSystem.B.dylib
0x0000000004167000 	/usr/lib/libobjc.A.dylib
0x0000000004167000 	/System/Library/Frameworks/CoreFoundation.framework/Versions/A/CoreFoundation
0x0000000004167000 	/System/Library/Frameworks/Foundation.framework/Versions/C/Foundation
0x0000000004167000 	/System/Library/Frameworks/AppKit.framework/Versions/C/AppKit
0x0000000004167000 	/System/Library/Frameworks/CoreData.framework/Versions/A/CoreData
0x0000000004167000 	/System/Library/PrivateFrameworks/RemoteViewServices.framework/Versions/A/RemoteViewServices
0x0000000004167000 	/System/Library/PrivateFrameworks/UIFoundation.framework/Versions/A/UIFoundation
0x0000000004167000 	/usr/lib/libScreenReader.dylib
0x0000000004167000 	/System/Library/Frameworks/Accelerate.framework/Versions/A/Accelerate
0x0000000004167000 	/System/Library/Frameworks/IOSurface.framework/Versions/A/IOSurface
0x0000000004167000 	/System/Library/Frameworks/AudioToolbox.framework/Versions/A/AudioToolbox
0x0000000004167000 	/System/Library/Frameworks/AudioUnit.framework/Versions/A/AudioUnit
0x0000000004167000 	/System/Library/PrivateFrameworks/DataDetectorsCore.framework/Versions/A/DataDetectorsCore
0x0000000004167000 	/System/Library/PrivateFrameworks/DesktopServicesPriv.framework/Versions/A/DesktopServicesPriv
0x0000000004167000 	/System/Library/Frameworks/Carbon.framework/Versions/A/Frameworks/HIToolbox.framework/Versions/A/HIToolbox
0x0000000004167000 	/System/Library/Frameworks/QuartzCore.framework/Versions/A/QuartzCore
0x0000000004167000 	/System/Library/Frameworks/Carbon.framework/Versions/A/Frameworks/SpeechRecognition.framework/Versions/A/SpeechRecognition
0x0000000004167000 	/usr/lib/libauto.dylib
0x0000000004167000 	/usr/lib/libicucore.A.dylib
0x0000000004167000 	/usr/lib/libxml2.2.dylib
0x0000000004167000 	/System/Library/PrivateFrameworks/CoreUI.framework/Versions/A/CoreUI
0x0000000004167000 	/System/Library/Frameworks/CoreAudio.framework/Versions/A/CoreAudio
0x0000000004167000 	/System/Library/Frameworks/DiskArbitration.framework/Versions/A/DiskArbitration
0x0000000004167000 	/usr/lib/liblangid.dylib
0x0000000004167000 	/System/Library/PrivateFrameworks/MultitouchSupport.framework/Versions/A/MultitouchSupport
0x0000000004167000 	/System/Library/Frameworks/IOKit.framework/Versions/A/IOKit
0x0000000004167000 	/usr/lib/libDiagnosticMessagesClient.dylib
0x0000000004167000 	/System/Library/Frameworks/CoreServices.framework/Versions/A/CoreServices
0x0000000004167000 	/System/Library/PrivateFrameworks/PerformanceAnalysis.framework/Versions/A/PerformanceAnalysis
0x0000000004167000 	/System/Library/PrivateFrameworks/GenerationalStorage.framework/Versions/A/GenerationalStorage
0x0000000004167000 	/System/Library/Frameworks/OpenGL.framework/Versions/A/OpenGL
0x0000000004167000 	/System/Library/PrivateFrameworks/Sharing.framework/Versions/A/Sharing
0x0000000004167000 	/System/Library/Frameworks/CoreGraphics.framework/Versions/A/CoreGraphics
0x0000000004167000 	/System/Library/Frameworks/CoreImage.framework/Versions/A/CoreImage
0x0000000004167000 	/System/Library/Frameworks/CoreText.framework/Versions/A/CoreText
0x0000000004167000 	/System/Library/Frameworks/ImageIO.framework/Versions/A/ImageIO
0x0000000004167000 	/System/Library/PrivateFrameworks/Backup.framework/Versions/A/Backup
0x0000000004167000 	/usr/lib/libextension.dylib
0x0000000004167000 	/usr/lib/libarchive.2.dylib
0x0000000004167000 	/System/Library/Frameworks/CFNetwork.framework/Versions/A/CFNetwork
0x0000000004167000 	/System/Library/Frameworks/SystemConfiguration.framework/Versions/A/SystemConfiguration
0x0000000004167000 	/usr/lib/libCRFSuite.dylib
0x0000000004167000 	/usr/lib/libc++.1.dylib
0x0000000004167000 	/usr/lib/libc++abi.dylib
0x0000000004167000 	/usr/lib/system/libcache.dylib
0x0000000004167000 	/usr/lib/system/libcommonCrypto.dylib
0x0000000004167000 	/usr/lib/system/libcompiler_rt.dylib
0x0000000004167000 	/usr/lib/system/libcopyfile.dylib
0x0000000004167000 	/usr/lib/system/libcorecrypto.dylib
0x0000000004167000 	/usr/lib/system/libdispatch.dylib
0x0000000004167000 	/usr/lib/system/libdyld.dylib
0x0000000004167000 	/usr/lib/system/libkeymgr.dylib
0x0000000004167000 	/usr/lib/system/liblaunch.dylib
0x0000000004167000 	/usr/lib/system/libmacho.dylib
0x0000000004167000 	/usr/lib/system/libquarantine.dylib
0x0000000004167000 	/usr/lib/system/libremovefile.dylib
0x0000000004167000 	/usr/lib/system/libsystem_asl.dylib
0x0000000004167000 	/usr/lib/system/libsystem_blocks.dylib
0x0000000004167000 	/usr/lib/system/libsystem_c.dylib
0x0000000004167000 	/usr/lib/system/libsystem_configuration.dylib
0x0000000004167000 	/usr/lib/system/libsystem_coreservices.dylib
0x0000000004167000 	/usr/lib/system/libsystem_coretls.dylib
0x0000000004167000 	/usr/lib/system/libsystem_dnssd.dylib
0x0000000004167000 	/usr/lib/system/libsystem_info.dylib
0x0000000004167000 	/usr/lib/system/libsystem_kernel.dylib
0x0000000004167000 	/usr/lib/system/libsystem_m.dylib
0x0000000004167000 	/usr/lib/system/libsystem_malloc.dylib
0x0000000004167000 	/usr/lib/system/libsystem_network.dylib
0x0000000004167000 	/usr/lib/system/libsystem_networkextension.dylib
0x0000000004167000 	/usr/lib/system/libsystem_notify.dylib
0x0000000004167000 	/usr/lib/system/libsystem_platform.dylib
0x0000000004167000 	/usr/lib/system/libsystem_pthread.dylib
0x0000000004167000 	/usr/lib/system/libsystem_sandbox.dylib
0x0000000004167000 	/usr/lib/system/libsystem_secinit.dylib
0x0000000004167000 	/usr/lib/system/libsystem_trace.dylib
0x0000000004167000 	/usr/lib/system/libunc.dylib
0x0000000004167000 	/usr/lib/system/libunwind.dylib
0x0000000004167000 	/usr/lib/system/libxpc.dylib
0x0000000004167000 	/usr/lib/libenergytrace.dylib
0x0000000004167000 	/usr/lib/libbsm.0.dylib
0x0000000004167000 	/usr/lib/system/libkxld.dylib
0x0000000004167000 	/usr/lib/libxar.1.dylib
0x0000000004167000 	/usr/lib/libsqlite3.dylib
0x0000000004167000 	/usr/lib/libpam.2.dylib
0x0000000004167000 	/usr/lib/libOpenScriptingUtil.dylib
0x0000000004167000 	/usr/lib/libbz2.1.0.dylib
0x0000000004167000 	/usr/lib/liblzma.5.dylib
0x0000000004167000 	/System/Library/Frameworks/CoreServices.framework/Versions/A/Frameworks/FSEvents.framework/Versions/A/FSEvents
0x0000000004167000 	/System/Library/Frameworks/CoreServices.framework/Versions/A/Frameworks/CarbonCore.framework/Versions/A/CarbonCore
0x0000000004167000 	/System/Library/Frameworks/CoreServices.framework/Versions/A/Frameworks/Metadata.framework/Versions/A/Metadata
0x0000000004167000 	/System/Library/Frameworks/CoreServices.framework/Versions/A/Frameworks/OSServices.framework/Versions/A/OSServices
0x0000000004167000 	/System/Library/Frameworks/CoreServices.framework/Versions/A/Frameworks/SearchKit.framework/Versions/A/SearchKit
0x0000000004167000 	/System/Library/Frameworks/CoreServices.framework/Versions/A/Frameworks/AE.framework/Versions/A/AE
0x0000000004167000 	/System/Library/Frameworks/CoreServices.framework/Versions/A/Frameworks/LaunchServices.framework/Versions/A/LaunchServices
0x0000000004167000 	/System/Library/Frameworks/CoreServices.framework/Versions/A/Frameworks/DictionaryServices.framework/Versions/A/DictionaryServices
0x0000000004167000 	/System/Library/Frameworks/CoreServices.framework/Versions/A/Frameworks/SharedFileList.framework/Versions/A/SharedFileList
0x0000000004167000 	/System/Library/Frameworks/NetFS.framework/Versions/A/NetFS
0x0000000004167000 	/System/Library/PrivateFrameworks/NetAuth.framework/Versions/A/NetAuth
0x0000000004167000 	/System/Library/PrivateFrameworks/login.framework/Versions/A/Frameworks/loginsupport.framework/Versions/A/loginsupport
0x0000000004167000 	/System/Library/PrivateFrameworks/TCC.framework/Versions/A/TCC
0x0000000004167000 	/usr/lib/libmecabra.dylib
0x0000000004167000 	/System/Library/Frameworks/ApplicationServices.framework/Versions/A/Frameworks/ATS.framework/Versions/A/ATS
0x0000000004167000 	/System/Library/Frameworks/ApplicationServices.framework/Versions/A/Frameworks/ColorSync.framework/Versions/A/ColorSync
0x0000000004167000 	/System/Library/Frameworks/ApplicationServices.framework/Versions/A/Frameworks/HIServices.framework/Versions/A/HIServices
0x0000000004167000 	/System/Library/Frameworks/ApplicationServices.framework/Versions/A/Frameworks/LangAnalysis.framework/Versions/A/LangAnalysis
0x0000000004167000 	/System/Library/Frameworks/ApplicationServices.framework/Versions/A/Frameworks/PrintCore.framework/Versions/A/PrintCore
0x0000000004167000 	/System/Library/Frameworks/ApplicationServices.framework/Versions/A/Frameworks/QD.framework/Versions/A/QD
0x0000000004167000 	/System/Library/Frameworks/ApplicationServices.framework/Versions/A/Frameworks/SpeechSynthesis.framework/Versions/A/SpeechSynthesis
0x0000000004167000 	/System/Library/Frameworks/Metal.framework/Versions/A/Metal
0x0000000004167000 	/System/Library/Frameworks/Accelerate.framework/Versions/A/Frameworks/vImage.framework/Versions/A/vImage
0x0000000004167000 	/System/Library/Frameworks/Accelerate.framework/Versions/A/Frameworks/vecLib.framework/Versions/A/vecLib
0x0000000004167000 	/System/Library/Frameworks/Accelerate.framework/Versions/A/Frameworks/vecLib.framework/Versions/A/libvDSP.dylib
0x0000000004167000 	/System/Library/Frameworks/Accelerate.framework/Versions/A/Frameworks/vecLib.framework/Versions/A/libvMisc.dylib
0x0000000004167000 	/System/Library/Frameworks/Accelerate.framework/Versions/A/Frameworks/vecLib.framework/Versions/A/libLAPACK.dylib
0x0000000004167000 	/System/Library/Frameworks/Accelerate.framework/Versions/A/Frameworks/vecLib.framework/Versions/A/libBLAS.dylib
0x0000000004167000 	/System/Library/Frameworks/Accelerate.framework/Versions/A/Frameworks/vecLib.framework/Versions/A/libLinearAlgebra.dylib
0x0000000004167000 	/System/Library/Frameworks/Accelerate.framework/Versions/A/Frameworks/vecLib.framework/Versions/A/libSparseBLAS.dylib
0x0000000004167000 	/System/Library/PrivateFrameworks/GPUCompiler.framework/libmetal_timestamp.dylib
0x0000000004167000 	/System/Library/Frameworks/OpenGL.framework/Versions/A/Libraries/libCoreFSCache.dylib
0x0000000004167000 	/System/Library/PrivateFrameworks/IOAccelerator.framework/Versions/A/IOAccelerator
0x0000000004167000 	/System/Library/Frameworks/ApplicationServices.framework/Versions/A/Frameworks/ATS.framework/Versions/A/Resources/libFontParser.dylib
0x0000000004167000 	/System/Library/Frameworks/ApplicationServices.framework/Versions/A/Frameworks/ATS.framework/Versions/A/Resources/libFontRegistry.dylib
0x0000000004167000 	/System/Library/PrivateFrameworks/AppleVPA.framework/Versions/A/AppleVPA
0x0000000004167000 	/System/Library/PrivateFrameworks/AppleJPEG.framework/Versions/A/AppleJPEG
0x0000000004167000 	/System/Library/Frameworks/ImageIO.framework/Versions/A/Resources/libJPEG.dylib
0x0000000004167000 	/System/Library/Frameworks/ImageIO.framework/Versions/A/Resources/libTIFF.dylib
0x0000000004167000 	/System/Library/Frameworks/ImageIO.framework/Versions/A/Resources/libPng.dylib
0x0000000004167000 	/System/Library/Frameworks/ImageIO.framework/Versions/A/Resources/libGIF.dylib
0x0000000004167000 	/System/Library/Frameworks/ImageIO.framework/Versions/A/Resources/libJP2.dylib
0x0000000004167000 	/System/Library/Frameworks/ImageIO.framework/Versions/A/Resources/libRadiance.dylib
0x0000000004167000 	/System/Library/Frameworks/CoreVideo.framework/Versions/A/CoreVideo
0x0000000004167000 	/System/Library/Frameworks/OpenGL.framework/Versions/A/Libraries/libGLU.dylib
0x0000000004167000 	/System/Library/Frameworks/OpenGL.framework/Versions/A/Libraries/libGFXShared.dylib
0x0000000004167000 	/System/Library/Frameworks/OpenGL.framework/Versions/A/Libraries/libGL.dylib
0x0000000004167000 	/System/Library/Frameworks/OpenGL.framework/Versions/A/Libraries/libGLImage.dylib
0x0000000004167000 	/System/Library/Frameworks/OpenGL.framework/Versions/A/Libraries/libCVMSPluginSupport.dylib
0x0000000004167000 	/System/Library/Frameworks/OpenGL.framework/Versions/A/Libraries/libCoreVMClient.dylib
0x0000000004167000 	/usr/lib/libcompression.dylib
0x0000000004167000 	/usr/lib/libcups.2.dylib
0x0000000004167000 	/System/Library/Frameworks/Kerberos.framework/Versions/A/Kerberos
0x0000000004167000 	/System/Library/Frameworks/GSS.framework/Versions/A/GSS
0x0000000004167000 	/usr/lib/libresolv.9.dylib
0x0000000004167000 	/usr/lib/libiconv.2.dylib
0x0000000004167000 	/System/Library/PrivateFrameworks/Heimdal.framework/Versions/A/Heimdal
0x0000000004167000 	/usr/lib/libheimdal-asn1.dylib
0x0000000004167000 	/System/Library/Frameworks/OpenDirectory.framework/Versions/A/OpenDirectory
0x0000000004167000 	/System/Library/PrivateFrameworks/CommonAuth.framework/Versions/A/CommonAuth
0x0000000004167000 	/System/Library/Frameworks/OpenDirectory.framework/Versions/A/Frameworks/CFOpenDirectory.framework/Versions/A/CFOpenDirectory
0x0000000004167000 	/System/Library/Frameworks/SecurityFoundation.framework/Versions/A/SecurityFoundation
0x0000000004167000 	/System/Library/PrivateFrameworks/LanguageModeling.framework/Versions/A/LanguageModeling
0x0000000004167000 	/usr/lib/libmarisa.dylib
0x0000000004167000 	/usr/lib/libChineseTokenizer.dylib
0x0000000004167000 	/usr/lib/libcmph.dylib
0x0000000004167000 	/System/Library/Frameworks/ServiceManagement.framework/Versions/A/ServiceManagement
0x0000000004167000 	/usr/lib/libxslt.1.dylib
0x0000000004167000 	/System/Library/Frameworks/Carbon.framework/Versions/A/Frameworks/Ink.framework/Versions/A/Ink
0x0000000004167000 	/usr/lib/libFosl_dynamic.dylib
0x0000000004167000 	/System/Library/PrivateFrameworks/FaceCore.framework/Versions/A/FaceCore
0x0000000004167000 	/System/Library/Frameworks/OpenCL.framework/Versions/A/OpenCL
0x0000000004167000 	/System/Library/PrivateFrameworks/CrashReporterSupport.framework/Versions/A/CrashReporterSupport
0x0000000004167000 	/System/Library/PrivateFrameworks/IconServices.framework/Versions/A/IconServices
0x0000000004167000 	/System/Library/PrivateFrameworks/Apple80211.framework/Versions/A/Apple80211
0x0000000004167000 	/System/Library/Frameworks/CoreWLAN.framework/Versions/A/CoreWLAN
0x0000000004167000 	/System/Library/Frameworks/IOBluetooth.framework/Versions/A/IOBluetooth
0x0000000004167000 	/System/Library/PrivateFrameworks/CoreWiFi.framework/Versions/A/CoreWiFi
0x0000000004167000 	/System/Library/Frameworks/CoreBluetooth.framework/Versions/A/CoreBluetooth
0x0000000004167000 	/System/Library/PrivateFrameworks/ChunkingLibrary.framework/Versions/A/ChunkingLibrary
0x0000000004167000 	/System/Library/PrivateFrameworks/DebugSymbols.framework/Versions/A/DebugSymbols
0x0000000004167000 	/System/Library/PrivateFrameworks/CoreSymbolication.framework/Versions/A/CoreSymbolication
0x0000000004167000 	/System/Library/PrivateFrameworks/Symbolication.framework/Versions/A/Symbolication
0x0000000004167000 	/System/Library/PrivateFrameworks/SpeechRecognitionCore.framework/Versions/A/SpeechRecognitionCore
0x0000000101c00000 	/Library/Java/JavaVirtualMachines/jdk1.8.0_91.jdk/Contents/Home/jre/lib/server/libjvm.dylib
0x0000000004167000 	/usr/lib/libstdc++.6.dylib
0x00000001013c5000 	/Library/Java/JavaVirtualMachines/jdk1.8.0_91.jdk/Contents/Home/jre/lib/libverify.dylib
0x0000000102b94000 	/Library/Java/JavaVirtualMachines/jdk1.8.0_91.jdk/Contents/Home/jre/lib/libjava.dylib
0x00000001013dd000 	/Library/Java/JavaVirtualMachines/jdk1.8.0_91.jdk/Contents/Home/jre/lib/libzip.dylib
0x0000000115fae000 	/System/Library/Frameworks/JavaVM.framework/Frameworks/JavaRuntimeSupport.framework/JavaRuntimeSupport
0x0000000115fc9000 	/System/Library/Frameworks/JavaVM.framework/Versions/A/Frameworks/JavaNativeFoundation.framework/Versions/A/JavaNativeFoundation
0x0000000115fde000 	/System/Library/Frameworks/JavaVM.framework/Versions/A/JavaVM
0x0000000004167000 	/System/Library/Frameworks/Carbon.framework/Versions/A/Carbon
0x0000000115feb000 	/System/Library/PrivateFrameworks/JavaLaunching.framework/Versions/A/JavaLaunching
0x0000000004167000 	/System/Library/Frameworks/Carbon.framework/Versions/A/Frameworks/CommonPanels.framework/Versions/A/CommonPanels
0x0000000004167000 	/System/Library/Frameworks/Carbon.framework/Versions/A/Frameworks/Help.framework/Versions/A/Help
0x0000000004167000 	/System/Library/Frameworks/Carbon.framework/Versions/A/Frameworks/ImageCapture.framework/Versions/A/ImageCapture
0x0000000004167000 	/System/Library/Frameworks/Carbon.framework/Versions/A/Frameworks/OpenScripting.framework/Versions/A/OpenScripting
0x0000000004167000 	/System/Library/Frameworks/Carbon.framework/Versions/A/Frameworks/Print.framework/Versions/A/Print
0x0000000004167000 	/System/Library/Frameworks/Carbon.framework/Versions/A/Frameworks/SecurityHI.framework/Versions/A/SecurityHI
0x000000011791a000 	/Library/Java/JavaVirtualMachines/jdk1.8.0_91.jdk/Contents/Home/jre/lib/libawt.dylib
0x00000001179c2000 	/Library/Java/JavaVirtualMachines/jdk1.8.0_91.jdk/Contents/Home/jre/lib/./libmlib_image.dylib
0x0000000117a8e000 	/Library/Java/JavaVirtualMachines/jdk1.8.0_91.jdk/Contents/Home/jre/lib/libawt_lwawt.dylib
0x0000000117b43000 	/Library/Java/JavaVirtualMachines/jdk1.8.0_91.jdk/Contents/Home/jre/lib/./libosxapp.dylib
0x0000000004167000 	/System/Library/Frameworks/ExceptionHandling.framework/Versions/A/ExceptionHandling
0x0000000004167000 	/System/Library/PrivateFrameworks/CoreServicesInternal.framework/Versions/A/CoreServicesInternal
0x0000000004167000 	/System/Library/Frameworks/CoreGraphics.framework/Versions/A/Resources/libRIP.A.dylib
0x0000000118308000 	/System/Library/Frameworks/Accelerate.framework/Frameworks/vImage.framework/Versions/A/Libraries/libCGInterfaces.dylib
0x0000000004167000 	/System/Library/Frameworks/CoreGraphics.framework/Versions/A/Resources/libCGXType.A.dylib
0x0000000004167000 	/System/Library/Frameworks/OpenCL.framework/Versions/A/Libraries/libcldcpuengine.dylib
0x0000000004167000 	/System/Library/PrivateFrameworks/DiskImages.framework/Versions/A/DiskImages
0x0000000004167000 	/System/Library/Frameworks/DiscRecording.framework/Versions/A/DiscRecording
0x0000000004167000 	/usr/lib/libcsfde.dylib
0x0000000004167000 	/usr/lib/libcurl.4.dylib
0x0000000004167000 	/System/Library/PrivateFrameworks/MediaKit.framework/Versions/A/MediaKit
0x0000000004167000 	/System/Library/PrivateFrameworks/ProtectedCloudStorage.framework/Versions/A/ProtectedCloudStorage
0x0000000004167000 	/usr/lib/libCoreStorage.dylib
0x0000000004167000 	/System/Library/PrivateFrameworks/EFILogin.framework/Versions/A/EFILogin
0x0000000004167000 	/usr/lib/libutil.dylib
0x0000000004167000 	/System/Library/PrivateFrameworks/FindMyDevice.framework/Versions/A/FindMyDevice
0x0000000004167000 	/System/Library/Frameworks/LDAP.framework/Versions/A/LDAP
0x0000000004167000 	/usr/lib/libsasl2.2.dylib
0x0000000004167000 	/System/Library/PrivateFrameworks/CoreDaemon.framework/Versions/B/CoreDaemon
0x0000000004167000 	/usr/lib/libcrypto.0.9.8.dylib
0x0000000004167000 	/System/Library/PrivateFrameworks/AppleSRP.framework/Versions/A/AppleSRP
0x0000000004167000 	/System/Library/PrivateFrameworks/TrustEvaluationAgent.framework/Versions/A/TrustEvaluationAgent
0x00000001188f9000 	cl_kernels
0x0000000004167000 	/System/Library/Frameworks/OpenCL.framework/Versions/A/Libraries/ImageFormats/unorm8_bgra.dylib
0x0000000004167000 	/System/Library/Frameworks/OpenCL.framework/Versions/A/Libraries/ImageFormats/unorm8_rgba.dylib
0x0000000004167000 	/System/Library/PrivateFrameworks/FamilyControls.framework/Versions/A/FamilyControls
0x0000000004167000 	/System/Library/PrivateFrameworks/CommerceKit.framework/Versions/A/Frameworks/CommerceCore.framework/Versions/A/CommerceCore
0x0000000004167000 	/System/Library/PrivateFrameworks/SystemAdministration.framework/Versions/A/SystemAdministration
0x0000000004167000 	/System/Library/PrivateFrameworks/AppContainer.framework/Versions/A/AppContainer
0x0000000004167000 	/System/Library/PrivateFrameworks/SecCodeWrapper.framework/Versions/A/SecCodeWrapper
0x0000000004167000 	/System/Library/Frameworks/DirectoryService.framework/Versions/A/DirectoryService
0x0000000004167000 	/System/Library/PrivateFrameworks/LoginUIKit.framework/Versions/A/Frameworks/LoginUICore.framework/Versions/A/LoginUICore
0x0000000004167000 	/usr/lib/libodfde.dylib
0x000000011a66e000 	/System/Library/Frameworks/OpenGL.framework/Resources/GLEngine.bundle/GLEngine
0x0000000004167000 	/System/Library/Frameworks/OpenGL.framework/Versions/A/Libraries/libGLProgrammability.dylib
0x000000011a856000 	/System/Library/Extensions/AppleIntelHD4000GraphicsGLDriver.bundle/Contents/MacOS/AppleIntelHD4000GraphicsGLDriver
0x0000000004167000 	/System/Library/PrivateFrameworks/GPUSupport.framework/Versions/A/Libraries/libGPUSupportMercury.dylib
0x0000000118942000 	/System/Library/Frameworks/OpenGL.framework/Resources//GLRendererFloat.bundle/GLRendererFloat
0x000000011b738000 	/Library/Java/JavaVirtualMachines/jdk1.8.0_91.jdk/Contents/Home/jre/lib/libfontmanager.dylib
0x000000011cbf9000 	/Library/Java/JavaVirtualMachines/jdk1.8.0_91.jdk/Contents/Home/jre/lib/libosxui.dylib
0x000000011d67a000 	/Library/Java/JavaVirtualMachines/jdk1.8.0_91.jdk/Contents/Home/jre/lib/libnet.dylib
0x000000011d6eb000 	/Library/Java/JavaVirtualMachines/jdk1.8.0_91.jdk/Contents/Home/jre/lib/libnio.dylib
0x0000000004167000 	/System/Library/Frameworks/ApplicationServices.framework/Versions/A/Frameworks/ATS.framework/Versions/A/Resources/libTrueTypeScaler.dylib
0x00000001886a8000 	/System/Library/Extensions/AppleIntelHD4000GraphicsMTLDriver.bundle/Contents/MacOS/AppleIntelHD4000GraphicsMTLDriver
0x000000011861b000 	/private/var/folders/4w/145m28yn38q3_fgsdcq__sr40000gn/T/jogamp_0000/file_cache/jln8426460518057160607/jln5122063569699368757/libgluegen-rt.jnilib
0x000000011861f000 	/private/var/folders/4w/145m28yn38q3_fgsdcq__sr40000gn/T/jogamp_0000/file_cache/jln8426460518057160607/jln5122063569699368757/libnativewindow_awt.jnilib
0x0000000118622000 	/Library/Java/JavaVirtualMachines/jdk1.8.0_91.jdk/Contents/Home/jre/lib/libjawt.dylib
0x00000001885b4000 	/private/var/folders/4w/145m28yn38q3_fgsdcq__sr40000gn/T/jogamp_0000/file_cache/jln8426460518057160607/jln5122063569699368757/libnativewindow_macosx.jnilib
0x000000018a34b000 	/private/var/folders/4w/145m28yn38q3_fgsdcq__sr40000gn/T/jogamp_0000/file_cache/jln8426460518057160607/jln5122063569699368757/libjogl_desktop.jnilib
0x000000018d39e000 	/Library/Java/JavaVirtualMachines/jdk1.8.0_91.jdk/Contents/Home/jre/lib/libt2k.dylib

VM Arguments:
jvm_args: -Djava.security.policy=java.policy.applet -Dfile.encoding=UTF-8 
java_command: sun.applet.AppletViewer toolPackage.EarthQuakeMap1466038633244.html
java_class_path (initial): /Users/Steven/Documents/workspace/GoogleMapDataDisplayer/bin:/Users/Steven/Documents/workspace/UCSDUnfoldingMaps/lib/core.jar:/Users/Steven/Documents/workspace/UCSDUnfoldingMaps/lib/json4processing.jar:/Users/Steven/Documents/workspace/UCSDUnfoldingMaps/lib/unfolding.0.9.7-uscd.jar:/Users/Steven/Documents/workspace/UCSDUnfoldingMaps/lib/gluegen-rt-natives-linux-amd64.jar:/Users/Steven/Documents/workspace/UCSDUnfoldingMaps/lib/gluegen-rt-natives-linux-armv6hf.jar:/Users/Steven/Documents/workspace/UCSDUnfoldingMaps/lib/gluegen-rt-natives-linux-i586.jar:/Users/Steven/Documents/workspace/UCSDUnfoldingMaps/lib/gluegen-rt-natives-macosx-universal.jar:/Users/Steven/Documents/workspace/UCSDUnfoldingMaps/lib/gluegen-rt-natives-windows-amd64.jar:/Users/Steven/Documents/workspace/UCSDUnfoldingMaps/lib/gluegen-rt-natives-windows-i586.jar:/Users/Steven/Documents/workspace/UCSDUnfoldingMaps/lib/gluegen-rt.jar:/Users/Steven/Documents/workspace/UCSDUnfoldingMaps/lib/jogl-all-natives-linux-amd64.jar:/Users/Steven/Documents/workspace/UCSDUnfoldingMaps/lib/jogl-all-natives-linux-armv6hf.jar:/Users/Steven/Documents/workspace/UCSDUnfoldingMaps/lib/jogl-all-natives-linux-i586.jar:/Users/Steven/Documents/workspace/UCSDUnfoldingMaps/lib/jogl-all-natives-macosx-universal.jar:/Users/Steven/Documents/workspace/UCSDUnfoldingMaps/lib/jogl-all-natives-windows-amd64.jar:/Users/Steven/Documents/workspace/UCSDUnfoldingMaps/lib/jogl-all-natives-windows-i586.jar:/Users/Steven/Documents/workspace/UCSDUnfoldingMaps/lib/jogl-all.jar:/Users/Steven/Documents/workspace/UCSDUnfoldingMaps/lib/libTUIO.jar:/Users/Steven/Documents/workspace/UCSDUnfoldingMaps/lib/log4j-1.2.15.jar:/Users/Steven/Documents/workspace/UCSDUnfoldingMaps/lib/sqlite-jdbc-3.7.2.jar
Launcher Type: SUN_STANDARD

Environment Variables:
PATH=/usr/bin:/bin:/usr/sbin:/sbin
SHELL=/bin/bash
DISPLAY=/private/tmp/com.apple.launchd.otBJ7X57rx/org.macosforge.xquartz:0

Signal Handlers:
SIGSEGV: [libjvm.dylib+0x5a97a1], sa_mask[0]=11111111011111110111111111111111, sa_flags=SA_ONSTACK|SA_RESTART|SA_SIGINFO
SIGBUS: [libjvm.dylib+0x5a97a1], sa_mask[0]=11111111011111110111111111111111, sa_flags=SA_RESTART|SA_SIGINFO
SIGFPE: [libjvm.dylib+0x482594], sa_mask[0]=11111111011111110111111111111111, sa_flags=SA_RESTART|SA_SIGINFO
SIGPIPE: [libjvm.dylib+0x482594], sa_mask[0]=11111111011111110111111111111111, sa_flags=SA_RESTART|SA_SIGINFO
SIGXFSZ: [libjvm.dylib+0x482594], sa_mask[0]=11111111011111110111111111111111, sa_flags=SA_RESTART|SA_SIGINFO
SIGILL: [libjvm.dylib+0x482594], sa_mask[0]=11111111011111110111111111111111, sa_flags=SA_RESTART|SA_SIGINFO
SIGUSR1: SIG_DFL, sa_mask[0]=00000000000000000000000000000000, sa_flags=none
SIGUSR2: [libjvm.dylib+0x4820b2], sa_mask[0]=00100000000000000000000000000000, sa_flags=SA_RESTART|SA_SIGINFO
SIGHUP: [libjvm.dylib+0x480689], sa_mask[0]=11111111011111110111111111111111, sa_flags=SA_RESTART|SA_SIGINFO
SIGINT: [libjvm.dylib+0x480689], sa_mask[0]=11111111011111110111111111111111, sa_flags=SA_RESTART|SA_SIGINFO
SIGTERM: [libjvm.dylib+0x480689], sa_mask[0]=11111111011111110111111111111111, sa_flags=SA_RESTART|SA_SIGINFO
SIGQUIT: [libjvm.dylib+0x480689], sa_mask[0]=11111111011111110111111111111111, sa_flags=SA_RESTART|SA_SIGINFO


---------------  S Y S T E M  ---------------

OS:Bsduname:Darwin 15.5.0 Darwin Kernel Version 15.5.0: Tue Apr 19 18:36:36 PDT 2016; root:xnu-3248.50.21~8/RELEASE_X86_64 x86_64
rlimit: STACK 8192k, CORE 0k, NPROC 709, NOFILE 10240, AS infinity
load average:1.86 1.86 1.74

CPU:total 4 (2 cores per cpu, 2 threads per core) family 6 model 58 stepping 9, cmov, cx8, fxsr, mmx, sse, sse2, sse3, ssse3, sse4.1, sse4.2, popcnt, avx, aes, clmul, erms, ht, tsc, tscinvbit, tscinv

Memory: 4k page, physical 4194304k(18420k free)

/proc/meminfo:


vm_info: Java HotSpot(TM) 64-Bit Server VM (25.91-b14) for bsd-amd64 JRE (1.8.0_91-b14), built on Apr  1 2016 01:03:00 by "java_re" with gcc 4.2.1 (Based on Apple Inc. build 5658) (LLVM build 2336.11.00)

time: Wed Jun 15 20:57:27 2016
elapsed time: 13 seconds (0d 0h 0m 13s)

