#
# A fatal error has been detected by the Java Runtime Environment:
#
#  SIGSEGV (0xb) at pc=0x00007fff92d324dd, pid=18760, tid=2571
#
# JRE version: Java(TM) SE Runtime Environment (8.0_91-b14) (build 1.8.0_91-b14)
# Java VM: Java HotSpot(TM) 64-Bit Server VM (25.91-b14 mixed mode bsd-amd64 compressed oops)
# Problematic frame:
# C  [libobjc.A.dylib+0x14dd]  objc_msgSend+0x1d
#
# Failed to write core dump. Core dumps have been disabled. To enable core dumping, try "ulimit -c unlimited" before starting Java again
#
# If you would like to submit a bug report, please visit:
#   http://bugreport.java.com/bugreport/crash.jsp
# The crash happened outside the Java Virtual Machine in native code.
# See problematic frame for where to report the bug.
#

---------------  T H R E A D  ---------------

Current thread (0x00007f9c5a20a000):  JavaThread "AWT-AppKit" daemon [_thread_in_native, id=2571, stack(0x00007fff58601000,0x00007fff58e01000)]

siginfo: si_signo: 11 (SIGSEGV), si_code: 1 (SEGV_MAPERR), si_addr: 0x0000000000000018

Registers:
RAX=0x00007f9c5d9683c0, RBX=0x000000018e31d450, RCX=0x00000001225a5fc0, RDX=0x00000001225a5580
RSP=0x00007fff58dfbee8, RBP=0x00007fff58dfbfa0, RSI=0x00007fff979d2cde, RDI=0x00007f9c5dd47490
R8 =0x0000000000000000, R9 =0x00000000000008b0, R10=0x00007fff979d2cde, R11=0x0000000000000000
R12=0x0000000000000000, R13=0x00000001901cad68, R14=0x000000018e31d440, R15=0x00007f9c5a20a000
RIP=0x00007fff92d324dd, EFLAGS=0x0000000000010246, ERR=0x0000000000000004
  TRAPNO=0x000000000000000e

Top of Stack: (sp=0x00007fff58dfbee8)
0x00007fff58dfbee8:   000000018e31b157 00007fff58dfbf40
0x00007fff58dfbef8:   0000000000000003 00007fff58dfbf20
0x00007fff58dfbf08:   0000000107bf24ea 00000001901cad68
0x00007fff58dfbf18:   00000001901cad68 00007f9c5d9683c0
0x00007fff58dfbf28:   000000018e31d6a0 000000018e31d710
0x00007fff58dfbf38:   00007fff74305770 00007fff770fa500
0x00007fff58dfbf48:   000000018e31d450 000000018e31d690
0x00007fff58dfbf58:   00007f9c5d9683c0 00007f9c5dd47490
0x00007fff58dfbf68:   00007f9c5d98da80 00007f9c5d9683c0
0x00007fff58dfbf78:   00007f9c5dd47490 00007fff58dfc028
0x00007fff58dfbf88:   00007f9c5a20a1f8 00000001901cad68
0x00007fff58dfbf98:   00007fff58dfc050 00007fff58dfc018
0x00007fff58dfbfa8:   00000001089ab9d4 00000001901cad68
0x00007fff58dfbfb8:   00007fff58dfc050 00007fff58dfc018
0x00007fff58dfbfc8:   00000001089ab767 00000001089ab722
0x00007fff58dfbfd8:   00007fff58dfbfd8 00000001901cad68
0x00007fff58dfbfe8:   00007fff58dfc050 00000001901ee028
0x00007fff58dfbff8:   0000000000000000 00000001901cad68
0x00007fff58dfc008:   0000000000000000 00007fff58dfc038
0x00007fff58dfc018:   00007fff58dfc098 000000010899c2bd
0x00007fff58dfc028:   0000000780648040 00000001089a5538
0x00007fff58dfc038:   00007f9c5d9683c0 00007fff58dfc098
0x00007fff58dfc048:   00007f9c5dd47490 00000001089a6e02
0x00007fff58dfc058:   00007fff58dfc058 00000001901caf32
0x00007fff58dfc068:   00007fff58dfc0c0 00000001901ee028
0x00007fff58dfc078:   0000000000000000 00000001901caf40
0x00007fff58dfc088:   00007fff58dfc038 00007fff58dfc0a8
0x00007fff58dfc098:   00007fff58dfc108 000000010899c2bd
0x00007fff58dfc0a8:   00007f9c5d9683c0 00000007809a28c8
0x00007fff58dfc0b8:   00007f9c5dd47490 00000007809a28c8
0x00007fff58dfc0c8:   00007fff58dfc0c8 0000000197336a2e
0x00007fff58dfc0d8:   00007fff58dfc118 0000000197336ae8 

Instructions: (pc=0x00007fff92d324dd)
0x00007fff92d324bd:   44 00 00 48 85 ff 2e 74 62 40 f6 c7 01 2e 75 66
0x00007fff92d324cd:   49 bb f8 ff ff ff ff 7f 00 00 4c 23 1f 49 89 f2
0x00007fff92d324dd:   45 23 53 18 49 c1 e2 04 4d 03 53 10 49 3b 32 75
0x00007fff92d324ed:   04 41 ff 62 08 49 83 3a 01 76 0d 49 83 c2 10 49 

Register to memory mapping:

RAX=0x00007f9c5d9683c0 is an unknown value
RBX=0x000000018e31d450: Java_jogamp_nativewindow_macosx_OSXUtil_GetScreenRefreshRate0+0x1cf0 in /private/var/folders/4w/145m28yn38q3_fgsdcq__sr40000gn/T/jogamp_0000/file_cache/jln4698826586790561490/jln706910461014461949/libnativewindow_macosx.jnilib at 0x000000018e316000
RCX=0x00000001225a5fc0 is an unknown value
RDX=0x00000001225a5580 is an unknown value
RSP=0x00007fff58dfbee8 is pointing into the stack for thread: 0x00007f9c5a20a000
RBP=0x00007fff58dfbfa0 is pointing into the stack for thread: 0x00007f9c5a20a000
RSI=0x00007fff979d2cde is an unknown value
RDI=0x00007f9c5dd47490 is an unknown value
R8 =0x0000000000000000 is an unknown value
R9 =0x00000000000008b0 is an unknown value
R10=0x00007fff979d2cde is an unknown value
R11=0x0000000000000000 is an unknown value
R12=0x0000000000000000 is an unknown value
R13={method} {0x00000001901cad68} 'UnsetJAWTRootSurfaceLayer0' '(JJ)V' in 'jogamp/nativewindow/jawt/macosx/MacOSXJAWTWindow'
R14=0x000000018e31d440: Java_jogamp_nativewindow_macosx_OSXUtil_GetScreenRefreshRate0+0x1ce0 in /private/var/folders/4w/145m28yn38q3_fgsdcq__sr40000gn/T/jogamp_0000/file_cache/jln4698826586790561490/jln706910461014461949/libnativewindow_macosx.jnilib at 0x000000018e316000
R15=0x00007f9c5a20a000 is a thread


Stack: [0x00007fff58601000,0x00007fff58e01000],  sp=0x00007fff58dfbee8,  free space=8171k
Native frames: (J=compiled Java code, j=interpreted, Vv=VM code, C=native code)
C  [libobjc.A.dylib+0x14dd]  objc_msgSend+0x1d
j  jogamp.nativewindow.jawt.macosx.MacOSXJAWTWindow.UnsetJAWTRootSurfaceLayer0(JJ)V+0
j  jogamp.nativewindow.jawt.macosx.MacOSXJAWTWindow.access$200(JJ)V+2
j  jogamp.nativewindow.jawt.macosx.MacOSXJAWTWindow$1.run()V+38
J 1848 C1 com.jogamp.common.util.RunnableTask.run()V (345 bytes) @ 0x0000000108d69294 [0x0000000108d69100+0x194]
v  ~StubRoutines::call_stub
V  [libjvm.dylib+0x2ec1e6]  JavaCalls::call_helper(JavaValue*, methodHandle*, JavaCallArguments*, Thread*)+0x6ae
V  [libjvm.dylib+0x323355]  jni_invoke_nonstatic(JNIEnv_*, JavaValue*, _jobject*, JNICallType, _jmethodID*, JNI_ArgumentPusher*, Thread*)+0x2ec
V  [libjvm.dylib+0x315b23]  jni_CallVoidMethod+0x16b
C  [libnativewindow_macosx.jnilib+0x5326]  Java_jogamp_nativewindow_jawt_macosx_MacOSXJAWTWindow_UnsetJAWTRootSurfaceLayer0+0x2b6
C  [Foundation+0x76fde]  __NSThreadPerformPerform+0x117
C  [CoreFoundation+0xaa881]  __CFRUNLOOP_IS_CALLING_OUT_TO_A_SOURCE0_PERFORM_FUNCTION__+0x11
C  [CoreFoundation+0x89f37]  __CFRunLoopDoSources0+0x1a7
C  [CoreFoundation+0x894df]  __CFRunLoopRun+0x39f
C  [CoreFoundation+0x88ed8]  CFRunLoopRunSpecific+0x128
C  [HIToolbox+0x30935]  RunCurrentEventLoopInMode+0xeb
C  [HIToolbox+0x30677]  ReceiveNextEventCommon+0xb8
C  [HIToolbox+0x305af]  _BlockUntilNextEventMatchingListInModeWithFilter+0x47
C  [AppKit+0x48df6]  _DPSNextEvent+0x42b
C  [AppKit+0x48226]  -[NSApplication _nextEventMatchingEventMask:untilDate:inMode:dequeue:]+0x1c6
C  [libosxapp.dylib+0x23aa]  -[NSApplicationAWT nextEventMatchingMask:untilDate:inMode:dequeue:]+0x7c
C  [AppKit+0x3cd80]  -[NSApplication run]+0x2aa
C  [libosxapp.dylib+0x214d]  +[NSApplicationAWT runAWTLoopWithApp:]+0x9c
C  [libawt_lwawt.dylib+0x4455b]  -[AWTStarter starter:]+0x389
C  [Foundation+0x76fde]  __NSThreadPerformPerform+0x117
C  [CoreFoundation+0xaa881]  __CFRUNLOOP_IS_CALLING_OUT_TO_A_SOURCE0_PERFORM_FUNCTION__+0x11
C  [CoreFoundation+0x89fbc]  __CFRunLoopDoSources0+0x22c
C  [CoreFoundation+0x894df]  __CFRunLoopRun+0x39f
C  [CoreFoundation+0x88ed8]  CFRunLoopRunSpecific+0x128
C  [java+0x6463]  CreateExecutionEnvironment+0x367
C  [java+0x21ac]  JLI_Launch+0x7a0
C  [java+0x84c0]  main+0x65
C  [java+0x1a04]  start+0x34
C  0x0000000000000007

Java frames: (J=compiled Java code, j=interpreted, Vv=VM code)
j  jogamp.nativewindow.jawt.macosx.MacOSXJAWTWindow.UnsetJAWTRootSurfaceLayer0(JJ)V+0
j  jogamp.nativewindow.jawt.macosx.MacOSXJAWTWindow.access$200(JJ)V+2
j  jogamp.nativewindow.jawt.macosx.MacOSXJAWTWindow$1.run()V+38
J 1848 C1 com.jogamp.common.util.RunnableTask.run()V (345 bytes) @ 0x0000000108d69294 [0x0000000108d69100+0x194]
v  ~StubRoutines::call_stub

---------------  P R O C E S S  ---------------

Java Threads: ( => current thread )
  0x00007f9c5e963000 JavaThread "Thread-19" [_thread_blocked, id=67951, stack(0x0000700001a71000,0x0000700001b71000)]
  0x00007f9c5ac9a000 JavaThread "AWT-EventQueue-1" [_thread_in_native, id=61699, stack(0x00007000018eb000,0x00007000019eb000)]
  0x00007f9c5a2aa000 JavaThread "DestroyJavaVM" [_thread_blocked, id=5891, stack(0x000070000011a000,0x000070000021a000)]
  0x00007f9c5b840000 JavaThread "AWT-EventQueue-0" [_thread_blocked, id=57095, stack(0x00007000016e5000,0x00007000017e5000)]
  0x00007f9c5a9b2800 JavaThread "Java2D Disposer" daemon [_thread_blocked, id=53251, stack(0x000070000145c000,0x000070000155c000)]
  0x00007f9c5a2a4000 JavaThread "Java2D Queue Flusher" daemon [_thread_blocked, id=50183, stack(0x0000700001359000,0x0000700001459000)]
  0x00007f9c5a21f000 JavaThread "AWT-Shutdown" [_thread_blocked, id=29967, stack(0x00007000011d3000,0x00007000012d3000)]
=>0x00007f9c5a20a000 JavaThread "AWT-AppKit" daemon [_thread_in_native, id=2571, stack(0x00007fff58601000,0x00007fff58e01000)]
  0x00007f9c5a065000 JavaThread "Service Thread" daemon [_thread_blocked, id=18691, stack(0x0000700000e44000,0x0000700000f44000)]
  0x00007f9c5a034000 JavaThread "C1 CompilerThread2" daemon [_thread_blocked, id=18179, stack(0x0000700000d41000,0x0000700000e41000)]
  0x00007f9c5a012800 JavaThread "C2 CompilerThread1" daemon [_thread_blocked, id=17667, stack(0x0000700000c3e000,0x0000700000d3e000)]
  0x00007f9c5a012000 JavaThread "C2 CompilerThread0" daemon [_thread_blocked, id=17155, stack(0x0000700000b3b000,0x0000700000c3b000)]
  0x00007f9c5b819800 JavaThread "Signal Dispatcher" daemon [_thread_blocked, id=13839, stack(0x0000700000a38000,0x0000700000b38000)]
  0x00007f9c5a868000 JavaThread "Finalizer" daemon [_thread_blocked, id=12291, stack(0x000070000082f000,0x000070000092f000)]
  0x00007f9c5a867000 JavaThread "Reference Handler" daemon [_thread_blocked, id=11779, stack(0x000070000072c000,0x000070000082c000)]

Other Threads:
  0x00007f9c5a862800 VMThread [stack: 0x0000700000629000,0x0000700000729000] [id=11267]
  0x00007f9c5b007000 WatcherThread [stack: 0x0000700000f47000,0x0000700001047000] [id=19203]

VM state:not at safepoint (normal execution)

VM Mutex/Monitor currently owned by a thread: None

Heap:
 PSYoungGen      total 174592K, used 77399K [0x00000007aab00000, 0x00000007bc200000, 0x00000007c0000000)
  eden space 167424K, 42% used [0x00000007aab00000,0x00000007af0126c8,0x00000007b4e80000)
  from space 7168K, 93% used [0x00000007b4e80000,0x00000007b5503650,0x00000007b5580000)
  to   space 8704K, 0% used [0x00000007bb980000,0x00000007bb980000,0x00000007bc200000)
 ParOldGen       total 44032K, used 13512K [0x0000000780000000, 0x0000000782b00000, 0x00000007aab00000)
  object space 44032K, 30% used [0x0000000780000000,0x0000000780d32368,0x0000000782b00000)
 Metaspace       used 20884K, capacity 21025K, committed 21296K, reserved 1069056K
  class space    used 2046K, capacity 2113K, committed 2176K, reserved 1048576K

Card table byte_map: [0x0000000117d54000,0x0000000117f55000] byte_map_base: 0x0000000114154000

Marking Bits: (ParMarkBitMap*) 0x00000001082e6eb0
 Begin Bits: [0x00000001180ab000, 0x00000001190ab000)
 End Bits:   [0x00000001190ab000, 0x000000011a0ab000)

Polling page: 0x00000001070c2000

CodeCache: size=245760Kb used=7978Kb max_used=8120Kb free=237781Kb
 bounds [0x0000000108994000, 0x0000000109194000, 0x0000000117994000]
 total_blobs=3162 nmethods=2273 adapters=802
 compilation: enabled

Compilation events (10 events):
Event: 18.852 Thread 0x00007f9c5a034000 2538       3       sun.java2d.pipe.RenderQueue::unlock (4 bytes)
Event: 18.853 Thread 0x00007f9c5a034000 nmethod 2538 0x00000001091843d0 code [0x0000000109184560, 0x00000001091848c8]
Event: 18.854 Thread 0x00007f9c5a034000 2539       3       sun.java2d.pipe.Region::getScaledRegion (416 bytes)
Event: 18.855 Thread 0x00007f9c5a034000 nmethod 2539 0x000000010918a890 code [0x000000010918ab00, 0x000000010918b8f8]
Event: 18.898 Thread 0x00007f9c5a012800 2540  s    4       sun.misc.URLClassPath::getNextLoader (88 bytes)
Event: 18.899 Thread 0x00007f9c5a012000 2541  s!   4       sun.misc.URLClassPath::getLoader (197 bytes)
Event: 18.906 Thread 0x00007f9c5a012800 nmethod 2540 0x0000000108f48c50 code [0x0000000108f48dc0, 0x0000000108f49538]
Event: 18.908 Thread 0x00007f9c5a012000 nmethod 2541 0x00000001091836d0 code [0x0000000109183840, 0x0000000109184018]
Event: 18.925 Thread 0x00007f9c5a034000 2542       1       sun.java2d.SurfaceData::isValid (5 bytes)
Event: 18.925 Thread 0x00007f9c5a034000 nmethod 2542 0x0000000108e20cd0 code [0x0000000108e20e20, 0x0000000108e20f30]

GC Heap History (10 events):
Event: 4.999 GC heap before
{Heap before GC invocations=9 (full 0):
 PSYoungGen      total 71680K, used 65088K [0x00000007aab00000, 0x00000007af900000, 0x00000007c0000000)
  eden space 65024K, 100% used [0x00000007aab00000,0x00000007aea80000,0x00000007aea80000)
  from space 6656K, 0% used [0x00000007af180000,0x00000007af190000,0x00000007af800000)
  to   space 7168K, 0% used [0x00000007aea80000,0x00000007aea80000,0x00000007af180000)
 ParOldGen       total 44032K, used 11051K [0x0000000780000000, 0x0000000782b00000, 0x00000007aab00000)
  object space 44032K, 25% used [0x0000000780000000,0x0000000780acae78,0x0000000782b00000)
 Metaspace       used 19197K, capacity 19441K, committed 19712K, reserved 1067008K
  class space    used 1949K, capacity 2015K, committed 2048K, reserved 1048576K
Event: 5.000 GC heap after
Heap after GC invocations=9 (full 0):
 PSYoungGen      total 72192K, used 160K [0x00000007aab00000, 0x00000007b1f00000, 0x00000007c0000000)
  eden space 65024K, 0% used [0x00000007aab00000,0x00000007aab00000,0x00000007aea80000)
  from space 7168K, 2% used [0x00000007aea80000,0x00000007aeaa8000,0x00000007af180000)
  to   space 7168K, 0% used [0x00000007b1800000,0x00000007b1800000,0x00000007b1f00000)
 ParOldGen       total 44032K, used 11075K [0x0000000780000000, 0x0000000782b00000, 0x00000007aab00000)
  object space 44032K, 25% used [0x0000000780000000,0x0000000780ad0e78,0x0000000782b00000)
 Metaspace       used 19197K, capacity 19441K, committed 19712K, reserved 1067008K
  class space    used 1949K, capacity 2015K, committed 2048K, reserved 1048576K
}
Event: 5.149 GC heap before
{Heap before GC invocations=10 (full 0):
 PSYoungGen      total 72192K, used 65184K [0x00000007aab00000, 0x00000007b1f00000, 0x00000007c0000000)
  eden space 65024K, 100% used [0x00000007aab00000,0x00000007aea80000,0x00000007aea80000)
  from space 7168K, 2% used [0x00000007aea80000,0x00000007aeaa8000,0x00000007af180000)
  to   space 7168K, 0% used [0x00000007b1800000,0x00000007b1800000,0x00000007b1f00000)
 ParOldGen       total 44032K, used 11075K [0x0000000780000000, 0x0000000782b00000, 0x00000007aab00000)
  object space 44032K, 25% used [0x0000000780000000,0x0000000780ad0e78,0x0000000782b00000)
 Metaspace       used 19197K, capacity 19441K, committed 19712K, reserved 1067008K
  class space    used 1949K, capacity 2015K, committed 2048K, reserved 1048576K
Event: 5.150 GC heap after
Heap after GC invocations=10 (full 0):
 PSYoungGen      total 111616K, used 128K [0x00000007aab00000, 0x00000007b1f00000, 0x00000007c0000000)
  eden space 104448K, 0% used [0x00000007aab00000,0x00000007aab00000,0x00000007b1100000)
  from space 7168K, 1% used [0x00000007b1800000,0x00000007b1820000,0x00000007b1f00000)
  to   space 7168K, 0% used [0x00000007b1100000,0x00000007b1100000,0x00000007b1800000)
 ParOldGen       total 44032K, used 11099K [0x0000000780000000, 0x0000000782b00000, 0x00000007aab00000)
  object space 44032K, 25% used [0x0000000780000000,0x0000000780ad6e78,0x0000000782b00000)
 Metaspace       used 19197K, capacity 19441K, committed 19712K, reserved 1067008K
  class space    used 1949K, capacity 2015K, committed 2048K, reserved 1048576K
}
Event: 5.416 GC heap before
{Heap before GC invocations=11 (full 0):
 PSYoungGen      total 111616K, used 104576K [0x00000007aab00000, 0x00000007b1f00000, 0x00000007c0000000)
  eden space 104448K, 100% used [0x00000007aab00000,0x00000007b1100000,0x00000007b1100000)
  from space 7168K, 1% used [0x00000007b1800000,0x00000007b1820000,0x00000007b1f00000)
  to   space 7168K, 0% used [0x00000007b1100000,0x00000007b1100000,0x00000007b1800000)
 ParOldGen       total 44032K, used 11099K [0x0000000780000000, 0x0000000782b00000, 0x00000007aab00000)
  object space 44032K, 25% used [0x0000000780000000,0x0000000780ad6e78,0x0000000782b00000)
 Metaspace       used 19198K, capacity 19441K, committed 19712K, reserved 1067008K
  class space    used 1949K, capacity 2015K, committed 2048K, reserved 1048576K
Event: 5.417 GC heap after
Heap after GC invocations=11 (full 0):
 PSYoungGen      total 111616K, used 96K [0x00000007aab00000, 0x00000007b5c80000, 0x00000007c0000000)
  eden space 104448K, 0% used [0x00000007aab00000,0x00000007aab00000,0x00000007b1100000)
  from space 7168K, 1% used [0x00000007b1100000,0x00000007b1118000,0x00000007b1800000)
  to   space 7168K, 0% used [0x00000007b5580000,0x00000007b5580000,0x00000007b5c80000)
 ParOldGen       total 44032K, used 11123K [0x0000000780000000, 0x0000000782b00000, 0x00000007aab00000)
  object space 44032K, 25% used [0x0000000780000000,0x0000000780adce78,0x0000000782b00000)
 Metaspace       used 19198K, capacity 19441K, committed 19712K, reserved 1067008K
  class space    used 1949K, capacity 2015K, committed 2048K, reserved 1048576K
}
Event: 5.646 GC heap before
{Heap before GC invocations=12 (full 0):
 PSYoungGen      total 111616K, used 104544K [0x00000007aab00000, 0x00000007b5c80000, 0x00000007c0000000)
  eden space 104448K, 100% used [0x00000007aab00000,0x00000007b1100000,0x00000007b1100000)
  from space 7168K, 1% used [0x00000007b1100000,0x00000007b1118000,0x00000007b1800000)
  to   space 7168K, 0% used [0x00000007b5580000,0x00000007b5580000,0x00000007b5c80000)
 ParOldGen       total 44032K, used 11123K [0x0000000780000000, 0x0000000782b00000, 0x00000007aab00000)
  object space 44032K, 25% used [0x0000000780000000,0x0000000780adce78,0x0000000782b00000)
 Metaspace       used 19198K, capacity 19441K, committed 19712K, reserved 1067008K
  class space    used 1949K, capacity 2015K, committed 2048K, reserved 1048576K
Event: 5.647 GC heap after
Heap after GC invocations=12 (full 0):
 PSYoungGen      total 174592K, used 96K [0x00000007aab00000, 0x00000007b5c80000, 0x00000007c0000000)
  eden space 167424K, 0% used [0x00000007aab00000,0x00000007aab00000,0x00000007b4e80000)
  from space 7168K, 1% used [0x00000007b5580000,0x00000007b5598000,0x00000007b5c80000)
  to   space 7168K, 0% used [0x00000007b4e80000,0x00000007b4e80000,0x00000007b5580000)
 ParOldGen       total 44032K, used 11147K [0x0000000780000000, 0x0000000782b00000, 0x00000007aab00000)
  object space 44032K, 25% used [0x0000000780000000,0x0000000780ae2e78,0x0000000782b00000)
 Metaspace       used 19198K, capacity 19441K, committed 19712K, reserved 1067008K
  class space    used 1949K, capacity 2015K, committed 2048K, reserved 1048576K
}
Event: 6.994 GC heap before
{Heap before GC invocations=13 (full 0):
 PSYoungGen      total 174592K, used 167520K [0x00000007aab00000, 0x00000007b5c80000, 0x00000007c0000000)
  eden space 167424K, 100% used [0x00000007aab00000,0x00000007b4e80000,0x00000007b4e80000)
  from space 7168K, 1% used [0x00000007b5580000,0x00000007b5598000,0x00000007b5c80000)
  to   space 7168K, 0% used [0x00000007b4e80000,0x00000007b4e80000,0x00000007b5580000)
 ParOldGen       total 44032K, used 11147K [0x0000000780000000, 0x0000000782b00000, 0x00000007aab00000)
  object space 44032K, 25% used [0x0000000780000000,0x0000000780ae2e78,0x0000000782b00000)
 Metaspace       used 20290K, capacity 20513K, committed 20864K, reserved 1069056K
  class space    used 2031K, capacity 2113K, committed 2176K, reserved 1048576K
Event: 7.000 GC heap after
Heap after GC invocations=13 (full 0):
 PSYoungGen      total 174592K, used 6669K [0x00000007aab00000, 0x00000007bc200000, 0x00000007c0000000)
  eden space 167424K, 0% used [0x00000007aab00000,0x00000007aab00000,0x00000007b4e80000)
  from space 7168K, 93% used [0x00000007b4e80000,0x00000007b5503650,0x00000007b5580000)
  to   space 8704K, 0% used [0x00000007bb980000,0x00000007bb980000,0x00000007bc200000)
 ParOldGen       total 44032K, used 13512K [0x0000000780000000, 0x0000000782b00000, 0x00000007aab00000)
  object space 44032K, 30% used [0x0000000780000000,0x0000000780d32368,0x0000000782b00000)
 Metaspace       used 20290K, capacity 20513K, committed 20864K, reserved 1069056K
  class space    used 2031K, capacity 2113K, committed 2176K, reserved 1048576K
}

Deoptimization events (10 events):
Event: 6.630 Thread 0x00007f9c5bb43000 Uncommon trap: reason=unstable_if action=reinterpret pc=0x0000000108e3df14 method=java.lang.String.regionMatches(ZILjava/lang/String;II)Z @ 123
Event: 6.800 Thread 0x00007f9c5bb43000 Uncommon trap: reason=class_check action=maybe_recompile pc=0x0000000108e33ed0 method=java.util.Arrays.copyOf([Ljava/lang/Object;ILjava/lang/Class;)[Ljava/lang/Object; @ 24
Event: 7.107 Thread 0x00007f9c5bc86800 Uncommon trap: reason=unstable_if action=reinterpret pc=0x0000000108d70600 method=sun.awt.image.PNGImageDecoder.produceImage()V @ 867
Event: 18.846 Thread 0x00007f9c5ac9a000 Uncommon trap: reason=class_check action=maybe_recompile pc=0x0000000108e33ed0 method=java.util.Arrays.copyOf([Ljava/lang/Object;ILjava/lang/Class;)[Ljava/lang/Object; @ 24
Event: 18.846 Thread 0x00007f9c5ac9a000 Uncommon trap: reason=class_check action=maybe_recompile pc=0x0000000108e33ed0 method=java.util.Arrays.copyOf([Ljava/lang/Object;ILjava/lang/Class;)[Ljava/lang/Object; @ 24
Event: 18.847 Thread 0x00007f9c5ac9a000 Uncommon trap: reason=unstable_if action=reinterpret pc=0x0000000108f1f268 method=com.jogamp.common.util.VersionNumber.compareTo(Lcom/jogamp/common/util/VersionNumber;)I @ 21
Event: 18.850 Thread 0x00007f9c5b840000 Uncommon trap: reason=unstable_if action=reinterpret pc=0x0000000109067b44 method=java.awt.font.FontRenderContext.equals(Ljava/awt/font/FontRenderContext;)Z @ 2
Event: 18.895 Thread 0x00007f9c5aa0e800 Uncommon trap: reason=unstable_if action=reinterpret pc=0x0000000108ee708c method=java.util.HashMap.putVal(ILjava/lang/Object;Ljava/lang/Object;ZZ)Ljava/lang/Object; @ 81
Event: 18.895 Thread 0x00007f9c5aa0e800 Uncommon trap: reason=unstable_if action=reinterpret pc=0x0000000108ee1e94 method=java.util.HashMap.putVal(ILjava/lang/Object;Ljava/lang/Object;ZZ)Ljava/lang/Object; @ 81
Event: 18.896 Thread 0x00007f9c5b840000 Uncommon trap: reason=unstable_if action=reinterpret pc=0x0000000108d89838 method=java.awt.font.FontRenderContext.equals(Ljava/awt/font/FontRenderContext;)Z @ 2

Internal exceptions (10 events):
Event: 0.206 Thread 0x00007f9c5a809800 Exception <a 'java/lang/NoSuchFieldError': method resolution failed> (0x00000007aacbf7d8) thrown at [/Users/java_re/workspace/8-2-build-macosx-x86_64/jdk8u91/6644/hotspot/src/share/vm/prims/methodHandles.cpp, line 1146]
Event: 0.208 Thread 0x00007f9c5a809800 Exception <a 'java/lang/NoSuchFieldError': method resolution failed> (0x00000007aacccfa8) thrown at [/Users/java_re/workspace/8-2-build-macosx-x86_64/jdk8u91/6644/hotspot/src/share/vm/prims/methodHandles.cpp, line 1146]
Event: 0.565 Thread 0x00007f9c5a809800 Exception <a 'java/io/FileNotFoundException'> (0x00000007aad48f00) thrown at [/Users/java_re/workspace/8-2-build-macosx-x86_64/jdk8u91/6644/hotspot/src/share/vm/prims/jni.cpp, line 709]
Event: 0.565 Thread 0x00007f9c5a809800 Exception <a 'java/io/FileNotFoundException'> (0x00000007aad49a48) thrown at [/Users/java_re/workspace/8-2-build-macosx-x86_64/jdk8u91/6644/hotspot/src/share/vm/prims/jni.cpp, line 709]
Event: 0.687 Thread 0x00007f9c5a809800 Exception <a 'java/io/FileNotFoundException'> (0x00000007aae9d038) thrown at [/Users/java_re/workspace/8-2-build-macosx-x86_64/jdk8u91/6644/hotspot/src/share/vm/prims/jni.cpp, line 709]
Event: 2.806 Thread 0x00007f9c5a868000 Exception <a 'java/lang/NullPointerException'> (0x00000007aab84e30) thrown at [/Users/java_re/workspace/8-2-build-macosx-x86_64/jdk8u91/6644/hotspot/src/share/vm/interpreter/linkResolver.cpp, line 1178]
Event: 2.891 Thread 0x00007f9c5b885000 Exception <a 'java/lang/UnsatisfiedLinkError': com.jogamp.common.util.JarUtil.fixNativeLibAttribs(Ljava/lang/String;)Z> (0x00000007aafd26d0) thrown at [/Users/java_re/workspace/8-2-build-macosx-x86_64/jdk8u91/6644/hotspot/src/share/vm/prims/nativeLookup.c
Event: 3.908 Thread 0x00007f9c5ac9a000 Exception <a 'java/io/FileNotFoundException'> (0x00000007ab30cc18) thrown at [/Users/java_re/workspace/8-2-build-macosx-x86_64/jdk8u91/6644/hotspot/src/share/vm/prims/jni.cpp, line 709]
Event: 3.909 Thread 0x00007f9c5ac9a000 Exception <a 'java/io/FileNotFoundException'> (0x00000007ab314418) thrown at [/Users/java_re/workspace/8-2-build-macosx-x86_64/jdk8u91/6644/hotspot/src/share/vm/prims/jni.cpp, line 709]
Event: 3.909 Thread 0x00007f9c5ac9a000 Implicit null exception at 0x0000000108b3f375 to 0x0000000108b3f6d9

Events (10 events):
Event: 18.922 loading class jogamp/nativewindow/jawt/macosx/MacOSXJAWTWindow$1 done
Event: 18.924 loading class java/awt/LightweightDispatcher$2
Event: 18.924 loading class java/awt/LightweightDispatcher$2 done
Event: 18.924 loading class java/awt/event/AWTEventListenerProxy
Event: 18.924 loading class java/awt/event/AWTEventListenerProxy done
Event: 18.924 loading class java/awt/Toolkit$ToolkitEventMulticaster
Event: 18.924 loading class java/awt/Toolkit$ToolkitEventMulticaster done
Event: 18.924 Thread 0x00007f9c5aa0e800 Thread exited: 0x00007f9c5aa0e800
Event: 18.925 loading class java/awt/Window$1DisposeAction
Event: 18.925 loading class java/awt/Window$1DisposeAction done


Dynamic libraries:
0x0000000004167000 	/System/Library/Frameworks/Cocoa.framework/Versions/A/Cocoa
0x0000000004167000 	/System/Library/Frameworks/Security.framework/Versions/A/Security
0x0000000004167000 	/System/Library/Frameworks/ApplicationServices.framework/Versions/A/ApplicationServices
0x0000000004167000 	/usr/lib/libz.1.dylib
0x0000000004167000 	/usr/lib/libSystem.B.dylib
0x0000000004167000 	/usr/lib/libobjc.A.dylib
0x0000000004167000 	/System/Library/Frameworks/CoreFoundation.framework/Versions/A/CoreFoundation
0x0000000004167000 	/System/Library/Frameworks/Foundation.framework/Versions/C/Foundation
0x0000000004167000 	/System/Library/Frameworks/AppKit.framework/Versions/C/AppKit
0x0000000004167000 	/System/Library/Frameworks/CoreData.framework/Versions/A/CoreData
0x0000000004167000 	/System/Library/PrivateFrameworks/RemoteViewServices.framework/Versions/A/RemoteViewServices
0x0000000004167000 	/System/Library/PrivateFrameworks/UIFoundation.framework/Versions/A/UIFoundation
0x0000000004167000 	/usr/lib/libScreenReader.dylib
0x0000000004167000 	/System/Library/Frameworks/Accelerate.framework/Versions/A/Accelerate
0x0000000004167000 	/System/Library/Frameworks/IOSurface.framework/Versions/A/IOSurface
0x0000000004167000 	/System/Library/Frameworks/AudioToolbox.framework/Versions/A/AudioToolbox
0x0000000004167000 	/System/Library/Frameworks/AudioUnit.framework/Versions/A/AudioUnit
0x0000000004167000 	/System/Library/PrivateFrameworks/DataDetectorsCore.framework/Versions/A/DataDetectorsCore
0x0000000004167000 	/System/Library/PrivateFrameworks/DesktopServicesPriv.framework/Versions/A/DesktopServicesPriv
0x0000000004167000 	/System/Library/Frameworks/Carbon.framework/Versions/A/Frameworks/HIToolbox.framework/Versions/A/HIToolbox
0x0000000004167000 	/System/Library/Frameworks/QuartzCore.framework/Versions/A/QuartzCore
0x0000000004167000 	/System/Library/Frameworks/Carbon.framework/Versions/A/Frameworks/SpeechRecognition.framework/Versions/A/SpeechRecognition
0x0000000004167000 	/usr/lib/libauto.dylib
0x0000000004167000 	/usr/lib/libicucore.A.dylib
0x0000000004167000 	/usr/lib/libxml2.2.dylib
0x0000000004167000 	/System/Library/PrivateFrameworks/CoreUI.framework/Versions/A/CoreUI
0x0000000004167000 	/System/Library/Frameworks/CoreAudio.framework/Versions/A/CoreAudio
0x0000000004167000 	/System/Library/Frameworks/DiskArbitration.framework/Versions/A/DiskArbitration
0x0000000004167000 	/usr/lib/liblangid.dylib
0x0000000004167000 	/System/Library/PrivateFrameworks/MultitouchSupport.framework/Versions/A/MultitouchSupport
0x0000000004167000 	/System/Library/Frameworks/IOKit.framework/Versions/A/IOKit
0x0000000004167000 	/usr/lib/libDiagnosticMessagesClient.dylib
0x0000000004167000 	/System/Library/Frameworks/CoreServices.framework/Versions/A/CoreServices
0x0000000004167000 	/System/Library/PrivateFrameworks/PerformanceAnalysis.framework/Versions/A/PerformanceAnalysis
0x0000000004167000 	/System/Library/PrivateFrameworks/GenerationalStorage.framework/Versions/A/GenerationalStorage
0x0000000004167000 	/System/Library/Frameworks/OpenGL.framework/Versions/A/OpenGL
0x0000000004167000 	/System/Library/PrivateFrameworks/Sharing.framework/Versions/A/Sharing
0x0000000004167000 	/System/Library/Frameworks/CoreGraphics.framework/Versions/A/CoreGraphics
0x0000000004167000 	/System/Library/Frameworks/CoreImage.framework/Versions/A/CoreImage
0x0000000004167000 	/System/Library/Frameworks/CoreText.framework/Versions/A/CoreText
0x0000000004167000 	/System/Library/Frameworks/ImageIO.framework/Versions/A/ImageIO
0x0000000004167000 	/System/Library/PrivateFrameworks/Backup.framework/Versions/A/Backup
0x0000000004167000 	/usr/lib/libextension.dylib
0x0000000004167000 	/usr/lib/libarchive.2.dylib
0x0000000004167000 	/System/Library/Frameworks/CFNetwork.framework/Versions/A/CFNetwork
0x0000000004167000 	/System/Library/Frameworks/SystemConfiguration.framework/Versions/A/SystemConfiguration
0x0000000004167000 	/usr/lib/libCRFSuite.dylib
0x0000000004167000 	/usr/lib/libc++.1.dylib
0x0000000004167000 	/usr/lib/libc++abi.dylib
0x0000000004167000 	/usr/lib/system/libcache.dylib
0x0000000004167000 	/usr/lib/system/libcommonCrypto.dylib
0x0000000004167000 	/usr/lib/system/libcompiler_rt.dylib
0x0000000004167000 	/usr/lib/system/libcopyfile.dylib
0x0000000004167000 	/usr/lib/system/libcorecrypto.dylib
0x0000000004167000 	/usr/lib/system/libdispatch.dylib
0x0000000004167000 	/usr/lib/system/libdyld.dylib
0x0000000004167000 	/usr/lib/system/libkeymgr.dylib
0x0000000004167000 	/usr/lib/system/liblaunch.dylib
0x0000000004167000 	/usr/lib/system/libmacho.dylib
0x0000000004167000 	/usr/lib/system/libquarantine.dylib
0x0000000004167000 	/usr/lib/system/libremovefile.dylib
0x0000000004167000 	/usr/lib/system/libsystem_asl.dylib
0x0000000004167000 	/usr/lib/system/libsystem_blocks.dylib
0x0000000004167000 	/usr/lib/system/libsystem_c.dylib
0x0000000004167000 	/usr/lib/system/libsystem_configuration.dylib
0x0000000004167000 	/usr/lib/system/libsystem_coreservices.dylib
0x0000000004167000 	/usr/lib/system/libsystem_coretls.dylib
0x0000000004167000 	/usr/lib/system/libsystem_dnssd.dylib
0x0000000004167000 	/usr/lib/system/libsystem_info.dylib
0x0000000004167000 	/usr/lib/system/libsystem_kernel.dylib
0x0000000004167000 	/usr/lib/system/libsystem_m.dylib
0x0000000004167000 	/usr/lib/system/libsystem_malloc.dylib
0x0000000004167000 	/usr/lib/system/libsystem_network.dylib
0x0000000004167000 	/usr/lib/system/libsystem_networkextension.dylib
0x0000000004167000 	/usr/lib/system/libsystem_notify.dylib
0x0000000004167000 	/usr/lib/system/libsystem_platform.dylib
0x0000000004167000 	/usr/lib/system/libsystem_pthread.dylib
0x0000000004167000 	/usr/lib/system/libsystem_sandbox.dylib
0x0000000004167000 	/usr/lib/system/libsystem_secinit.dylib
0x0000000004167000 	/usr/lib/system/libsystem_trace.dylib
0x0000000004167000 	/usr/lib/system/libunc.dylib
0x0000000004167000 	/usr/lib/system/libunwind.dylib
0x0000000004167000 	/usr/lib/system/libxpc.dylib
0x0000000004167000 	/usr/lib/libenergytrace.dylib
0x0000000004167000 	/usr/lib/libbsm.0.dylib
0x0000000004167000 	/usr/lib/system/libkxld.dylib
0x0000000004167000 	/usr/lib/libxar.1.dylib
0x0000000004167000 	/usr/lib/libsqlite3.dylib
0x0000000004167000 	/usr/lib/libpam.2.dylib
0x0000000004167000 	/usr/lib/libOpenScriptingUtil.dylib
0x0000000004167000 	/usr/lib/libbz2.1.0.dylib
0x0000000004167000 	/usr/lib/liblzma.5.dylib
0x0000000004167000 	/System/Library/Frameworks/CoreServices.framework/Versions/A/Frameworks/FSEvents.framework/Versions/A/FSEvents
0x0000000004167000 	/System/Library/Frameworks/CoreServices.framework/Versions/A/Frameworks/CarbonCore.framework/Versions/A/CarbonCore
0x0000000004167000 	/System/Library/Frameworks/CoreServices.framework/Versions/A/Frameworks/Metadata.framework/Versions/A/Metadata
0x0000000004167000 	/System/Library/Frameworks/CoreServices.framework/Versions/A/Frameworks/OSServices.framework/Versions/A/OSServices
0x0000000004167000 	/System/Library/Frameworks/CoreServices.framework/Versions/A/Frameworks/SearchKit.framework/Versions/A/SearchKit
0x0000000004167000 	/System/Library/Frameworks/CoreServices.framework/Versions/A/Frameworks/AE.framework/Versions/A/AE
0x0000000004167000 	/System/Library/Frameworks/CoreServices.framework/Versions/A/Frameworks/LaunchServices.framework/Versions/A/LaunchServices
0x0000000004167000 	/System/Library/Frameworks/CoreServices.framework/Versions/A/Frameworks/DictionaryServices.framework/Versions/A/DictionaryServices
0x0000000004167000 	/System/Library/Frameworks/CoreServices.framework/Versions/A/Frameworks/SharedFileList.framework/Versions/A/SharedFileList
0x0000000004167000 	/System/Library/Frameworks/NetFS.framework/Versions/A/NetFS
0x0000000004167000 	/System/Library/PrivateFrameworks/NetAuth.framework/Versions/A/NetAuth
0x0000000004167000 	/System/Library/PrivateFrameworks/login.framework/Versions/A/Frameworks/loginsupport.framework/Versions/A/loginsupport
0x0000000004167000 	/System/Library/PrivateFrameworks/TCC.framework/Versions/A/TCC
0x0000000004167000 	/usr/lib/libmecabra.dylib
0x0000000004167000 	/System/Library/Frameworks/ApplicationServices.framework/Versions/A/Frameworks/ATS.framework/Versions/A/ATS
0x0000000004167000 	/System/Library/Frameworks/ApplicationServices.framework/Versions/A/Frameworks/ColorSync.framework/Versions/A/ColorSync
0x0000000004167000 	/System/Library/Frameworks/ApplicationServices.framework/Versions/A/Frameworks/HIServices.framework/Versions/A/HIServices
0x0000000004167000 	/System/Library/Frameworks/ApplicationServices.framework/Versions/A/Frameworks/LangAnalysis.framework/Versions/A/LangAnalysis
0x0000000004167000 	/System/Library/Frameworks/ApplicationServices.framework/Versions/A/Frameworks/PrintCore.framework/Versions/A/PrintCore
0x0000000004167000 	/System/Library/Frameworks/ApplicationServices.framework/Versions/A/Frameworks/QD.framework/Versions/A/QD
0x0000000004167000 	/System/Library/Frameworks/ApplicationServices.framework/Versions/A/Frameworks/SpeechSynthesis.framework/Versions/A/SpeechSynthesis
0x0000000004167000 	/System/Library/Frameworks/Metal.framework/Versions/A/Metal
0x0000000004167000 	/System/Library/Frameworks/Accelerate.framework/Versions/A/Frameworks/vImage.framework/Versions/A/vImage
0x0000000004167000 	/System/Library/Frameworks/Accelerate.framework/Versions/A/Frameworks/vecLib.framework/Versions/A/vecLib
0x0000000004167000 	/System/Library/Frameworks/Accelerate.framework/Versions/A/Frameworks/vecLib.framework/Versions/A/libvDSP.dylib
0x0000000004167000 	/System/Library/Frameworks/Accelerate.framework/Versions/A/Frameworks/vecLib.framework/Versions/A/libvMisc.dylib
0x0000000004167000 	/System/Library/Frameworks/Accelerate.framework/Versions/A/Frameworks/vecLib.framework/Versions/A/libLAPACK.dylib
0x0000000004167000 	/System/Library/Frameworks/Accelerate.framework/Versions/A/Frameworks/vecLib.framework/Versions/A/libBLAS.dylib
0x0000000004167000 	/System/Library/Frameworks/Accelerate.framework/Versions/A/Frameworks/vecLib.framework/Versions/A/libLinearAlgebra.dylib
0x0000000004167000 	/System/Library/Frameworks/Accelerate.framework/Versions/A/Frameworks/vecLib.framework/Versions/A/libSparseBLAS.dylib
0x0000000004167000 	/System/Library/PrivateFrameworks/GPUCompiler.framework/libmetal_timestamp.dylib
0x0000000004167000 	/System/Library/Frameworks/OpenGL.framework/Versions/A/Libraries/libCoreFSCache.dylib
0x0000000004167000 	/System/Library/PrivateFrameworks/IOAccelerator.framework/Versions/A/IOAccelerator
0x0000000004167000 	/System/Library/Frameworks/ApplicationServices.framework/Versions/A/Frameworks/ATS.framework/Versions/A/Resources/libFontParser.dylib
0x0000000004167000 	/System/Library/Frameworks/ApplicationServices.framework/Versions/A/Frameworks/ATS.framework/Versions/A/Resources/libFontRegistry.dylib
0x0000000004167000 	/System/Library/PrivateFrameworks/AppleVPA.framework/Versions/A/AppleVPA
0x0000000004167000 	/System/Library/PrivateFrameworks/AppleJPEG.framework/Versions/A/AppleJPEG
0x0000000004167000 	/System/Library/Frameworks/ImageIO.framework/Versions/A/Resources/libJPEG.dylib
0x0000000004167000 	/System/Library/Frameworks/ImageIO.framework/Versions/A/Resources/libTIFF.dylib
0x0000000004167000 	/System/Library/Frameworks/ImageIO.framework/Versions/A/Resources/libPng.dylib
0x0000000004167000 	/System/Library/Frameworks/ImageIO.framework/Versions/A/Resources/libGIF.dylib
0x0000000004167000 	/System/Library/Frameworks/ImageIO.framework/Versions/A/Resources/libJP2.dylib
0x0000000004167000 	/System/Library/Frameworks/ImageIO.framework/Versions/A/Resources/libRadiance.dylib
0x0000000004167000 	/System/Library/Frameworks/CoreVideo.framework/Versions/A/CoreVideo
0x0000000004167000 	/System/Library/Frameworks/OpenGL.framework/Versions/A/Libraries/libGLU.dylib
0x0000000004167000 	/System/Library/Frameworks/OpenGL.framework/Versions/A/Libraries/libGFXShared.dylib
0x0000000004167000 	/System/Library/Frameworks/OpenGL.framework/Versions/A/Libraries/libGL.dylib
0x0000000004167000 	/System/Library/Frameworks/OpenGL.framework/Versions/A/Libraries/libGLImage.dylib
0x0000000004167000 	/System/Library/Frameworks/OpenGL.framework/Versions/A/Libraries/libCVMSPluginSupport.dylib
0x0000000004167000 	/System/Library/Frameworks/OpenGL.framework/Versions/A/Libraries/libCoreVMClient.dylib
0x0000000004167000 	/usr/lib/libcompression.dylib
0x0000000004167000 	/usr/lib/libcups.2.dylib
0x0000000004167000 	/System/Library/Frameworks/Kerberos.framework/Versions/A/Kerberos
0x0000000004167000 	/System/Library/Frameworks/GSS.framework/Versions/A/GSS
0x0000000004167000 	/usr/lib/libresolv.9.dylib
0x0000000004167000 	/usr/lib/libiconv.2.dylib
0x0000000004167000 	/System/Library/PrivateFrameworks/Heimdal.framework/Versions/A/Heimdal
0x0000000004167000 	/usr/lib/libheimdal-asn1.dylib
0x0000000004167000 	/System/Library/Frameworks/OpenDirectory.framework/Versions/A/OpenDirectory
0x0000000004167000 	/System/Library/PrivateFrameworks/CommonAuth.framework/Versions/A/CommonAuth
0x0000000004167000 	/System/Library/Frameworks/OpenDirectory.framework/Versions/A/Frameworks/CFOpenDirectory.framework/Versions/A/CFOpenDirectory
0x0000000004167000 	/System/Library/Frameworks/SecurityFoundation.framework/Versions/A/SecurityFoundation
0x0000000004167000 	/System/Library/PrivateFrameworks/LanguageModeling.framework/Versions/A/LanguageModeling
0x0000000004167000 	/usr/lib/libmarisa.dylib
0x0000000004167000 	/usr/lib/libChineseTokenizer.dylib
0x0000000004167000 	/usr/lib/libcmph.dylib
0x0000000004167000 	/System/Library/Frameworks/ServiceManagement.framework/Versions/A/ServiceManagement
0x0000000004167000 	/usr/lib/libxslt.1.dylib
0x0000000004167000 	/System/Library/Frameworks/Carbon.framework/Versions/A/Frameworks/Ink.framework/Versions/A/Ink
0x0000000004167000 	/usr/lib/libFosl_dynamic.dylib
0x0000000004167000 	/System/Library/PrivateFrameworks/FaceCore.framework/Versions/A/FaceCore
0x0000000004167000 	/System/Library/Frameworks/OpenCL.framework/Versions/A/OpenCL
0x0000000004167000 	/System/Library/PrivateFrameworks/CrashReporterSupport.framework/Versions/A/CrashReporterSupport
0x0000000004167000 	/System/Library/PrivateFrameworks/IconServices.framework/Versions/A/IconServices
0x0000000004167000 	/System/Library/PrivateFrameworks/Apple80211.framework/Versions/A/Apple80211
0x0000000004167000 	/System/Library/Frameworks/CoreWLAN.framework/Versions/A/CoreWLAN
0x0000000004167000 	/System/Library/Frameworks/IOBluetooth.framework/Versions/A/IOBluetooth
0x0000000004167000 	/System/Library/PrivateFrameworks/CoreWiFi.framework/Versions/A/CoreWiFi
0x0000000004167000 	/System/Library/Frameworks/CoreBluetooth.framework/Versions/A/CoreBluetooth
0x0000000004167000 	/System/Library/PrivateFrameworks/ChunkingLibrary.framework/Versions/A/ChunkingLibrary
0x0000000004167000 	/System/Library/PrivateFrameworks/DebugSymbols.framework/Versions/A/DebugSymbols
0x0000000004167000 	/System/Library/PrivateFrameworks/CoreSymbolication.framework/Versions/A/CoreSymbolication
0x0000000004167000 	/System/Library/PrivateFrameworks/Symbolication.framework/Versions/A/Symbolication
0x0000000004167000 	/System/Library/PrivateFrameworks/SpeechRecognitionCore.framework/Versions/A/SpeechRecognitionCore
0x0000000107a00000 	/Library/Java/JavaVirtualMachines/jdk1.8.0_91.jdk/Contents/Home/jre/lib/server/libjvm.dylib
0x0000000004167000 	/usr/lib/libstdc++.6.dylib
0x000000010707f000 	/Library/Java/JavaVirtualMachines/jdk1.8.0_91.jdk/Contents/Home/jre/lib/libverify.dylib
0x000000010708d000 	/Library/Java/JavaVirtualMachines/jdk1.8.0_91.jdk/Contents/Home/jre/lib/libjava.dylib
0x00000001070cc000 	/Library/Java/JavaVirtualMachines/jdk1.8.0_91.jdk/Contents/Home/jre/lib/libzip.dylib
0x00000001071e3000 	/System/Library/Frameworks/JavaVM.framework/Frameworks/JavaRuntimeSupport.framework/JavaRuntimeSupport
0x000000011bc80000 	/System/Library/Frameworks/JavaVM.framework/Versions/A/Frameworks/JavaNativeFoundation.framework/Versions/A/JavaNativeFoundation
0x000000011bc95000 	/System/Library/Frameworks/JavaVM.framework/Versions/A/JavaVM
0x0000000004167000 	/System/Library/Frameworks/Carbon.framework/Versions/A/Carbon
0x000000011bca2000 	/System/Library/PrivateFrameworks/JavaLaunching.framework/Versions/A/JavaLaunching
0x0000000004167000 	/System/Library/Frameworks/Carbon.framework/Versions/A/Frameworks/CommonPanels.framework/Versions/A/CommonPanels
0x0000000004167000 	/System/Library/Frameworks/Carbon.framework/Versions/A/Frameworks/Help.framework/Versions/A/Help
0x0000000004167000 	/System/Library/Frameworks/Carbon.framework/Versions/A/Frameworks/ImageCapture.framework/Versions/A/ImageCapture
0x0000000004167000 	/System/Library/Frameworks/Carbon.framework/Versions/A/Frameworks/OpenScripting.framework/Versions/A/OpenScripting
0x0000000004167000 	/System/Library/Frameworks/Carbon.framework/Versions/A/Frameworks/Print.framework/Versions/A/Print
0x0000000004167000 	/System/Library/Frameworks/Carbon.framework/Versions/A/Frameworks/SecurityHI.framework/Versions/A/SecurityHI
0x000000011d5d3000 	/Library/Java/JavaVirtualMachines/jdk1.8.0_91.jdk/Contents/Home/jre/lib/libawt.dylib
0x000000011d67b000 	/Library/Java/JavaVirtualMachines/jdk1.8.0_91.jdk/Contents/Home/jre/lib/./libmlib_image.dylib
0x000000011d747000 	/Library/Java/JavaVirtualMachines/jdk1.8.0_91.jdk/Contents/Home/jre/lib/libawt_lwawt.dylib
0x000000011d7fc000 	/Library/Java/JavaVirtualMachines/jdk1.8.0_91.jdk/Contents/Home/jre/lib/./libosxapp.dylib
0x0000000004167000 	/System/Library/Frameworks/ExceptionHandling.framework/Versions/A/ExceptionHandling
0x0000000004167000 	/System/Library/PrivateFrameworks/CoreServicesInternal.framework/Versions/A/CoreServicesInternal
0x0000000004167000 	/System/Library/Frameworks/CoreGraphics.framework/Versions/A/Resources/libRIP.A.dylib
0x000000011e4f9000 	/System/Library/Frameworks/Accelerate.framework/Frameworks/vImage.framework/Versions/A/Libraries/libCGInterfaces.dylib
0x0000000004167000 	/System/Library/Frameworks/CoreGraphics.framework/Versions/A/Resources/libCGXType.A.dylib
0x0000000004167000 	/System/Library/Frameworks/OpenCL.framework/Versions/A/Libraries/libcldcpuengine.dylib
0x0000000004167000 	/System/Library/PrivateFrameworks/DiskImages.framework/Versions/A/DiskImages
0x0000000004167000 	/System/Library/Frameworks/DiscRecording.framework/Versions/A/DiscRecording
0x0000000004167000 	/usr/lib/libcsfde.dylib
0x0000000004167000 	/usr/lib/libcurl.4.dylib
0x0000000004167000 	/System/Library/PrivateFrameworks/MediaKit.framework/Versions/A/MediaKit
0x0000000004167000 	/System/Library/PrivateFrameworks/ProtectedCloudStorage.framework/Versions/A/ProtectedCloudStorage
0x0000000004167000 	/usr/lib/libCoreStorage.dylib
0x0000000004167000 	/System/Library/PrivateFrameworks/EFILogin.framework/Versions/A/EFILogin
0x0000000004167000 	/usr/lib/libutil.dylib
0x0000000004167000 	/System/Library/PrivateFrameworks/FindMyDevice.framework/Versions/A/FindMyDevice
0x0000000004167000 	/System/Library/Frameworks/LDAP.framework/Versions/A/LDAP
0x0000000004167000 	/usr/lib/libsasl2.2.dylib
0x0000000004167000 	/System/Library/PrivateFrameworks/CoreDaemon.framework/Versions/B/CoreDaemon
0x0000000004167000 	/usr/lib/libcrypto.0.9.8.dylib
0x0000000004167000 	/System/Library/PrivateFrameworks/AppleSRP.framework/Versions/A/AppleSRP
0x0000000004167000 	/System/Library/PrivateFrameworks/TrustEvaluationAgent.framework/Versions/A/TrustEvaluationAgent
0x000000011f223000 	cl_kernels
0x0000000004167000 	/System/Library/Frameworks/OpenCL.framework/Versions/A/Libraries/ImageFormats/unorm8_bgra.dylib
0x0000000004167000 	/System/Library/Frameworks/OpenCL.framework/Versions/A/Libraries/ImageFormats/unorm8_rgba.dylib
0x0000000004167000 	/System/Library/PrivateFrameworks/FamilyControls.framework/Versions/A/FamilyControls
0x0000000004167000 	/System/Library/PrivateFrameworks/CommerceKit.framework/Versions/A/Frameworks/CommerceCore.framework/Versions/A/CommerceCore
0x0000000004167000 	/System/Library/PrivateFrameworks/SystemAdministration.framework/Versions/A/SystemAdministration
0x0000000004167000 	/System/Library/PrivateFrameworks/AppContainer.framework/Versions/A/AppContainer
0x0000000004167000 	/System/Library/PrivateFrameworks/SecCodeWrapper.framework/Versions/A/SecCodeWrapper
0x0000000004167000 	/System/Library/Frameworks/DirectoryService.framework/Versions/A/DirectoryService
0x0000000004167000 	/System/Library/PrivateFrameworks/LoginUIKit.framework/Versions/A/Frameworks/LoginUICore.framework/Versions/A/LoginUICore
0x0000000004167000 	/usr/lib/libodfde.dylib
0x0000000120265000 	/System/Library/Frameworks/OpenGL.framework/Resources/GLEngine.bundle/GLEngine
0x0000000004167000 	/System/Library/Frameworks/OpenGL.framework/Versions/A/Libraries/libGLProgrammability.dylib
0x000000012044d000 	/System/Library/Extensions/AppleIntelHD4000GraphicsGLDriver.bundle/Contents/MacOS/AppleIntelHD4000GraphicsGLDriver
0x0000000004167000 	/System/Library/PrivateFrameworks/GPUSupport.framework/Versions/A/Libraries/libGPUSupportMercury.dylib
0x0000000120b17000 	/System/Library/Frameworks/OpenGL.framework/Resources//GLRendererFloat.bundle/GLRendererFloat
0x00000001213f2000 	/Library/Java/JavaVirtualMachines/jdk1.8.0_91.jdk/Contents/Home/jre/lib/libfontmanager.dylib
0x00000001228b3000 	/Library/Java/JavaVirtualMachines/jdk1.8.0_91.jdk/Contents/Home/jre/lib/libosxui.dylib
0x0000000123334000 	/Library/Java/JavaVirtualMachines/jdk1.8.0_91.jdk/Contents/Home/jre/lib/libnet.dylib
0x00000001233a4000 	/Library/Java/JavaVirtualMachines/jdk1.8.0_91.jdk/Contents/Home/jre/lib/libnio.dylib
0x0000000004167000 	/System/Library/Frameworks/ApplicationServices.framework/Versions/A/Frameworks/ATS.framework/Versions/A/Resources/libTrueTypeScaler.dylib
0x000000018e362000 	/System/Library/Extensions/AppleIntelHD4000GraphicsMTLDriver.bundle/Contents/MacOS/AppleIntelHD4000GraphicsMTLDriver
0x000000018e312000 	/private/var/folders/4w/145m28yn38q3_fgsdcq__sr40000gn/T/jogamp_0000/file_cache/jln4698826586790561490/jln706910461014461949/libgluegen-rt.jnilib
0x000000012334b000 	/private/var/folders/4w/145m28yn38q3_fgsdcq__sr40000gn/T/jogamp_0000/file_cache/jln4698826586790561490/jln706910461014461949/libnativewindow_awt.jnilib
0x00000001233c1000 	/Library/Java/JavaVirtualMachines/jdk1.8.0_91.jdk/Contents/Home/jre/lib/libjawt.dylib
0x000000018e316000 	/private/var/folders/4w/145m28yn38q3_fgsdcq__sr40000gn/T/jogamp_0000/file_cache/jln4698826586790561490/jln706910461014461949/libnativewindow_macosx.jnilib
0x0000000190076000 	/private/var/folders/4w/145m28yn38q3_fgsdcq__sr40000gn/T/jogamp_0000/file_cache/jln4698826586790561490/jln706910461014461949/libjogl_desktop.jnilib
0x00000001925fb000 	/Library/Java/JavaVirtualMachines/jdk1.8.0_91.jdk/Contents/Home/jre/lib/libt2k.dylib

VM Arguments:
jvm_args: -Djava.security.policy=java.policy.applet -Dfile.encoding=UTF-8 
java_command: sun.applet.AppletViewer toolPackage.EarthQuakeMap1466038532617.html
java_class_path (initial): /Users/Steven/Documents/workspace/GoogleMapDataDisplayer/bin:/Users/Steven/Documents/workspace/UCSDUnfoldingMaps/lib/core.jar:/Users/Steven/Documents/workspace/UCSDUnfoldingMaps/lib/json4processing.jar:/Users/Steven/Documents/workspace/UCSDUnfoldingMaps/lib/unfolding.0.9.7-uscd.jar:/Users/Steven/Documents/workspace/UCSDUnfoldingMaps/lib/gluegen-rt-natives-linux-amd64.jar:/Users/Steven/Documents/workspace/UCSDUnfoldingMaps/lib/gluegen-rt-natives-linux-armv6hf.jar:/Users/Steven/Documents/workspace/UCSDUnfoldingMaps/lib/gluegen-rt-natives-linux-i586.jar:/Users/Steven/Documents/workspace/UCSDUnfoldingMaps/lib/gluegen-rt-natives-macosx-universal.jar:/Users/Steven/Documents/workspace/UCSDUnfoldingMaps/lib/gluegen-rt-natives-windows-amd64.jar:/Users/Steven/Documents/workspace/UCSDUnfoldingMaps/lib/gluegen-rt-natives-windows-i586.jar:/Users/Steven/Documents/workspace/UCSDUnfoldingMaps/lib/gluegen-rt.jar:/Users/Steven/Documents/workspace/UCSDUnfoldingMaps/lib/jogl-all-natives-linux-amd64.jar:/Users/Steven/Documents/workspace/UCSDUnfoldingMaps/lib/jogl-all-natives-linux-armv6hf.jar:/Users/Steven/Documents/workspace/UCSDUnfoldingMaps/lib/jogl-all-natives-linux-i586.jar:/Users/Steven/Documents/workspace/UCSDUnfoldingMaps/lib/jogl-all-natives-macosx-universal.jar:/Users/Steven/Documents/workspace/UCSDUnfoldingMaps/lib/jogl-all-natives-windows-amd64.jar:/Users/Steven/Documents/workspace/UCSDUnfoldingMaps/lib/jogl-all-natives-windows-i586.jar:/Users/Steven/Documents/workspace/UCSDUnfoldingMaps/lib/jogl-all.jar:/Users/Steven/Documents/workspace/UCSDUnfoldingMaps/lib/libTUIO.jar:/Users/Steven/Documents/workspace/UCSDUnfoldingMaps/lib/log4j-1.2.15.jar:/Users/Steven/Documents/workspace/UCSDUnfoldingMaps/lib/sqlite-jdbc-3.7.2.jar
Launcher Type: SUN_STANDARD

Environment Variables:
PATH=/usr/bin:/bin:/usr/sbin:/sbin
SHELL=/bin/bash
DISPLAY=/private/tmp/com.apple.launchd.otBJ7X57rx/org.macosforge.xquartz:0

Signal Handlers:
SIGSEGV: [libjvm.dylib+0x5a97a1], sa_mask[0]=11111111011111110111111111111111, sa_flags=SA_ONSTACK|SA_RESTART|SA_SIGINFO
SIGBUS: [libjvm.dylib+0x5a97a1], sa_mask[0]=11111111011111110111111111111111, sa_flags=SA_RESTART|SA_SIGINFO
SIGFPE: [libjvm.dylib+0x482594], sa_mask[0]=11111111011111110111111111111111, sa_flags=SA_RESTART|SA_SIGINFO
SIGPIPE: [libjvm.dylib+0x482594], sa_mask[0]=11111111011111110111111111111111, sa_flags=SA_RESTART|SA_SIGINFO
SIGXFSZ: [libjvm.dylib+0x482594], sa_mask[0]=11111111011111110111111111111111, sa_flags=SA_RESTART|SA_SIGINFO
SIGILL: [libjvm.dylib+0x482594], sa_mask[0]=11111111011111110111111111111111, sa_flags=SA_RESTART|SA_SIGINFO
SIGUSR1: SIG_DFL, sa_mask[0]=00000000000000000000000000000000, sa_flags=none
SIGUSR2: [libjvm.dylib+0x4820b2], sa_mask[0]=00100000000000000000000000000000, sa_flags=SA_RESTART|SA_SIGINFO
SIGHUP: [libjvm.dylib+0x480689], sa_mask[0]=11111111011111110111111111111111, sa_flags=SA_RESTART|SA_SIGINFO
SIGINT: [libjvm.dylib+0x480689], sa_mask[0]=11111111011111110111111111111111, sa_flags=SA_RESTART|SA_SIGINFO
SIGTERM: [libjvm.dylib+0x480689], sa_mask[0]=11111111011111110111111111111111, sa_flags=SA_RESTART|SA_SIGINFO
SIGQUIT: [libjvm.dylib+0x480689], sa_mask[0]=11111111011111110111111111111111, sa_flags=SA_RESTART|SA_SIGINFO


---------------  S Y S T E M  ---------------

OS:Bsduname:Darwin 15.5.0 Darwin Kernel Version 15.5.0: Tue Apr 19 18:36:36 PDT 2016; root:xnu-3248.50.21~8/RELEASE_X86_64 x86_64
rlimit: STACK 8192k, CORE 0k, NPROC 709, NOFILE 10240, AS infinity
load average:1.76 1.93 1.75

CPU:total 4 (2 cores per cpu, 2 threads per core) family 6 model 58 stepping 9, cmov, cx8, fxsr, mmx, sse, sse2, sse3, ssse3, sse4.1, sse4.2, popcnt, avx, aes, clmul, erms, ht, tsc, tscinvbit, tscinv

Memory: 4k page, physical 4194304k(78264k free)

/proc/meminfo:


vm_info: Java HotSpot(TM) 64-Bit Server VM (25.91-b14) for bsd-amd64 JRE (1.8.0_91-b14), built on Apr  1 2016 01:03:00 by "java_re" with gcc 4.2.1 (Based on Apple Inc. build 5658) (LLVM build 2336.11.00)

time: Wed Jun 15 20:55:51 2016
elapsed time: 19 seconds (0d 0h 0m 19s)

