#
# A fatal error has been detected by the Java Runtime Environment:
#
#  SIGSEGV (0xb) at pc=0x00007fff92d324dd, pid=22248, tid=2571
#
# JRE version: Java(TM) SE Runtime Environment (8.0_91-b14) (build 1.8.0_91-b14)
# Java VM: Java HotSpot(TM) 64-Bit Server VM (25.91-b14 mixed mode bsd-amd64 compressed oops)
# Problematic frame:
# C  [libobjc.A.dylib+0x14dd]  objc_msgSend+0x1d
#
# Failed to write core dump. Core dumps have been disabled. To enable core dumping, try "ulimit -c unlimited" before starting Java again
#
# If you would like to submit a bug report, please visit:
#   http://bugreport.java.com/bugreport/crash.jsp
# The crash happened outside the Java Virtual Machine in native code.
# See problematic frame for where to report the bug.
#

---------------  T H R E A D  ---------------

Current thread (0x00007febc99d5000):  JavaThread "AWT-AppKit" daemon [_thread_in_native, id=2571, stack(0x00007fff55a01000,0x00007fff56201000)]

siginfo: si_signo: 11 (SIGSEGV), si_code: 1 (SEGV_MAPERR), si_addr: 0x0000000000000018

Registers:
RAX=0x00007febcd46d710, RBX=0x00000001213df450, RCX=0x00000001214079a0, RDX=0x00000001212fefe0
RSP=0x00007fff561fbfe8, RBP=0x00007fff561fc0a0, RSI=0x00007fff979d2cde, RDI=0x00007febc95bc3b0
R8 =0x0000000000000000, R9 =0x00000000000008b0, R10=0x00007fff979d2cde, R11=0x0000000000000000
R12=0x0000000000000000, R13=0x0000000192feb4f0, R14=0x00000001213df440, R15=0x00007febc99d5000
RIP=0x00007fff92d324dd, EFLAGS=0x0000000000010246, ERR=0x0000000000000004
  TRAPNO=0x000000000000000e

Top of Stack: (sp=0x00007fff561fbfe8)
0x00007fff561fbfe8:   00000001213dd157 00007fff561fc040
0x00007fff561fbff8:   0000000000000003 00007fff561fc020
0x00007fff561fc008:   000000010a7f24ea 0000000192feb4f0
0x00007fff561fc018:   0000000192feb4f0 00007febcd46d710
0x00007fff561fc028:   00000001213df6a0 00000001213df710
0x00007fff561fc038:   00007fff74305770 00007fff770fa500
0x00007fff561fc048:   00000001213df450 00000001213df690
0x00007fff561fc058:   00007febcd46d710 00007febc95bc3b0
0x00007fff561fc068:   00007febcd333b70 00007febcd46d710
0x00007fff561fc078:   00007febc95bc3b0 00007fff561fc120
0x00007fff561fc088:   00007febc99d51f8 0000000192feb4f0
0x00007fff561fc098:   00007fff561fc148 00007fff561fc110
0x00007fff561fc0a8:   000000010b5ab9d4 00007fff561fc110
0x00007fff561fc0b8:   000000010b5ab759 000000010b5b7983
0x00007fff561fc0c8:   000000010b5ab722 00007fff561fc0d0
0x00007fff561fc0d8:   0000000192feb4f0 00007fff561fc148
0x00007fff561fc0e8:   0000000192fee128 0000000000000000
0x00007fff561fc0f8:   0000000192feb4f0 0000000000000000
0x00007fff561fc108:   00007fff561fc130 00007fff561fc190
0x00007fff561fc118:   000000010b59c2bd 00000007abeaf9a8
0x00007fff561fc128:   000000010b5a5538 00007febcd46d710
0x00007fff561fc138:   000000010b5a6e39 00007febc95bc3b0
0x00007fff561fc148:   000000010b5a6e02 00007fff561fc150
0x00007fff561fc158:   0000000192feb6ba 00007fff561fc1b8
0x00007fff561fc168:   0000000192fee128 0000000000000000
0x00007fff561fc178:   0000000192feb6c8 00007fff561fc130
0x00007fff561fc188:   00007fff561fc1a0 00007fff561fc200
0x00007fff561fc198:   000000010b59c2bd 00007febcd46d710
0x00007fff561fc1a8:   0000000780651140 00007febc95bc3b0
0x00007fff561fc1b8:   0000000780651140 00007fff561fc1c0
0x00007fff561fc1c8:   00000001953a44de 00007fff561fc210
0x00007fff561fc1d8:   00000001953a4598 0000000000000000 

Instructions: (pc=0x00007fff92d324dd)
0x00007fff92d324bd:   44 00 00 48 85 ff 2e 74 62 40 f6 c7 01 2e 75 66
0x00007fff92d324cd:   49 bb f8 ff ff ff ff 7f 00 00 4c 23 1f 49 89 f2
0x00007fff92d324dd:   45 23 53 18 49 c1 e2 04 4d 03 53 10 49 3b 32 75
0x00007fff92d324ed:   04 41 ff 62 08 49 83 3a 01 76 0d 49 83 c2 10 49 

Register to memory mapping:

RAX=0x00007febcd46d710 is an unknown value
RBX=0x00000001213df450: Java_jogamp_nativewindow_macosx_OSXUtil_GetScreenRefreshRate0+0x1cf0 in /private/var/folders/4w/145m28yn38q3_fgsdcq__sr40000gn/T/jogamp_0000/file_cache/jln9209187414670039962/jln1212511252607096529/libnativewindow_macosx.jnilib at 0x00000001213d8000
RCX=0x00000001214079a0 is an unknown value
RDX=0x00000001212fefe0 is an unknown value
RSP=0x00007fff561fbfe8 is pointing into the stack for thread: 0x00007febc99d5000
RBP=0x00007fff561fc0a0 is pointing into the stack for thread: 0x00007febc99d5000
RSI=0x00007fff979d2cde is an unknown value
RDI=0x00007febc95bc3b0 is an unknown value
R8 =0x0000000000000000 is an unknown value
R9 =0x00000000000008b0 is an unknown value
R10=0x00007fff979d2cde is an unknown value
R11=0x0000000000000000 is an unknown value
R12=0x0000000000000000 is an unknown value
R13={method} {0x0000000192feb4f0} 'UnsetJAWTRootSurfaceLayer0' '(JJ)V' in 'jogamp/nativewindow/jawt/macosx/MacOSXJAWTWindow'
R14=0x00000001213df440: Java_jogamp_nativewindow_macosx_OSXUtil_GetScreenRefreshRate0+0x1ce0 in /private/var/folders/4w/145m28yn38q3_fgsdcq__sr40000gn/T/jogamp_0000/file_cache/jln9209187414670039962/jln1212511252607096529/libnativewindow_macosx.jnilib at 0x00000001213d8000
R15=0x00007febc99d5000 is a thread


Stack: [0x00007fff55a01000,0x00007fff56201000],  sp=0x00007fff561fbfe8,  free space=8171k
Native frames: (J=compiled Java code, j=interpreted, Vv=VM code, C=native code)
C  [libobjc.A.dylib+0x14dd]  objc_msgSend+0x1d
j  jogamp.nativewindow.jawt.macosx.MacOSXJAWTWindow.UnsetJAWTRootSurfaceLayer0(JJ)V+0
j  jogamp.nativewindow.jawt.macosx.MacOSXJAWTWindow.access$200(JJ)V+2
j  jogamp.nativewindow.jawt.macosx.MacOSXJAWTWindow$1.run()V+38
j  com.jogamp.common.util.RunnableTask.run()V+24
v  ~StubRoutines::call_stub
V  [libjvm.dylib+0x2ec1e6]  JavaCalls::call_helper(JavaValue*, methodHandle*, JavaCallArguments*, Thread*)+0x6ae
V  [libjvm.dylib+0x323355]  jni_invoke_nonstatic(JNIEnv_*, JavaValue*, _jobject*, JNICallType, _jmethodID*, JNI_ArgumentPusher*, Thread*)+0x2ec
V  [libjvm.dylib+0x315b23]  jni_CallVoidMethod+0x16b
C  [libnativewindow_macosx.jnilib+0x5326]  Java_jogamp_nativewindow_jawt_macosx_MacOSXJAWTWindow_UnsetJAWTRootSurfaceLayer0+0x2b6
C  [Foundation+0x76fde]  __NSThreadPerformPerform+0x117
C  [CoreFoundation+0xaa881]  __CFRUNLOOP_IS_CALLING_OUT_TO_A_SOURCE0_PERFORM_FUNCTION__+0x11
C  [CoreFoundation+0x89fbc]  __CFRunLoopDoSources0+0x22c
C  [CoreFoundation+0x894df]  __CFRunLoopRun+0x39f
C  [CoreFoundation+0x88ed8]  CFRunLoopRunSpecific+0x128
C  [HIToolbox+0x30935]  RunCurrentEventLoopInMode+0xeb
C  [HIToolbox+0x30677]  ReceiveNextEventCommon+0xb8
C  [HIToolbox+0x305af]  _BlockUntilNextEventMatchingListInModeWithFilter+0x47
C  [AppKit+0x48df6]  _DPSNextEvent+0x42b
C  [AppKit+0x48226]  -[NSApplication _nextEventMatchingEventMask:untilDate:inMode:dequeue:]+0x1c6
C  [libosxapp.dylib+0x23aa]  -[NSApplicationAWT nextEventMatchingMask:untilDate:inMode:dequeue:]+0x7c
C  [AppKit+0x3cd80]  -[NSApplication run]+0x2aa
C  [libosxapp.dylib+0x214d]  +[NSApplicationAWT runAWTLoopWithApp:]+0x9c
C  [libawt_lwawt.dylib+0x4455b]  -[AWTStarter starter:]+0x389
C  [Foundation+0x76fde]  __NSThreadPerformPerform+0x117
C  [CoreFoundation+0xaa881]  __CFRUNLOOP_IS_CALLING_OUT_TO_A_SOURCE0_PERFORM_FUNCTION__+0x11
C  [CoreFoundation+0x89fbc]  __CFRunLoopDoSources0+0x22c
C  [CoreFoundation+0x894df]  __CFRunLoopRun+0x39f
C  [CoreFoundation+0x88ed8]  CFRunLoopRunSpecific+0x128
C  [java+0x6463]  CreateExecutionEnvironment+0x367
C  [java+0x21ac]  JLI_Launch+0x7a0
C  [java+0x84c0]  main+0x65
C  [java+0x1a04]  start+0x34
C  0x0000000000000007

Java frames: (J=compiled Java code, j=interpreted, Vv=VM code)
j  jogamp.nativewindow.jawt.macosx.MacOSXJAWTWindow.UnsetJAWTRootSurfaceLayer0(JJ)V+0
j  jogamp.nativewindow.jawt.macosx.MacOSXJAWTWindow.access$200(JJ)V+2
j  jogamp.nativewindow.jawt.macosx.MacOSXJAWTWindow$1.run()V+38
j  com.jogamp.common.util.RunnableTask.run()V+24
v  ~StubRoutines::call_stub

---------------  P R O C E S S  ---------------

Java Threads: ( => current thread )
  0x00007febce2e9000 JavaThread "Thread-7" [_thread_blocked, id=64263, stack(0x00007000019ee000,0x0000700001aee000)]
  0x00007febcb115000 JavaThread "Image Fetcher 2" daemon [_thread_blocked, id=64811, stack(0x0000700002000000,0x0000700002100000)]
  0x00007febca889000 JavaThread "Image Fetcher 1" daemon [_thread_blocked, id=59911, stack(0x0000700001efd000,0x0000700001ffd000)]
  0x00007febcb114000 JavaThread "Image Fetcher 0" daemon [_thread_blocked, id=5171, stack(0x0000700001dfa000,0x0000700001efa000)]
  0x00007febc9ea0800 JavaThread "Keep-Alive-Timer" daemon [_thread_blocked, id=59655, stack(0x00007000017e8000,0x00007000018e8000)]
  0x00007febca3a6000 JavaThread "AWT-EventQueue-1" [_thread_in_native, id=58935, stack(0x00007000018eb000,0x00007000019eb000)]
  0x00007febcb08a800 JavaThread "DestroyJavaVM" [_thread_blocked, id=5891, stack(0x000070000011a000,0x000070000021a000)]
  0x00007febcb12a000 JavaThread "AWT-EventQueue-0" [_thread_in_native, id=57347, stack(0x00007000016e5000,0x00007000017e5000)]
  0x00007febc9ae1800 JavaThread "Java2D Disposer" daemon [_thread_blocked, id=54019, stack(0x000070000145c000,0x000070000155c000)]
  0x00007febc9a32000 JavaThread "Java2D Queue Flusher" daemon [_thread_blocked, id=50439, stack(0x0000700001359000,0x0000700001459000)]
  0x00007febca118000 JavaThread "AWT-Shutdown" [_thread_blocked, id=29715, stack(0x00007000011d3000,0x00007000012d3000)]
=>0x00007febc99d5000 JavaThread "AWT-AppKit" daemon [_thread_in_native, id=2571, stack(0x00007fff55a01000,0x00007fff56201000)]
  0x00007febca03b000 JavaThread "Service Thread" daemon [_thread_blocked, id=18435, stack(0x0000700000dc1000,0x0000700000ec1000)]
  0x00007febc9833000 JavaThread "C1 CompilerThread2" daemon [_thread_blocked, id=17923, stack(0x0000700000cbe000,0x0000700000dbe000)]
  0x00007febc981c000 JavaThread "C2 CompilerThread1" daemon [_thread_blocked, id=17411, stack(0x0000700000bbb000,0x0000700000cbb000)]
  0x00007febca03e000 JavaThread "C2 CompilerThread0" daemon [_thread_blocked, id=16899, stack(0x0000700000ab8000,0x0000700000bb8000)]
  0x00007febc981b000 JavaThread "Signal Dispatcher" daemon [_thread_blocked, id=13839, stack(0x00007000009b5000,0x0000700000ab5000)]
  0x00007febca000800 JavaThread "Finalizer" daemon [_thread_blocked, id=12291, stack(0x000070000082f000,0x000070000092f000)]
  0x00007febcb00b000 JavaThread "Reference Handler" daemon [_thread_blocked, id=11779, stack(0x000070000072c000,0x000070000082c000)]

Other Threads:
  0x00007febcb008000 VMThread [stack: 0x0000700000629000,0x0000700000729000] [id=11267]
  0x00007febc982f800 WatcherThread [stack: 0x0000700000ec4000,0x0000700000fc4000] [id=18947]

VM state:not at safepoint (normal execution)

VM Mutex/Monitor currently owned by a thread: None

Heap:
 PSYoungGen      total 18944K, used 4454K [0x00000007aab00000, 0x00000007ad000000, 0x00000007c0000000)
  eden space 16384K, 11% used [0x00000007aab00000,0x00000007aace1998,0x00000007abb00000)
  from space 2560K, 98% used [0x00000007abd80000,0x00000007abff8030,0x00000007ac000000)
  to   space 2560K, 0% used [0x00000007abb00000,0x00000007abb00000,0x00000007abd80000)
 ParOldGen       total 44032K, used 13662K [0x0000000780000000, 0x0000000782b00000, 0x00000007aab00000)
  object space 44032K, 31% used [0x0000000780000000,0x0000000780d57b78,0x0000000782b00000)
 Metaspace       used 20007K, capacity 20235K, committed 20352K, reserved 1067008K
  class space    used 2031K, capacity 2110K, committed 2176K, reserved 1048576K

Card table byte_map: [0x000000011a954000,0x000000011ab55000] byte_map_base: 0x0000000116d54000

Marking Bits: (ParMarkBitMap*) 0x000000010aee6eb0
 Begin Bits: [0x000000011acab000, 0x000000011bcab000)
 End Bits:   [0x000000011bcab000, 0x000000011ccab000)

Polling page: 0x0000000109cc2000

CodeCache: size=245760Kb used=5600Kb max_used=5613Kb free=240159Kb
 bounds [0x000000010b594000, 0x000000010bb14000, 0x000000011a594000]
 total_blobs=2276 nmethods=1395 adapters=795
 compilation: enabled

Compilation events (10 events):
Event: 20.622 Thread 0x00007febca03e000 1429  s!   4       sun.misc.URLClassPath::getLoader (197 bytes)
Event: 20.629 Thread 0x00007febca03e000 nmethod 1429 0x000000010bb0d490 code [0x000000010bb0d600, 0x000000010bb0ddd8]
Event: 20.631 Thread 0x00007febc9833000 1430       3       sun.lwawt.LWComponentPeer::findPeerAt (56 bytes)
Event: 20.632 Thread 0x00007febc9833000 nmethod 1430 0x000000010bb0c090 code [0x000000010bb0c260, 0x000000010bb0cef8]
Event: 20.635 Thread 0x00007febc981c000 1431  s    4       sun.misc.URLClassPath::getNextLoader (88 bytes)
Event: 20.638 Thread 0x00007febc9833000 1432       3       java.awt.EventQueue::getPriority (78 bytes)
Event: 20.639 Thread 0x00007febc9833000 nmethod 1432 0x000000010bb0b690 code [0x000000010bb0b840, 0x000000010bb0bf30]
Event: 20.639 Thread 0x00007febc9833000 1433       3       java.awt.EventQueue::postEvent (172 bytes)
Event: 20.640 Thread 0x00007febc9833000 nmethod 1433 0x000000010bb0e190 code [0x000000010bb0e460, 0x000000010bb0f718]
Event: 20.643 Thread 0x00007febc981c000 nmethod 1431 0x000000010bb11f10 code [0x000000010bb12080, 0x000000010bb127f8]

GC Heap History (8 events):
Event: 13.860 GC heap before
{Heap before GC invocations=1 (full 0):
 PSYoungGen      total 18944K, used 16384K [0x00000007aab00000, 0x00000007ac000000, 0x00000007c0000000)
  eden space 16384K, 100% used [0x00000007aab00000,0x00000007abb00000,0x00000007abb00000)
  from space 2560K, 0% used [0x00000007abd80000,0x00000007abd80000,0x00000007ac000000)
  to   space 2560K, 0% used [0x00000007abb00000,0x00000007abb00000,0x00000007abd80000)
 ParOldGen       total 44032K, used 0K [0x0000000780000000, 0x0000000782b00000, 0x00000007aab00000)
  object space 44032K, 0% used [0x0000000780000000,0x0000000780000000,0x0000000782b00000)
 Metaspace       used 11420K, capacity 11592K, committed 11904K, reserved 1060864K
  class space    used 1280K, capacity 1346K, committed 1408K, reserved 1048576K
Event: 13.866 GC heap after
Heap after GC invocations=1 (full 0):
 PSYoungGen      total 18944K, used 2556K [0x00000007aab00000, 0x00000007ac000000, 0x00000007c0000000)
  eden space 16384K, 0% used [0x00000007aab00000,0x00000007aab00000,0x00000007abb00000)
  from space 2560K, 99% used [0x00000007abb00000,0x00000007abd7f170,0x00000007abd80000)
  to   space 2560K, 0% used [0x00000007abd80000,0x00000007abd80000,0x00000007ac000000)
 ParOldGen       total 44032K, used 1179K [0x0000000780000000, 0x0000000782b00000, 0x00000007aab00000)
  object space 44032K, 2% used [0x0000000780000000,0x0000000780126e70,0x0000000782b00000)
 Metaspace       used 11420K, capacity 11592K, committed 11904K, reserved 1060864K
  class space    used 1280K, capacity 1346K, committed 1408K, reserved 1048576K
}
Event: 14.817 GC heap before
{Heap before GC invocations=2 (full 0):
 PSYoungGen      total 18944K, used 18940K [0x00000007aab00000, 0x00000007ac000000, 0x00000007c0000000)
  eden space 16384K, 100% used [0x00000007aab00000,0x00000007abb00000,0x00000007abb00000)
  from space 2560K, 99% used [0x00000007abb00000,0x00000007abd7f170,0x00000007abd80000)
  to   space 2560K, 0% used [0x00000007abd80000,0x00000007abd80000,0x00000007ac000000)
 ParOldGen       total 44032K, used 1179K [0x0000000780000000, 0x0000000782b00000, 0x00000007aab00000)
  object space 44032K, 2% used [0x0000000780000000,0x0000000780126e70,0x0000000782b00000)
 Metaspace       used 15928K, capacity 16123K, committed 16256K, reserved 1064960K
  class space    used 1612K, capacity 1660K, committed 1664K, reserved 1048576K
Event: 14.824 GC heap after
Heap after GC invocations=2 (full 0):
 PSYoungGen      total 18944K, used 2544K [0x00000007aab00000, 0x00000007ac000000, 0x00000007c0000000)
  eden space 16384K, 0% used [0x00000007aab00000,0x00000007aab00000,0x00000007abb00000)
  from space 2560K, 99% used [0x00000007abd80000,0x00000007abffc030,0x00000007ac000000)
  to   space 2560K, 0% used [0x00000007abb00000,0x00000007abb00000,0x00000007abd80000)
 ParOldGen       total 44032K, used 2564K [0x0000000780000000, 0x0000000782b00000, 0x00000007aab00000)
  object space 44032K, 5% used [0x0000000780000000,0x0000000780281230,0x0000000782b00000)
 Metaspace       used 15928K, capacity 16123K, committed 16256K, reserved 1064960K
  class space    used 1612K, capacity 1660K, committed 1664K, reserved 1048576K
}
Event: 15.876 GC heap before
{Heap before GC invocations=3 (full 0):
 PSYoungGen      total 18944K, used 18928K [0x00000007aab00000, 0x00000007ac000000, 0x00000007c0000000)
  eden space 16384K, 100% used [0x00000007aab00000,0x00000007abb00000,0x00000007abb00000)
  from space 2560K, 99% used [0x00000007abd80000,0x00000007abffc030,0x00000007ac000000)
  to   space 2560K, 0% used [0x00000007abb00000,0x00000007abb00000,0x00000007abd80000)
 ParOldGen       total 44032K, used 2564K [0x0000000780000000, 0x0000000782b00000, 0x00000007aab00000)
  object space 44032K, 5% used [0x0000000780000000,0x0000000780281230,0x0000000782b00000)
 Metaspace       used 19118K, capacity 19291K, committed 19456K, reserved 1067008K
  class space    used 1944K, capacity 2012K, committed 2048K, reserved 1048576K
Event: 15.886 GC heap after
Heap after GC invocations=3 (full 0):
 PSYoungGen      total 18944K, used 2528K [0x00000007aab00000, 0x00000007ac000000, 0x00000007c0000000)
  eden space 16384K, 0% used [0x00000007aab00000,0x00000007aab00000,0x00000007abb00000)
  from space 2560K, 98% used [0x00000007abb00000,0x00000007abd78080,0x00000007abd80000)
  to   space 2560K, 0% used [0x00000007abd80000,0x00000007abd80000,0x00000007ac000000)
 ParOldGen       total 44032K, used 6359K [0x0000000780000000, 0x0000000782b00000, 0x00000007aab00000)
  object space 44032K, 14% used [0x0000000780000000,0x0000000780635fa0,0x0000000782b00000)
 Metaspace       used 19118K, capacity 19291K, committed 19456K, reserved 1067008K
  class space    used 1944K, capacity 2012K, committed 2048K, reserved 1048576K
}
Event: 16.546 GC heap before
{Heap before GC invocations=4 (full 0):
 PSYoungGen      total 18944K, used 18758K [0x00000007aab00000, 0x00000007ac000000, 0x00000007c0000000)
  eden space 16384K, 99% used [0x00000007aab00000,0x00000007abad9a38,0x00000007abb00000)
  from space 2560K, 98% used [0x00000007abb00000,0x00000007abd78080,0x00000007abd80000)
  to   space 2560K, 0% used [0x00000007abd80000,0x00000007abd80000,0x00000007ac000000)
 ParOldGen       total 44032K, used 6359K [0x0000000780000000, 0x0000000782b00000, 0x00000007aab00000)
  object space 44032K, 14% used [0x0000000780000000,0x0000000780635fa0,0x0000000782b00000)
 Metaspace       used 19932K, capacity 20135K, committed 20352K, reserved 1067008K
  class space    used 2022K, capacity 2078K, committed 2176K, reserved 1048576K
Event: 16.565 GC heap after
Heap after GC invocations=4 (full 0):
 PSYoungGen      total 18944K, used 2528K [0x00000007aab00000, 0x00000007ad000000, 0x00000007c0000000)
  eden space 16384K, 0% used [0x00000007aab00000,0x00000007aab00000,0x00000007abb00000)
  from space 2560K, 98% used [0x00000007abd80000,0x00000007abff8030,0x00000007ac000000)
  to   space 2560K, 0% used [0x00000007abb00000,0x00000007abb00000,0x00000007abd80000)
 ParOldGen       total 44032K, used 13662K [0x0000000780000000, 0x0000000782b00000, 0x00000007aab00000)
  object space 44032K, 31% used [0x0000000780000000,0x0000000780d57b78,0x0000000782b00000)
 Metaspace       used 19932K, capacity 20135K, committed 20352K, reserved 1067008K
  class space    used 2022K, capacity 2078K, committed 2176K, reserved 1048576K
}

Deoptimization events (10 events):
Event: 13.352 Thread 0x00007febca852000 Uncommon trap: reason=unstable_if action=reinterpret pc=0x000000010b764cc0 method=java.lang.String.toLowerCase(Ljava/util/Locale;)Ljava/lang/String; @ 85
Event: 13.965 Thread 0x00007febca3e7800 Uncommon trap: reason=unstable_if action=reinterpret pc=0x000000010b780ad4 method=java.lang.String.indexOf([CII[CIII)I @ 3
Event: 13.965 Thread 0x00007febca3e7800 Uncommon trap: reason=unstable_if action=reinterpret pc=0x000000010b755960 method=java.lang.String.indexOf([CII[CIII)I @ 3
Event: 15.466 Thread 0x00007febca3a6000 Uncommon trap: reason=unstable_if action=reinterpret pc=0x000000010b73f7ec method=java.lang.AbstractStringBuilder.append(Ljava/lang/String;)Ljava/lang/AbstractStringBuilder; @ 1
Event: 15.713 Thread 0x00007febca3a6000 Uncommon trap: reason=unstable_if action=reinterpret pc=0x000000010b93d980 method=com.sun.org.apache.xerces.internal.impl.XMLEntityScanner.peekChar()I @ 14
Event: 16.355 Thread 0x00007febca3a6000 Uncommon trap: reason=unstable_if action=reinterpret pc=0x000000010ba4d33c method=com.jogamp.common.util.IntIntHashMap.get(I)I @ 28
Event: 16.361 Thread 0x00007febca3a6000 Uncommon trap: reason=null_check action=maybe_recompile pc=0x000000010ba2e90c method=sun.misc.FloatingDecimal.readJavaFormatString(Ljava/lang/String;)Lsun/misc/FloatingDecimal$ASCIIToBinaryConverter; @ 5
Event: 16.414 Thread 0x00007febca3a6000 Uncommon trap: reason=unstable_if action=reinterpret pc=0x000000010ba18a50 method=java.lang.String.trim()Ljava/lang/String; @ 23
Event: 16.451 Thread 0x00007febca3a6000 Uncommon trap: reason=null_check action=maybe_recompile pc=0x000000010ba2e90c method=sun.misc.FloatingDecimal.readJavaFormatString(Ljava/lang/String;)Lsun/misc/FloatingDecimal$ASCIIToBinaryConverter; @ 5
Event: 16.475 Thread 0x00007febc9ef2800 Uncommon trap: reason=unstable_if action=reinterpret pc=0x000000010ba2ff94 method=java.lang.String.regionMatches(ZILjava/lang/String;II)Z @ 123

Internal exceptions (10 events):
Event: 3.513 Thread 0x00007febca001800 Exception <a 'java/io/FileNotFoundException'> (0x00000007aad48f00) thrown at [/Users/java_re/workspace/8-2-build-macosx-x86_64/jdk8u91/6644/hotspot/src/share/vm/prims/jni.cpp, line 709]
Event: 3.513 Thread 0x00007febca001800 Exception <a 'java/io/FileNotFoundException'> (0x00000007aad49a48) thrown at [/Users/java_re/workspace/8-2-build-macosx-x86_64/jdk8u91/6644/hotspot/src/share/vm/prims/jni.cpp, line 709]
Event: 4.282 Thread 0x00007febca001800 Exception <a 'java/io/FileNotFoundException'> (0x00000007aae9d038) thrown at [/Users/java_re/workspace/8-2-build-macosx-x86_64/jdk8u91/6644/hotspot/src/share/vm/prims/jni.cpp, line 709]
Event: 13.868 Thread 0x00007febca000800 Exception <a 'java/lang/NullPointerException'> (0x00000007aab845a0) thrown at [/Users/java_re/workspace/8-2-build-macosx-x86_64/jdk8u91/6644/hotspot/src/share/vm/interpreter/linkResolver.cpp, line 1178]
Event: 14.083 Thread 0x00007febca3e7800 Exception <a 'java/lang/UnsatisfiedLinkError': com.jogamp.common.util.JarUtil.fixNativeLibAttribs(Ljava/lang/String;)Z> (0x00000007aaf76c98) thrown at [/Users/java_re/workspace/8-2-build-macosx-x86_64/jdk8u91/6644/hotspot/src/share/vm/prims/nativeLookup.c
Event: 15.466 Thread 0x00007febca3a6000 Exception <a 'java/io/FileNotFoundException'> (0x00000007ab2c09a8) thrown at [/Users/java_re/workspace/8-2-build-macosx-x86_64/jdk8u91/6644/hotspot/src/share/vm/prims/jni.cpp, line 709]
Event: 15.466 Thread 0x00007febca3a6000 Exception <a 'java/io/FileNotFoundException'> (0x00000007ab2c80c8) thrown at [/Users/java_re/workspace/8-2-build-macosx-x86_64/jdk8u91/6644/hotspot/src/share/vm/prims/jni.cpp, line 709]
Event: 15.466 Thread 0x00007febca3a6000 Implicit null exception at 0x000000010b73f475 to 0x000000010b73f7d9
Event: 16.361 Thread 0x00007febca3a6000 Implicit null exception at 0x000000010ba2dcf1 to 0x000000010ba2e901
Event: 16.451 Thread 0x00007febca3a6000 Implicit null exception at 0x000000010ba2dcf1 to 0x000000010ba2e901

Events (10 events):
Event: 20.637 loading class java/awt/LightweightDispatcher$2 done
Event: 20.637 loading class java/awt/event/AWTEventListenerProxy
Event: 20.637 loading class java/awt/event/AWTEventListenerProxy done
Event: 20.637 loading class java/awt/Toolkit$ToolkitEventMulticaster
Event: 20.637 loading class java/awt/Toolkit$ToolkitEventMulticaster done
Event: 20.637 Executing VM operation: RevokeBias
Event: 20.638 Executing VM operation: RevokeBias done
Event: 20.638 Thread 0x00007febc9af3000 Thread exited: 0x00007febc9af3000
Event: 20.638 loading class sun/awt/AppContext$4
Event: 20.638 loading class sun/awt/AppContext$4 done


Dynamic libraries:
0x0000000004167000 	/System/Library/Frameworks/Cocoa.framework/Versions/A/Cocoa
0x0000000004167000 	/System/Library/Frameworks/Security.framework/Versions/A/Security
0x0000000004167000 	/System/Library/Frameworks/ApplicationServices.framework/Versions/A/ApplicationServices
0x0000000004167000 	/usr/lib/libz.1.dylib
0x0000000004167000 	/usr/lib/libSystem.B.dylib
0x0000000004167000 	/usr/lib/libobjc.A.dylib
0x0000000004167000 	/System/Library/Frameworks/CoreFoundation.framework/Versions/A/CoreFoundation
0x0000000004167000 	/System/Library/Frameworks/Foundation.framework/Versions/C/Foundation
0x0000000004167000 	/System/Library/Frameworks/AppKit.framework/Versions/C/AppKit
0x0000000004167000 	/System/Library/Frameworks/CoreData.framework/Versions/A/CoreData
0x0000000004167000 	/System/Library/PrivateFrameworks/RemoteViewServices.framework/Versions/A/RemoteViewServices
0x0000000004167000 	/System/Library/PrivateFrameworks/UIFoundation.framework/Versions/A/UIFoundation
0x0000000004167000 	/usr/lib/libScreenReader.dylib
0x0000000004167000 	/System/Library/Frameworks/Accelerate.framework/Versions/A/Accelerate
0x0000000004167000 	/System/Library/Frameworks/IOSurface.framework/Versions/A/IOSurface
0x0000000004167000 	/System/Library/Frameworks/AudioToolbox.framework/Versions/A/AudioToolbox
0x0000000004167000 	/System/Library/Frameworks/AudioUnit.framework/Versions/A/AudioUnit
0x0000000004167000 	/System/Library/PrivateFrameworks/DataDetectorsCore.framework/Versions/A/DataDetectorsCore
0x0000000004167000 	/System/Library/PrivateFrameworks/DesktopServicesPriv.framework/Versions/A/DesktopServicesPriv
0x0000000004167000 	/System/Library/Frameworks/Carbon.framework/Versions/A/Frameworks/HIToolbox.framework/Versions/A/HIToolbox
0x0000000004167000 	/System/Library/Frameworks/QuartzCore.framework/Versions/A/QuartzCore
0x0000000004167000 	/System/Library/Frameworks/Carbon.framework/Versions/A/Frameworks/SpeechRecognition.framework/Versions/A/SpeechRecognition
0x0000000004167000 	/usr/lib/libauto.dylib
0x0000000004167000 	/usr/lib/libicucore.A.dylib
0x0000000004167000 	/usr/lib/libxml2.2.dylib
0x0000000004167000 	/System/Library/PrivateFrameworks/CoreUI.framework/Versions/A/CoreUI
0x0000000004167000 	/System/Library/Frameworks/CoreAudio.framework/Versions/A/CoreAudio
0x0000000004167000 	/System/Library/Frameworks/DiskArbitration.framework/Versions/A/DiskArbitration
0x0000000004167000 	/usr/lib/liblangid.dylib
0x0000000004167000 	/System/Library/PrivateFrameworks/MultitouchSupport.framework/Versions/A/MultitouchSupport
0x0000000004167000 	/System/Library/Frameworks/IOKit.framework/Versions/A/IOKit
0x0000000004167000 	/usr/lib/libDiagnosticMessagesClient.dylib
0x0000000004167000 	/System/Library/Frameworks/CoreServices.framework/Versions/A/CoreServices
0x0000000004167000 	/System/Library/PrivateFrameworks/PerformanceAnalysis.framework/Versions/A/PerformanceAnalysis
0x0000000004167000 	/System/Library/PrivateFrameworks/GenerationalStorage.framework/Versions/A/GenerationalStorage
0x0000000004167000 	/System/Library/Frameworks/OpenGL.framework/Versions/A/OpenGL
0x0000000004167000 	/System/Library/PrivateFrameworks/Sharing.framework/Versions/A/Sharing
0x0000000004167000 	/System/Library/Frameworks/CoreGraphics.framework/Versions/A/CoreGraphics
0x0000000004167000 	/System/Library/Frameworks/CoreImage.framework/Versions/A/CoreImage
0x0000000004167000 	/System/Library/Frameworks/CoreText.framework/Versions/A/CoreText
0x0000000004167000 	/System/Library/Frameworks/ImageIO.framework/Versions/A/ImageIO
0x0000000004167000 	/System/Library/PrivateFrameworks/Backup.framework/Versions/A/Backup
0x0000000004167000 	/usr/lib/libextension.dylib
0x0000000004167000 	/usr/lib/libarchive.2.dylib
0x0000000004167000 	/System/Library/Frameworks/CFNetwork.framework/Versions/A/CFNetwork
0x0000000004167000 	/System/Library/Frameworks/SystemConfiguration.framework/Versions/A/SystemConfiguration
0x0000000004167000 	/usr/lib/libCRFSuite.dylib
0x0000000004167000 	/usr/lib/libc++.1.dylib
0x0000000004167000 	/usr/lib/libc++abi.dylib
0x0000000004167000 	/usr/lib/system/libcache.dylib
0x0000000004167000 	/usr/lib/system/libcommonCrypto.dylib
0x0000000004167000 	/usr/lib/system/libcompiler_rt.dylib
0x0000000004167000 	/usr/lib/system/libcopyfile.dylib
0x0000000004167000 	/usr/lib/system/libcorecrypto.dylib
0x0000000004167000 	/usr/lib/system/libdispatch.dylib
0x0000000004167000 	/usr/lib/system/libdyld.dylib
0x0000000004167000 	/usr/lib/system/libkeymgr.dylib
0x0000000004167000 	/usr/lib/system/liblaunch.dylib
0x0000000004167000 	/usr/lib/system/libmacho.dylib
0x0000000004167000 	/usr/lib/system/libquarantine.dylib
0x0000000004167000 	/usr/lib/system/libremovefile.dylib
0x0000000004167000 	/usr/lib/system/libsystem_asl.dylib
0x0000000004167000 	/usr/lib/system/libsystem_blocks.dylib
0x0000000004167000 	/usr/lib/system/libsystem_c.dylib
0x0000000004167000 	/usr/lib/system/libsystem_configuration.dylib
0x0000000004167000 	/usr/lib/system/libsystem_coreservices.dylib
0x0000000004167000 	/usr/lib/system/libsystem_coretls.dylib
0x0000000004167000 	/usr/lib/system/libsystem_dnssd.dylib
0x0000000004167000 	/usr/lib/system/libsystem_info.dylib
0x0000000004167000 	/usr/lib/system/libsystem_kernel.dylib
0x0000000004167000 	/usr/lib/system/libsystem_m.dylib
0x0000000004167000 	/usr/lib/system/libsystem_malloc.dylib
0x0000000004167000 	/usr/lib/system/libsystem_network.dylib
0x0000000004167000 	/usr/lib/system/libsystem_networkextension.dylib
0x0000000004167000 	/usr/lib/system/libsystem_notify.dylib
0x0000000004167000 	/usr/lib/system/libsystem_platform.dylib
0x0000000004167000 	/usr/lib/system/libsystem_pthread.dylib
0x0000000004167000 	/usr/lib/system/libsystem_sandbox.dylib
0x0000000004167000 	/usr/lib/system/libsystem_secinit.dylib
0x0000000004167000 	/usr/lib/system/libsystem_trace.dylib
0x0000000004167000 	/usr/lib/system/libunc.dylib
0x0000000004167000 	/usr/lib/system/libunwind.dylib
0x0000000004167000 	/usr/lib/system/libxpc.dylib
0x0000000004167000 	/usr/lib/libenergytrace.dylib
0x0000000004167000 	/usr/lib/libbsm.0.dylib
0x0000000004167000 	/usr/lib/system/libkxld.dylib
0x0000000004167000 	/usr/lib/libxar.1.dylib
0x0000000004167000 	/usr/lib/libsqlite3.dylib
0x0000000004167000 	/usr/lib/libpam.2.dylib
0x0000000004167000 	/usr/lib/libOpenScriptingUtil.dylib
0x0000000004167000 	/usr/lib/libbz2.1.0.dylib
0x0000000004167000 	/usr/lib/liblzma.5.dylib
0x0000000004167000 	/System/Library/Frameworks/CoreServices.framework/Versions/A/Frameworks/FSEvents.framework/Versions/A/FSEvents
0x0000000004167000 	/System/Library/Frameworks/CoreServices.framework/Versions/A/Frameworks/CarbonCore.framework/Versions/A/CarbonCore
0x0000000004167000 	/System/Library/Frameworks/CoreServices.framework/Versions/A/Frameworks/Metadata.framework/Versions/A/Metadata
0x0000000004167000 	/System/Library/Frameworks/CoreServices.framework/Versions/A/Frameworks/OSServices.framework/Versions/A/OSServices
0x0000000004167000 	/System/Library/Frameworks/CoreServices.framework/Versions/A/Frameworks/SearchKit.framework/Versions/A/SearchKit
0x0000000004167000 	/System/Library/Frameworks/CoreServices.framework/Versions/A/Frameworks/AE.framework/Versions/A/AE
0x0000000004167000 	/System/Library/Frameworks/CoreServices.framework/Versions/A/Frameworks/LaunchServices.framework/Versions/A/LaunchServices
0x0000000004167000 	/System/Library/Frameworks/CoreServices.framework/Versions/A/Frameworks/DictionaryServices.framework/Versions/A/DictionaryServices
0x0000000004167000 	/System/Library/Frameworks/CoreServices.framework/Versions/A/Frameworks/SharedFileList.framework/Versions/A/SharedFileList
0x0000000004167000 	/System/Library/Frameworks/NetFS.framework/Versions/A/NetFS
0x0000000004167000 	/System/Library/PrivateFrameworks/NetAuth.framework/Versions/A/NetAuth
0x0000000004167000 	/System/Library/PrivateFrameworks/login.framework/Versions/A/Frameworks/loginsupport.framework/Versions/A/loginsupport
0x0000000004167000 	/System/Library/PrivateFrameworks/TCC.framework/Versions/A/TCC
0x0000000004167000 	/usr/lib/libmecabra.dylib
0x0000000004167000 	/System/Library/Frameworks/ApplicationServices.framework/Versions/A/Frameworks/ATS.framework/Versions/A/ATS
0x0000000004167000 	/System/Library/Frameworks/ApplicationServices.framework/Versions/A/Frameworks/ColorSync.framework/Versions/A/ColorSync
0x0000000004167000 	/System/Library/Frameworks/ApplicationServices.framework/Versions/A/Frameworks/HIServices.framework/Versions/A/HIServices
0x0000000004167000 	/System/Library/Frameworks/ApplicationServices.framework/Versions/A/Frameworks/LangAnalysis.framework/Versions/A/LangAnalysis
0x0000000004167000 	/System/Library/Frameworks/ApplicationServices.framework/Versions/A/Frameworks/PrintCore.framework/Versions/A/PrintCore
0x0000000004167000 	/System/Library/Frameworks/ApplicationServices.framework/Versions/A/Frameworks/QD.framework/Versions/A/QD
0x0000000004167000 	/System/Library/Frameworks/ApplicationServices.framework/Versions/A/Frameworks/SpeechSynthesis.framework/Versions/A/SpeechSynthesis
0x0000000004167000 	/System/Library/Frameworks/Metal.framework/Versions/A/Metal
0x0000000004167000 	/System/Library/Frameworks/Accelerate.framework/Versions/A/Frameworks/vImage.framework/Versions/A/vImage
0x0000000004167000 	/System/Library/Frameworks/Accelerate.framework/Versions/A/Frameworks/vecLib.framework/Versions/A/vecLib
0x0000000004167000 	/System/Library/Frameworks/Accelerate.framework/Versions/A/Frameworks/vecLib.framework/Versions/A/libvDSP.dylib
0x0000000004167000 	/System/Library/Frameworks/Accelerate.framework/Versions/A/Frameworks/vecLib.framework/Versions/A/libvMisc.dylib
0x0000000004167000 	/System/Library/Frameworks/Accelerate.framework/Versions/A/Frameworks/vecLib.framework/Versions/A/libLAPACK.dylib
0x0000000004167000 	/System/Library/Frameworks/Accelerate.framework/Versions/A/Frameworks/vecLib.framework/Versions/A/libBLAS.dylib
0x0000000004167000 	/System/Library/Frameworks/Accelerate.framework/Versions/A/Frameworks/vecLib.framework/Versions/A/libLinearAlgebra.dylib
0x0000000004167000 	/System/Library/Frameworks/Accelerate.framework/Versions/A/Frameworks/vecLib.framework/Versions/A/libSparseBLAS.dylib
0x0000000004167000 	/System/Library/PrivateFrameworks/GPUCompiler.framework/libmetal_timestamp.dylib
0x0000000004167000 	/System/Library/Frameworks/OpenGL.framework/Versions/A/Libraries/libCoreFSCache.dylib
0x0000000004167000 	/System/Library/PrivateFrameworks/IOAccelerator.framework/Versions/A/IOAccelerator
0x0000000004167000 	/System/Library/Frameworks/ApplicationServices.framework/Versions/A/Frameworks/ATS.framework/Versions/A/Resources/libFontParser.dylib
0x0000000004167000 	/System/Library/Frameworks/ApplicationServices.framework/Versions/A/Frameworks/ATS.framework/Versions/A/Resources/libFontRegistry.dylib
0x0000000004167000 	/System/Library/PrivateFrameworks/AppleVPA.framework/Versions/A/AppleVPA
0x0000000004167000 	/System/Library/PrivateFrameworks/AppleJPEG.framework/Versions/A/AppleJPEG
0x0000000004167000 	/System/Library/Frameworks/ImageIO.framework/Versions/A/Resources/libJPEG.dylib
0x0000000004167000 	/System/Library/Frameworks/ImageIO.framework/Versions/A/Resources/libTIFF.dylib
0x0000000004167000 	/System/Library/Frameworks/ImageIO.framework/Versions/A/Resources/libPng.dylib
0x0000000004167000 	/System/Library/Frameworks/ImageIO.framework/Versions/A/Resources/libGIF.dylib
0x0000000004167000 	/System/Library/Frameworks/ImageIO.framework/Versions/A/Resources/libJP2.dylib
0x0000000004167000 	/System/Library/Frameworks/ImageIO.framework/Versions/A/Resources/libRadiance.dylib
0x0000000004167000 	/System/Library/Frameworks/CoreVideo.framework/Versions/A/CoreVideo
0x0000000004167000 	/System/Library/Frameworks/OpenGL.framework/Versions/A/Libraries/libGLU.dylib
0x0000000004167000 	/System/Library/Frameworks/OpenGL.framework/Versions/A/Libraries/libGFXShared.dylib
0x0000000004167000 	/System/Library/Frameworks/OpenGL.framework/Versions/A/Libraries/libGL.dylib
0x0000000004167000 	/System/Library/Frameworks/OpenGL.framework/Versions/A/Libraries/libGLImage.dylib
0x0000000004167000 	/System/Library/Frameworks/OpenGL.framework/Versions/A/Libraries/libCVMSPluginSupport.dylib
0x0000000004167000 	/System/Library/Frameworks/OpenGL.framework/Versions/A/Libraries/libCoreVMClient.dylib
0x0000000004167000 	/usr/lib/libcompression.dylib
0x0000000004167000 	/usr/lib/libcups.2.dylib
0x0000000004167000 	/System/Library/Frameworks/Kerberos.framework/Versions/A/Kerberos
0x0000000004167000 	/System/Library/Frameworks/GSS.framework/Versions/A/GSS
0x0000000004167000 	/usr/lib/libresolv.9.dylib
0x0000000004167000 	/usr/lib/libiconv.2.dylib
0x0000000004167000 	/System/Library/PrivateFrameworks/Heimdal.framework/Versions/A/Heimdal
0x0000000004167000 	/usr/lib/libheimdal-asn1.dylib
0x0000000004167000 	/System/Library/Frameworks/OpenDirectory.framework/Versions/A/OpenDirectory
0x0000000004167000 	/System/Library/PrivateFrameworks/CommonAuth.framework/Versions/A/CommonAuth
0x0000000004167000 	/System/Library/Frameworks/OpenDirectory.framework/Versions/A/Frameworks/CFOpenDirectory.framework/Versions/A/CFOpenDirectory
0x0000000004167000 	/System/Library/Frameworks/SecurityFoundation.framework/Versions/A/SecurityFoundation
0x0000000004167000 	/System/Library/PrivateFrameworks/LanguageModeling.framework/Versions/A/LanguageModeling
0x0000000004167000 	/usr/lib/libmarisa.dylib
0x0000000004167000 	/usr/lib/libChineseTokenizer.dylib
0x0000000004167000 	/usr/lib/libcmph.dylib
0x0000000004167000 	/System/Library/Frameworks/ServiceManagement.framework/Versions/A/ServiceManagement
0x0000000004167000 	/usr/lib/libxslt.1.dylib
0x0000000004167000 	/System/Library/Frameworks/Carbon.framework/Versions/A/Frameworks/Ink.framework/Versions/A/Ink
0x0000000004167000 	/usr/lib/libFosl_dynamic.dylib
0x0000000004167000 	/System/Library/PrivateFrameworks/FaceCore.framework/Versions/A/FaceCore
0x0000000004167000 	/System/Library/Frameworks/OpenCL.framework/Versions/A/OpenCL
0x0000000004167000 	/System/Library/PrivateFrameworks/CrashReporterSupport.framework/Versions/A/CrashReporterSupport
0x0000000004167000 	/System/Library/PrivateFrameworks/IconServices.framework/Versions/A/IconServices
0x0000000004167000 	/System/Library/PrivateFrameworks/Apple80211.framework/Versions/A/Apple80211
0x0000000004167000 	/System/Library/Frameworks/CoreWLAN.framework/Versions/A/CoreWLAN
0x0000000004167000 	/System/Library/Frameworks/IOBluetooth.framework/Versions/A/IOBluetooth
0x0000000004167000 	/System/Library/PrivateFrameworks/CoreWiFi.framework/Versions/A/CoreWiFi
0x0000000004167000 	/System/Library/Frameworks/CoreBluetooth.framework/Versions/A/CoreBluetooth
0x0000000004167000 	/System/Library/PrivateFrameworks/ChunkingLibrary.framework/Versions/A/ChunkingLibrary
0x0000000004167000 	/System/Library/PrivateFrameworks/DebugSymbols.framework/Versions/A/DebugSymbols
0x0000000004167000 	/System/Library/PrivateFrameworks/CoreSymbolication.framework/Versions/A/CoreSymbolication
0x0000000004167000 	/System/Library/PrivateFrameworks/Symbolication.framework/Versions/A/Symbolication
0x0000000004167000 	/System/Library/PrivateFrameworks/SpeechRecognitionCore.framework/Versions/A/SpeechRecognitionCore
0x000000010a600000 	/Library/Java/JavaVirtualMachines/jdk1.8.0_91.jdk/Contents/Home/jre/lib/server/libjvm.dylib
0x0000000004167000 	/usr/lib/libstdc++.6.dylib
0x0000000109c7f000 	/Library/Java/JavaVirtualMachines/jdk1.8.0_91.jdk/Contents/Home/jre/lib/libverify.dylib
0x0000000109c8d000 	/Library/Java/JavaVirtualMachines/jdk1.8.0_91.jdk/Contents/Home/jre/lib/libjava.dylib
0x0000000109ccc000 	/Library/Java/JavaVirtualMachines/jdk1.8.0_91.jdk/Contents/Home/jre/lib/libzip.dylib
0x0000000109de3000 	/System/Library/Frameworks/JavaVM.framework/Frameworks/JavaRuntimeSupport.framework/JavaRuntimeSupport
0x000000011e880000 	/System/Library/Frameworks/JavaVM.framework/Versions/A/Frameworks/JavaNativeFoundation.framework/Versions/A/JavaNativeFoundation
0x000000011e895000 	/System/Library/Frameworks/JavaVM.framework/Versions/A/JavaVM
0x0000000004167000 	/System/Library/Frameworks/Carbon.framework/Versions/A/Carbon
0x000000011e8a2000 	/System/Library/PrivateFrameworks/JavaLaunching.framework/Versions/A/JavaLaunching
0x0000000004167000 	/System/Library/Frameworks/Carbon.framework/Versions/A/Frameworks/CommonPanels.framework/Versions/A/CommonPanels
0x0000000004167000 	/System/Library/Frameworks/Carbon.framework/Versions/A/Frameworks/Help.framework/Versions/A/Help
0x0000000004167000 	/System/Library/Frameworks/Carbon.framework/Versions/A/Frameworks/ImageCapture.framework/Versions/A/ImageCapture
0x0000000004167000 	/System/Library/Frameworks/Carbon.framework/Versions/A/Frameworks/OpenScripting.framework/Versions/A/OpenScripting
0x0000000004167000 	/System/Library/Frameworks/Carbon.framework/Versions/A/Frameworks/Print.framework/Versions/A/Print
0x0000000004167000 	/System/Library/Frameworks/Carbon.framework/Versions/A/Frameworks/SecurityHI.framework/Versions/A/SecurityHI
0x00000001201d3000 	/Library/Java/JavaVirtualMachines/jdk1.8.0_91.jdk/Contents/Home/jre/lib/libawt.dylib
0x000000012027b000 	/Library/Java/JavaVirtualMachines/jdk1.8.0_91.jdk/Contents/Home/jre/lib/./libmlib_image.dylib
0x0000000120347000 	/Library/Java/JavaVirtualMachines/jdk1.8.0_91.jdk/Contents/Home/jre/lib/libawt_lwawt.dylib
0x00000001203fc000 	/Library/Java/JavaVirtualMachines/jdk1.8.0_91.jdk/Contents/Home/jre/lib/./libosxapp.dylib
0x0000000004167000 	/System/Library/Frameworks/ExceptionHandling.framework/Versions/A/ExceptionHandling
0x0000000004167000 	/System/Library/PrivateFrameworks/CoreServicesInternal.framework/Versions/A/CoreServicesInternal
0x0000000004167000 	/System/Library/Frameworks/CoreGraphics.framework/Versions/A/Resources/libRIP.A.dylib
0x00000001210f9000 	/System/Library/Frameworks/Accelerate.framework/Frameworks/vImage.framework/Versions/A/Libraries/libCGInterfaces.dylib
0x0000000004167000 	/System/Library/Frameworks/CoreGraphics.framework/Versions/A/Resources/libCGXType.A.dylib
0x0000000004167000 	/System/Library/Frameworks/OpenCL.framework/Versions/A/Libraries/libcldcpuengine.dylib
0x0000000004167000 	/System/Library/PrivateFrameworks/DiskImages.framework/Versions/A/DiskImages
0x0000000004167000 	/System/Library/Frameworks/DiscRecording.framework/Versions/A/DiscRecording
0x0000000004167000 	/usr/lib/libcsfde.dylib
0x0000000004167000 	/usr/lib/libcurl.4.dylib
0x0000000004167000 	/System/Library/PrivateFrameworks/MediaKit.framework/Versions/A/MediaKit
0x0000000004167000 	/System/Library/PrivateFrameworks/ProtectedCloudStorage.framework/Versions/A/ProtectedCloudStorage
0x0000000004167000 	/usr/lib/libCoreStorage.dylib
0x0000000004167000 	/System/Library/PrivateFrameworks/EFILogin.framework/Versions/A/EFILogin
0x0000000004167000 	/usr/lib/libutil.dylib
0x0000000004167000 	/System/Library/PrivateFrameworks/FindMyDevice.framework/Versions/A/FindMyDevice
0x0000000004167000 	/System/Library/Frameworks/LDAP.framework/Versions/A/LDAP
0x0000000004167000 	/usr/lib/libsasl2.2.dylib
0x0000000004167000 	/System/Library/PrivateFrameworks/CoreDaemon.framework/Versions/B/CoreDaemon
0x0000000004167000 	/usr/lib/libcrypto.0.9.8.dylib
0x0000000004167000 	/System/Library/PrivateFrameworks/AppleSRP.framework/Versions/A/AppleSRP
0x0000000004167000 	/System/Library/PrivateFrameworks/TrustEvaluationAgent.framework/Versions/A/TrustEvaluationAgent
0x0000000121e23000 	cl_kernels
0x0000000004167000 	/System/Library/Frameworks/OpenCL.framework/Versions/A/Libraries/ImageFormats/unorm8_bgra.dylib
0x0000000004167000 	/System/Library/Frameworks/OpenCL.framework/Versions/A/Libraries/ImageFormats/unorm8_rgba.dylib
0x0000000004167000 	/System/Library/PrivateFrameworks/FamilyControls.framework/Versions/A/FamilyControls
0x0000000004167000 	/System/Library/PrivateFrameworks/CommerceKit.framework/Versions/A/Frameworks/CommerceCore.framework/Versions/A/CommerceCore
0x0000000004167000 	/System/Library/PrivateFrameworks/SystemAdministration.framework/Versions/A/SystemAdministration
0x0000000004167000 	/System/Library/PrivateFrameworks/AppContainer.framework/Versions/A/AppContainer
0x0000000004167000 	/System/Library/PrivateFrameworks/SecCodeWrapper.framework/Versions/A/SecCodeWrapper
0x0000000004167000 	/System/Library/Frameworks/DirectoryService.framework/Versions/A/DirectoryService
0x0000000004167000 	/System/Library/PrivateFrameworks/LoginUIKit.framework/Versions/A/Frameworks/LoginUICore.framework/Versions/A/LoginUICore
0x0000000004167000 	/usr/lib/libodfde.dylib
0x0000000122e65000 	/System/Library/Frameworks/OpenGL.framework/Resources/GLEngine.bundle/GLEngine
0x0000000004167000 	/System/Library/Frameworks/OpenGL.framework/Versions/A/Libraries/libGLProgrammability.dylib
0x000000012304d000 	/System/Library/Extensions/AppleIntelHD4000GraphicsGLDriver.bundle/Contents/MacOS/AppleIntelHD4000GraphicsGLDriver
0x0000000004167000 	/System/Library/PrivateFrameworks/GPUSupport.framework/Versions/A/Libraries/libGPUSupportMercury.dylib
0x0000000123717000 	/System/Library/Frameworks/OpenGL.framework/Resources//GLRendererFloat.bundle/GLRendererFloat
0x0000000123ff2000 	/Library/Java/JavaVirtualMachines/jdk1.8.0_91.jdk/Contents/Home/jre/lib/libfontmanager.dylib
0x00000001254b3000 	/Library/Java/JavaVirtualMachines/jdk1.8.0_91.jdk/Contents/Home/jre/lib/libosxui.dylib
0x0000000125f34000 	/Library/Java/JavaVirtualMachines/jdk1.8.0_91.jdk/Contents/Home/jre/lib/libnet.dylib
0x0000000125fa7000 	/Library/Java/JavaVirtualMachines/jdk1.8.0_91.jdk/Contents/Home/jre/lib/libnio.dylib
0x0000000004167000 	/System/Library/Frameworks/ApplicationServices.framework/Versions/A/Frameworks/ATS.framework/Versions/A/Resources/libTrueTypeScaler.dylib
0x0000000190f64000 	/System/Library/Extensions/AppleIntelHD4000GraphicsMTLDriver.bundle/Contents/MacOS/AppleIntelHD4000GraphicsMTLDriver
0x00000001213ce000 	/private/var/folders/4w/145m28yn38q3_fgsdcq__sr40000gn/T/jogamp_0000/file_cache/jln9209187414670039962/jln1212511252607096529/libgluegen-rt.jnilib
0x00000001213d2000 	/private/var/folders/4w/145m28yn38q3_fgsdcq__sr40000gn/T/jogamp_0000/file_cache/jln9209187414670039962/jln1212511252607096529/libnativewindow_awt.jnilib
0x00000001213d5000 	/Library/Java/JavaVirtualMachines/jdk1.8.0_91.jdk/Contents/Home/jre/lib/libjawt.dylib
0x00000001213d8000 	/private/var/folders/4w/145m28yn38q3_fgsdcq__sr40000gn/T/jogamp_0000/file_cache/jln9209187414670039962/jln1212511252607096529/libnativewindow_macosx.jnilib
0x0000000192eaa000 	/private/var/folders/4w/145m28yn38q3_fgsdcq__sr40000gn/T/jogamp_0000/file_cache/jln9209187414670039962/jln1212511252607096529/libjogl_desktop.jnilib
0x0000000004167000 	/System/Library/PrivateFrameworks/Shortcut.framework/Versions/A/Shortcut
0x0000000004167000 	/System/Library/PrivateFrameworks/HelpData.framework/Versions/A/HelpData
0x0000000004167000 	/usr/lib/libtidy.A.dylib

VM Arguments:
jvm_args: -Djava.security.policy=java.policy.applet -Dfile.encoding=UTF-8 
java_command: sun.applet.AppletViewer toolPackage.EarthQuakeMap1466169948838.html
java_class_path (initial): /Users/Steven/Documents/workspace/GoogleMapDataDisplayer/bin:/Users/Steven/Documents/workspace/UCSDUnfoldingMaps/lib/core.jar:/Users/Steven/Documents/workspace/UCSDUnfoldingMaps/lib/json4processing.jar:/Users/Steven/Documents/workspace/UCSDUnfoldingMaps/lib/unfolding.0.9.7-uscd.jar:/Users/Steven/Documents/workspace/UCSDUnfoldingMaps/lib/gluegen-rt-natives-linux-amd64.jar:/Users/Steven/Documents/workspace/UCSDUnfoldingMaps/lib/gluegen-rt-natives-linux-armv6hf.jar:/Users/Steven/Documents/workspace/UCSDUnfoldingMaps/lib/gluegen-rt-natives-linux-i586.jar:/Users/Steven/Documents/workspace/UCSDUnfoldingMaps/lib/gluegen-rt-natives-macosx-universal.jar:/Users/Steven/Documents/workspace/UCSDUnfoldingMaps/lib/gluegen-rt-natives-windows-amd64.jar:/Users/Steven/Documents/workspace/UCSDUnfoldingMaps/lib/gluegen-rt-natives-windows-i586.jar:/Users/Steven/Documents/workspace/UCSDUnfoldingMaps/lib/gluegen-rt.jar:/Users/Steven/Documents/workspace/UCSDUnfoldingMaps/lib/jogl-all-natives-linux-amd64.jar:/Users/Steven/Documents/workspace/UCSDUnfoldingMaps/lib/jogl-all-natives-linux-armv6hf.jar:/Users/Steven/Documents/workspace/UCSDUnfoldingMaps/lib/jogl-all-natives-linux-i586.jar:/Users/Steven/Documents/workspace/UCSDUnfoldingMaps/lib/jogl-all-natives-macosx-universal.jar:/Users/Steven/Documents/workspace/UCSDUnfoldingMaps/lib/jogl-all-natives-windows-amd64.jar:/Users/Steven/Documents/workspace/UCSDUnfoldingMaps/lib/jogl-all-natives-windows-i586.jar:/Users/Steven/Documents/workspace/UCSDUnfoldingMaps/lib/jogl-all.jar:/Users/Steven/Documents/workspace/UCSDUnfoldingMaps/lib/libTUIO.jar:/Users/Steven/Documents/workspace/UCSDUnfoldingMaps/lib/log4j-1.2.15.jar:/Users/Steven/Documents/workspace/UCSDUnfoldingMaps/lib/sqlite-jdbc-3.7.2.jar
Launcher Type: SUN_STANDARD

Environment Variables:
PATH=/usr/bin:/bin:/usr/sbin:/sbin
SHELL=/bin/bash
DISPLAY=/private/tmp/com.apple.launchd.otBJ7X57rx/org.macosforge.xquartz:0

Signal Handlers:
SIGSEGV: [libjvm.dylib+0x5a97a1], sa_mask[0]=11111111011111110111111111111111, sa_flags=SA_ONSTACK|SA_RESTART|SA_SIGINFO
SIGBUS: [libjvm.dylib+0x5a97a1], sa_mask[0]=11111111011111110111111111111111, sa_flags=SA_RESTART|SA_SIGINFO
SIGFPE: [libjvm.dylib+0x482594], sa_mask[0]=11111111011111110111111111111111, sa_flags=SA_RESTART|SA_SIGINFO
SIGPIPE: [libjvm.dylib+0x482594], sa_mask[0]=11111111011111110111111111111111, sa_flags=SA_RESTART|SA_SIGINFO
SIGXFSZ: [libjvm.dylib+0x482594], sa_mask[0]=11111111011111110111111111111111, sa_flags=SA_RESTART|SA_SIGINFO
SIGILL: [libjvm.dylib+0x482594], sa_mask[0]=11111111011111110111111111111111, sa_flags=SA_RESTART|SA_SIGINFO
SIGUSR1: SIG_DFL, sa_mask[0]=00000000000000000000000000000000, sa_flags=none
SIGUSR2: [libjvm.dylib+0x4820b2], sa_mask[0]=00100000000000000000000000000000, sa_flags=SA_RESTART|SA_SIGINFO
SIGHUP: [libjvm.dylib+0x480689], sa_mask[0]=11111111011111110111111111111111, sa_flags=SA_RESTART|SA_SIGINFO
SIGINT: [libjvm.dylib+0x480689], sa_mask[0]=11111111011111110111111111111111, sa_flags=SA_RESTART|SA_SIGINFO
SIGTERM: [libjvm.dylib+0x480689], sa_mask[0]=11111111011111110111111111111111, sa_flags=SA_RESTART|SA_SIGINFO
SIGQUIT: [libjvm.dylib+0x480689], sa_mask[0]=11111111011111110111111111111111, sa_flags=SA_RESTART|SA_SIGINFO


---------------  S Y S T E M  ---------------

OS:Bsduname:Darwin 15.5.0 Darwin Kernel Version 15.5.0: Tue Apr 19 18:36:36 PDT 2016; root:xnu-3248.50.21~8/RELEASE_X86_64 x86_64
rlimit: STACK 8192k, CORE 0k, NPROC 709, NOFILE 10240, AS infinity
load average:1.52 1.72 3.18

CPU:total 4 (2 cores per cpu, 2 threads per core) family 6 model 58 stepping 9, cmov, cx8, fxsr, mmx, sse, sse2, sse3, ssse3, sse4.1, sse4.2, popcnt, avx, aes, clmul, erms, ht, tsc, tscinvbit, tscinv

Memory: 4k page, physical 4194304k(86176k free)

/proc/meminfo:


vm_info: Java HotSpot(TM) 64-Bit Server VM (25.91-b14) for bsd-amd64 JRE (1.8.0_91-b14), built on Apr  1 2016 01:03:00 by "java_re" with gcc 4.2.1 (Based on Apple Inc. build 5658) (LLVM build 2336.11.00)

time: Fri Jun 17 09:26:10 2016
elapsed time: 21 seconds (0d 0h 0m 21s)

