#
# A fatal error has been detected by the Java Runtime Environment:
#
#  SIGSEGV (0xb) at pc=0x00007fff92d324dd, pid=23807, tid=2571
#
# JRE version: Java(TM) SE Runtime Environment (8.0_91-b14) (build 1.8.0_91-b14)
# Java VM: Java HotSpot(TM) 64-Bit Server VM (25.91-b14 mixed mode bsd-amd64 compressed oops)
# Problematic frame:
# C  [libobjc.A.dylib+0x14dd]  objc_msgSend+0x1d
#
# Failed to write core dump. Core dumps have been disabled. To enable core dumping, try "ulimit -c unlimited" before starting Java again
#
# If you would like to submit a bug report, please visit:
#   http://bugreport.java.com/bugreport/crash.jsp
# The crash happened outside the Java Virtual Machine in native code.
# See problematic frame for where to report the bug.
#

---------------  T H R E A D  ---------------

Current thread (0x00007fff040de000):  JavaThread "AWT-AppKit" daemon [_thread_in_native, id=2571, stack(0x00007fff528c6000,0x00007fff530c6000)]

siginfo: si_signo: 11 (SIGSEGV), si_code: 1 (SEGV_MAPERR), si_addr: 0x000007fff06e2218

Registers:
RAX=0x00007fff06e01500, RBX=0x00000001940f1450, RCX=0x0000000124598560, RDX=0x0000000124598dc0
RSP=0x00007fff530c0fa8, RBP=0x00007fff530c1060, RSI=0x00007fff979d2cde, RDI=0x00007fff06bfa870
R8 =0x0000000000000000, R9 =0x00000000000008b0, R10=0x00007fff979d2cde, R11=0x000007fff06e2200
R12=0x0000000000000000, R13=0x00000001964d17f0, R14=0x00000001940f1440, R15=0x00007fff040de000
RIP=0x00007fff92d324dd, EFLAGS=0x0000000000010206, ERR=0x0000000000000004
  TRAPNO=0x000000000000000e

Top of Stack: (sp=0x00007fff530c0fa8)
0x00007fff530c0fa8:   00000001940ef157 00007fff530c1000
0x00007fff530c0fb8:   0000000000000003 00007fff530c0fe0
0x00007fff530c0fc8:   000000010cfa84ea 00000001964d17f0
0x00007fff530c0fd8:   00000001964d17f0 00007fff06e01500
0x00007fff530c0fe8:   00000001940f16a0 00000001940f1710
0x00007fff530c0ff8:   00007fff74305770 00007fff770fa500
0x00007fff530c1008:   00000001940f1450 00000001940f1690
0x00007fff530c1018:   00007fff06e01500 00007fff06bfa870
0x00007fff530c1028:   00007fff02738a60 00007fff06e01500
0x00007fff530c1038:   00007fff06bfa870 00007fff530c10e0
0x00007fff530c1048:   00007fff040de1f8 00000001964d17f0
0x00007fff530c1058:   00007fff530c1108 00007fff530c10d0
0x00007fff530c1068:   000000010e61fc64 00007fff530c10d0
0x00007fff530c1078:   000000010e61f719 000000010e6318c3
0x00007fff530c1088:   000000010e61f6e2 00007fff530c1090
0x00007fff530c1098:   00000001964d17f0 00007fff530c1108
0x00007fff530c10a8:   00000001964d4510 0000000000000000
0x00007fff530c10b8:   00000001964d17f0 0000000000000000
0x00007fff530c10c8:   00007fff530c10f0 00007fff530c1150
0x00007fff530c10d8:   000000010e60833d 00000007ad7bce68
0x00007fff530c10e8:   000000010e616478 00007fff06e01500
0x00007fff530c10f8:   000000010e618bf9 00007fff06bfa870
0x00007fff530c1108:   000000010e618bc2 00007fff530c1110
0x00007fff530c1118:   00000001964d19ba 00007fff530c1178
0x00007fff530c1128:   00000001964d4510 0000000000000000
0x00007fff530c1138:   00000001964d19c8 00007fff530c10f0
0x00007fff530c1148:   00007fff530c1160 00007fff530c11c0
0x00007fff530c1158:   000000010e60833d 00007fff06e01500
0x00007fff530c1168:   00000007ad6a0fc8 00007fff06bfa870
0x00007fff530c1178:   00000007ad6a0fc8 00007fff530c1180
0x00007fff530c1188:   000000019da478e6 00007fff530c11d0
0x00007fff530c1198:   000000019da479b8 0000000000000000 

Instructions: (pc=0x00007fff92d324dd)
0x00007fff92d324bd:   44 00 00 48 85 ff 2e 74 62 40 f6 c7 01 2e 75 66
0x00007fff92d324cd:   49 bb f8 ff ff ff ff 7f 00 00 4c 23 1f 49 89 f2
0x00007fff92d324dd:   45 23 53 18 49 c1 e2 04 4d 03 53 10 49 3b 32 75
0x00007fff92d324ed:   04 41 ff 62 08 49 83 3a 01 76 0d 49 83 c2 10 49 

Register to memory mapping:

RAX=0x00007fff06e01500 is an unknown value
RBX=0x00000001940f1450: Java_jogamp_nativewindow_macosx_OSXUtil_GetScreenRefreshRate0+0x1cf0 in /private/var/folders/4w/145m28yn38q3_fgsdcq__sr40000gn/T/jogamp_0000/file_cache/jln3114591303458376478/jln3575985688179423291/libnativewindow_macosx.jnilib at 0x00000001940ea000
RCX=0x0000000124598560 is an unknown value
RDX=0x0000000124598dc0 is an unknown value
RSP=0x00007fff530c0fa8 is pointing into the stack for thread: 0x00007fff040de000
RBP=0x00007fff530c1060 is pointing into the stack for thread: 0x00007fff040de000
RSI=0x00007fff979d2cde is an unknown value
RDI=0x00007fff06bfa870 is an unknown value
R8 =0x0000000000000000 is an unknown value
R9 =0x00000000000008b0 is an unknown value
R10=0x00007fff979d2cde is an unknown value
R11=0x000007fff06e2200 is an unknown value
R12=0x0000000000000000 is an unknown value
R13={method} {0x00000001964d17f0} 'UnsetJAWTRootSurfaceLayer0' '(JJ)V' in 'jogamp/nativewindow/jawt/macosx/MacOSXJAWTWindow'
R14=0x00000001940f1440: Java_jogamp_nativewindow_macosx_OSXUtil_GetScreenRefreshRate0+0x1ce0 in /private/var/folders/4w/145m28yn38q3_fgsdcq__sr40000gn/T/jogamp_0000/file_cache/jln3114591303458376478/jln3575985688179423291/libnativewindow_macosx.jnilib at 0x00000001940ea000
R15=0x00007fff040de000 is a thread


Stack: [0x00007fff528c6000,0x00007fff530c6000],  sp=0x00007fff530c0fa8,  free space=8171k
Native frames: (J=compiled Java code, j=interpreted, Vv=VM code, C=native code)
C  [libobjc.A.dylib+0x14dd]  objc_msgSend+0x1d
j  jogamp.nativewindow.jawt.macosx.MacOSXJAWTWindow.UnsetJAWTRootSurfaceLayer0(JJ)V+0
j  jogamp.nativewindow.jawt.macosx.MacOSXJAWTWindow.access$200(JJ)V+2
j  jogamp.nativewindow.jawt.macosx.MacOSXJAWTWindow$1.run()V+38
j  com.jogamp.common.util.RunnableTask.run()V+24
v  ~StubRoutines::call_stub
V  [libjvm.dylib+0x2ec1e6]  JavaCalls::call_helper(JavaValue*, methodHandle*, JavaCallArguments*, Thread*)+0x6ae
V  [libjvm.dylib+0x323355]  jni_invoke_nonstatic(JNIEnv_*, JavaValue*, _jobject*, JNICallType, _jmethodID*, JNI_ArgumentPusher*, Thread*)+0x2ec
V  [libjvm.dylib+0x315b23]  jni_CallVoidMethod+0x16b
C  [libnativewindow_macosx.jnilib+0x5326]  Java_jogamp_nativewindow_jawt_macosx_MacOSXJAWTWindow_UnsetJAWTRootSurfaceLayer0+0x2b6
C  [Foundation+0x76fde]  __NSThreadPerformPerform+0x117
C  [CoreFoundation+0xaa881]  __CFRUNLOOP_IS_CALLING_OUT_TO_A_SOURCE0_PERFORM_FUNCTION__+0x11
C  [CoreFoundation+0x89fbc]  __CFRunLoopDoSources0+0x22c
C  [CoreFoundation+0x894df]  __CFRunLoopRun+0x39f
C  [CoreFoundation+0x88ed8]  CFRunLoopRunSpecific+0x128
C  [HIToolbox+0x30935]  RunCurrentEventLoopInMode+0xeb
C  [HIToolbox+0x30677]  ReceiveNextEventCommon+0xb8
C  [HIToolbox+0x305af]  _BlockUntilNextEventMatchingListInModeWithFilter+0x47
C  [AppKit+0x48df6]  _DPSNextEvent+0x42b
C  [AppKit+0x48226]  -[NSApplication _nextEventMatchingEventMask:untilDate:inMode:dequeue:]+0x1c6
C  [libosxapp.dylib+0x23aa]  -[NSApplicationAWT nextEventMatchingMask:untilDate:inMode:dequeue:]+0x7c
C  [AppKit+0x3cd80]  -[NSApplication run]+0x2aa
C  [libosxapp.dylib+0x214d]  +[NSApplicationAWT runAWTLoopWithApp:]+0x9c
C  [libawt_lwawt.dylib+0x4455b]  -[AWTStarter starter:]+0x389
C  [Foundation+0x76fde]  __NSThreadPerformPerform+0x117
C  [CoreFoundation+0xaa881]  __CFRUNLOOP_IS_CALLING_OUT_TO_A_SOURCE0_PERFORM_FUNCTION__+0x11
C  [CoreFoundation+0x89fbc]  __CFRunLoopDoSources0+0x22c
C  [CoreFoundation+0x894df]  __CFRunLoopRun+0x39f
C  [CoreFoundation+0x88ed8]  CFRunLoopRunSpecific+0x128
C  [java+0x6463]  CreateExecutionEnvironment+0x367
C  [java+0x21ac]  JLI_Launch+0x7a0
C  [java+0x84c0]  main+0x65
C  [java+0x1a04]  start+0x34
C  0x0000000000000008

Java frames: (J=compiled Java code, j=interpreted, Vv=VM code)
j  jogamp.nativewindow.jawt.macosx.MacOSXJAWTWindow.UnsetJAWTRootSurfaceLayer0(JJ)V+0
j  jogamp.nativewindow.jawt.macosx.MacOSXJAWTWindow.access$200(JJ)V+2
j  jogamp.nativewindow.jawt.macosx.MacOSXJAWTWindow$1.run()V+38
j  com.jogamp.common.util.RunnableTask.run()V+24
v  ~StubRoutines::call_stub

---------------  P R O C E S S  ---------------

Java Threads: ( => current thread )
  0x00007fff02c78000 JavaThread "Thread-19" [_thread_blocked, id=70727, stack(0x0000700001d7a000,0x0000700001e7a000)]
  0x00007fff03413000 JavaThread "Image Fetcher 2" daemon [_thread_blocked, id=73219, stack(0x000070000248f000,0x000070000258f000)]
  0x00007fff03d2d800 JavaThread "Image Fetcher 1" daemon [_thread_blocked, id=72707, stack(0x000070000238c000,0x000070000248c000)]
  0x00007fff02e86000 JavaThread "Image Fetcher 0" daemon [_thread_blocked, id=72195, stack(0x0000700002289000,0x0000700002389000)]
  0x00007fff033e8000 JavaThread "Keep-Alive-Timer" daemon [_thread_blocked, id=71727, stack(0x0000700002186000,0x0000700002286000)]
  0x00007fff0396c000 JavaThread "AWT-EventQueue-1" [_thread_in_native, id=65323, stack(0x0000700001bf4000,0x0000700001cf4000)]
  0x00007fff02bb5000 JavaThread "DestroyJavaVM" [_thread_blocked, id=4099, stack(0x0000700000084000,0x0000700000184000)]
  0x00007fff03168800 JavaThread "AWT-EventQueue-0" [_thread_blocked, id=55563, stack(0x00007000019ee000,0x0000700001aee000)]
  0x00007fff039a4000 JavaThread "Java2D Disposer" daemon [_thread_blocked, id=54531, stack(0x0000700001765000,0x0000700001865000)]
  0x00007fff0292a800 JavaThread "Java2D Queue Flusher" daemon [_thread_blocked, id=51463, stack(0x0000700001662000,0x0000700001762000)]
  0x00007fff040f7800 JavaThread "AWT-Shutdown" [_thread_blocked, id=31507, stack(0x00007000014dc000,0x00007000015dc000)]
=>0x00007fff040de000 JavaThread "AWT-AppKit" daemon [_thread_in_native, id=2571, stack(0x00007fff528c6000,0x00007fff530c6000)]
  0x00007fff0281f800 JavaThread "Service Thread" daemon [_thread_blocked, id=20227, stack(0x000070000114d000,0x000070000124d000)]
  0x00007fff02820000 JavaThread "C1 CompilerThread2" daemon [_thread_blocked, id=19715, stack(0x000070000104a000,0x000070000114a000)]
  0x00007fff0301d800 JavaThread "C2 CompilerThread1" daemon [_thread_blocked, id=19203, stack(0x0000700000f47000,0x0000700001047000)]
  0x00007fff03854000 JavaThread "C2 CompilerThread0" daemon [_thread_blocked, id=18691, stack(0x0000700000e44000,0x0000700000f44000)]
  0x00007fff03012800 JavaThread "JDWP Command Reader" daemon [_thread_in_native, id=18179, stack(0x0000700000d41000,0x0000700000e41000)]
  0x00007fff0384a000 JavaThread "JDWP Event Helper Thread" daemon [_thread_blocked, id=17667, stack(0x0000700000c3e000,0x0000700000d3e000)]
  0x00007fff0383b000 JavaThread "JDWP Transport Listener: dt_socket" daemon [_thread_blocked, id=17155, stack(0x0000700000b3b000,0x0000700000c3b000)]
  0x00007fff0402b800 JavaThread "Signal Dispatcher" daemon [_thread_blocked, id=12815, stack(0x0000700000a38000,0x0000700000b38000)]
  0x00007fff03804800 JavaThread "Finalizer" daemon [_thread_blocked, id=11779, stack(0x000070000082f000,0x000070000092f000)]
  0x00007fff04029000 JavaThread "Reference Handler" daemon [_thread_blocked, id=11267, stack(0x000070000072c000,0x000070000082c000)]

Other Threads:
  0x00007fff04024800 VMThread [stack: 0x0000700000629000,0x0000700000729000] [id=10755]
  0x00007fff03835800 WatcherThread [stack: 0x0000700001250000,0x0000700001350000] [id=20739]

VM state:not at safepoint (normal execution)

VM Mutex/Monitor currently owned by a thread: None

Heap:
 PSYoungGen      total 44032K, used 23140K [0x00000007aab00000, 0x00000007ae100000, 0x00000007c0000000)
  eden space 32768K, 57% used [0x00000007aab00000,0x00000007abd80ff8,0x00000007acb00000)
  from space 11264K, 37% used [0x00000007ad600000,0x00000007ada18180,0x00000007ae100000)
  to   space 11264K, 0% used [0x00000007acb00000,0x00000007acb00000,0x00000007ad600000)
 ParOldGen       total 44032K, used 20105K [0x0000000780000000, 0x0000000782b00000, 0x00000007aab00000)
  object space 44032K, 45% used [0x0000000780000000,0x00000007813a24f0,0x0000000782b00000)
 Metaspace       used 20920K, capacity 21091K, committed 21296K, reserved 1069056K
  class space    used 2050K, capacity 2112K, committed 2176K, reserved 1048576K

Card table byte_map: [0x000000011d9c0000,0x000000011dbc1000] byte_map_base: 0x0000000119dc0000

Marking Bits: (ParMarkBitMap*) 0x000000010d69ceb0
 Begin Bits: [0x000000011dd17000, 0x000000011ed17000)
 End Bits:   [0x000000011ed17000, 0x000000011fd17000)

Polling page: 0x000000010dd8d000

CodeCache: size=245760Kb used=7952Kb max_used=8199Kb free=237807Kb
 bounds [0x000000010e600000, 0x000000010ee20000, 0x000000011d600000]
 total_blobs=3010 nmethods=2130 adapters=802
 compilation: enabled

Compilation events (10 events):
Event: 8.377 Thread 0x00007fff02820000 nmethod 2290 0x000000010e9c4510 code [0x000000010e9c4680, 0x000000010e9c4a28]
Event: 8.379 Thread 0x00007fff03854000 2291       4       processing.opengl.PShader::bindTyped (515 bytes)
Event: 8.393 Thread 0x00007fff02820000 2292       3       java.awt.EventQueue::uncacheEQItem (53 bytes)
Event: 8.394 Thread 0x00007fff02820000 nmethod 2292 0x000000010e8a4450 code [0x000000010e8a4600, 0x000000010e8a4ce8]
Event: 8.404 Thread 0x00007fff02820000 2293       3       sun.lwawt.LWComponentPeer::localToWindow (14 bytes)
Event: 8.405 Thread 0x00007fff02820000 nmethod 2293 0x000000010e941b10 code [0x000000010e941ca0, 0x000000010e942048]
Event: 8.408 Thread 0x00007fff03854000 nmethod 2291 0x000000010eaeed90 code [0x000000010eaef120, 0x000000010eaf05f0]
Event: 8.441 Thread 0x00007fff02820000 2294       1       sun.java2d.SurfaceData::isValid (5 bytes)
Event: 8.441 Thread 0x00007fff02820000 nmethod 2294 0x000000010e7a2fd0 code [0x000000010e7a3120, 0x000000010e7a3230]
Event: 8.450 Thread 0x00007fff0301d800 2295  s    4       sun.misc.URLClassPath::getNextLoader (88 bytes)

GC Heap History (10 events):
Event: 2.511 GC heap before
{Heap before GC invocations=2 (full 0):
 PSYoungGen      total 18944K, used 18922K [0x00000007aab00000, 0x00000007ac000000, 0x00000007c0000000)
  eden space 16384K, 100% used [0x00000007aab00000,0x00000007abb00000,0x00000007abb00000)
  from space 2560K, 99% used [0x00000007abb00000,0x00000007abd7a8d8,0x00000007abd80000)
  to   space 2560K, 0% used [0x00000007abd80000,0x00000007abd80000,0x00000007ac000000)
 ParOldGen       total 44032K, used 1123K [0x0000000780000000, 0x0000000782b00000, 0x00000007aab00000)
  object space 44032K, 2% used [0x0000000780000000,0x0000000780118c68,0x0000000782b00000)
 Metaspace       used 15977K, capacity 16195K, committed 16512K, reserved 1064960K
  class space    used 1598K, capacity 1660K, committed 1664K, reserved 1048576K
Event: 2.517 GC heap after
Heap after GC invocations=2 (full 0):
 PSYoungGen      total 18944K, used 2544K [0x00000007aab00000, 0x00000007ac000000, 0x00000007c0000000)
  eden space 16384K, 0% used [0x00000007aab00000,0x00000007aab00000,0x00000007abb00000)
  from space 2560K, 99% used [0x00000007abd80000,0x00000007abffc010,0x00000007ac000000)
  to   space 2560K, 0% used [0x00000007abb00000,0x00000007abb00000,0x00000007abd80000)
 ParOldGen       total 44032K, used 2472K [0x0000000780000000, 0x0000000782b00000, 0x00000007aab00000)
  object space 44032K, 5% used [0x0000000780000000,0x000000078026a370,0x0000000782b00000)
 Metaspace       used 15977K, capacity 16195K, committed 16512K, reserved 1064960K
  class space    used 1598K, capacity 1660K, committed 1664K, reserved 1048576K
}
Event: 3.482 GC heap before
{Heap before GC invocations=3 (full 0):
 PSYoungGen      total 18944K, used 18928K [0x00000007aab00000, 0x00000007ac000000, 0x00000007c0000000)
  eden space 16384K, 100% used [0x00000007aab00000,0x00000007abb00000,0x00000007abb00000)
  from space 2560K, 99% used [0x00000007abd80000,0x00000007abffc010,0x00000007ac000000)
  to   space 2560K, 0% used [0x00000007abb00000,0x00000007abb00000,0x00000007abd80000)
 ParOldGen       total 44032K, used 2472K [0x0000000780000000, 0x0000000782b00000, 0x00000007aab00000)
  object space 44032K, 5% used [0x0000000780000000,0x000000078026a370,0x0000000782b00000)
 Metaspace       used 19301K, capacity 19523K, committed 19712K, reserved 1067008K
  class space    used 1947K, capacity 2044K, committed 2048K, reserved 1048576K
Event: 3.491 GC heap after
Heap after GC invocations=3 (full 0):
 PSYoungGen      total 18944K, used 2528K [0x00000007aab00000, 0x00000007ac000000, 0x00000007c0000000)
  eden space 16384K, 0% used [0x00000007aab00000,0x00000007aab00000,0x00000007abb00000)
  from space 2560K, 98% used [0x00000007abb00000,0x00000007abd78060,0x00000007abd80000)
  to   space 2560K, 0% used [0x00000007abd80000,0x00000007abd80000,0x00000007ac000000)
 ParOldGen       total 44032K, used 6085K [0x0000000780000000, 0x0000000782b00000, 0x00000007aab00000)
  object space 44032K, 13% used [0x0000000780000000,0x00000007805f14e8,0x0000000782b00000)
 Metaspace       used 19301K, capacity 19523K, committed 19712K, reserved 1067008K
  class space    used 1947K, capacity 2044K, committed 2048K, reserved 1048576K
}
Event: 3.865 GC heap before
{Heap before GC invocations=4 (full 0):
 PSYoungGen      total 18944K, used 18912K [0x00000007aab00000, 0x00000007ac000000, 0x00000007c0000000)
  eden space 16384K, 100% used [0x00000007aab00000,0x00000007abb00000,0x00000007abb00000)
  from space 2560K, 98% used [0x00000007abb00000,0x00000007abd78060,0x00000007abd80000)
  to   space 2560K, 0% used [0x00000007abd80000,0x00000007abd80000,0x00000007ac000000)
 ParOldGen       total 44032K, used 6085K [0x0000000780000000, 0x0000000782b00000, 0x00000007aab00000)
  object space 44032K, 13% used [0x0000000780000000,0x00000007805f14e8,0x0000000782b00000)
 Metaspace       used 19903K, capacity 20143K, committed 20352K, reserved 1067008K
  class space    used 2005K, capacity 2078K, committed 2176K, reserved 1048576K
Event: 3.877 GC heap after
Heap after GC invocations=4 (full 0):
 PSYoungGen      total 18944K, used 2545K [0x00000007aab00000, 0x00000007ad000000, 0x00000007c0000000)
  eden space 16384K, 0% used [0x00000007aab00000,0x00000007aab00000,0x00000007abb00000)
  from space 2560K, 99% used [0x00000007abd80000,0x00000007abffc790,0x00000007ac000000)
  to   space 2560K, 0% used [0x00000007abb00000,0x00000007abb00000,0x00000007abd80000)
 ParOldGen       total 44032K, used 15477K [0x0000000780000000, 0x0000000782b00000, 0x00000007aab00000)
  object space 44032K, 35% used [0x0000000780000000,0x0000000780f1d428,0x0000000782b00000)
 Metaspace       used 19903K, capacity 20143K, committed 20352K, reserved 1067008K
  class space    used 2005K, capacity 2078K, committed 2176K, reserved 1048576K
}
Event: 4.402 GC heap before
{Heap before GC invocations=5 (full 0):
 PSYoungGen      total 18944K, used 18680K [0x00000007aab00000, 0x00000007ad000000, 0x00000007c0000000)
  eden space 16384K, 98% used [0x00000007aab00000,0x00000007abac1c18,0x00000007abb00000)
  from space 2560K, 99% used [0x00000007abd80000,0x00000007abffc790,0x00000007ac000000)
  to   space 2560K, 0% used [0x00000007abb00000,0x00000007abb00000,0x00000007abd80000)
 ParOldGen       total 44032K, used 15477K [0x0000000780000000, 0x0000000782b00000, 0x00000007aab00000)
  object space 44032K, 35% used [0x0000000780000000,0x0000000780f1d428,0x0000000782b00000)
 Metaspace       used 20492K, capacity 20687K, committed 20864K, reserved 1069056K
  class space    used 2041K, capacity 2110K, committed 2176K, reserved 1048576K
Event: 4.410 GC heap after
Heap after GC invocations=5 (full 0):
 PSYoungGen      total 18944K, used 2530K [0x00000007aab00000, 0x00000007ae100000, 0x00000007c0000000)
  eden space 16384K, 0% used [0x00000007aab00000,0x00000007aab00000,0x00000007abb00000)
  from space 2560K, 98% used [0x00000007abb00000,0x00000007abd78820,0x00000007abd80000)
  to   space 11264K, 0% used [0x00000007ad600000,0x00000007ad600000,0x00000007ae100000)
 ParOldGen       total 44032K, used 20105K [0x0000000780000000, 0x0000000782b00000, 0x00000007aab00000)
  object space 44032K, 45% used [0x0000000780000000,0x00000007813a24f0,0x0000000782b00000)
 Metaspace       used 20492K, capacity 20687K, committed 20864K, reserved 1069056K
  class space    used 2041K, capacity 2110K, committed 2176K, reserved 1048576K
}
Event: 6.629 GC heap before
{Heap before GC invocations=6 (full 0):
 PSYoungGen      total 18944K, used 18914K [0x00000007aab00000, 0x00000007ae100000, 0x00000007c0000000)
  eden space 16384K, 100% used [0x00000007aab00000,0x00000007abb00000,0x00000007abb00000)
  from space 2560K, 98% used [0x00000007abb00000,0x00000007abd78820,0x00000007abd80000)
  to   space 11264K, 0% used [0x00000007ad600000,0x00000007ad600000,0x00000007ae100000)
 ParOldGen       total 44032K, used 20105K [0x0000000780000000, 0x0000000782b00000, 0x00000007aab00000)
  object space 44032K, 45% used [0x0000000780000000,0x00000007813a24f0,0x0000000782b00000)
 Metaspace       used 20754K, capacity 20963K, committed 21120K, reserved 1069056K
  class space    used 2042K, capacity 2112K, committed 2176K, reserved 1048576K
Event: 6.637 GC heap after
Heap after GC invocations=6 (full 0):
 PSYoungGen      total 44032K, used 4192K [0x00000007aab00000, 0x00000007ae100000, 0x00000007c0000000)
  eden space 32768K, 0% used [0x00000007aab00000,0x00000007aab00000,0x00000007acb00000)
  from space 11264K, 37% used [0x00000007ad600000,0x00000007ada18180,0x00000007ae100000)
  to   space 11264K, 0% used [0x00000007acb00000,0x00000007acb00000,0x00000007ad600000)
 ParOldGen       total 44032K, used 20105K [0x0000000780000000, 0x0000000782b00000, 0x00000007aab00000)
  object space 44032K, 45% used [0x0000000780000000,0x00000007813a24f0,0x0000000782b00000)
 Metaspace       used 20754K, capacity 20963K, committed 21120K, reserved 1069056K
  class space    used 2042K, capacity 2112K, committed 2176K, reserved 1048576K
}

Deoptimization events (10 events):
Event: 3.882 Thread 0x00007fff0396c000 Uncommon trap: reason=unstable_if action=reinterpret pc=0x000000010eb06d34 method=com.jogamp.common.util.IntIntHashMap.get(I)I @ 28
Event: 3.925 Thread 0x00007fff0396c000 Uncommon trap: reason=unstable_if action=reinterpret pc=0x000000010eaa9470 method=java.lang.String.trim()Ljava/lang/String; @ 23
Event: 3.961 Thread 0x00007fff078c2800 Uncommon trap: reason=unstable_if action=reinterpret pc=0x000000010eaab60c method=java.lang.String.regionMatches(ZILjava/lang/String;II)Z @ 123
Event: 3.969 Thread 0x00007fff078c1000 Uncommon trap: reason=class_check action=maybe_recompile pc=0x000000010eabc54c method=java.util.Arrays.copyOf([Ljava/lang/Object;ILjava/lang/Class;)[Ljava/lang/Object; @ 24
Event: 8.392 Thread 0x00007fff0396c000 Uncommon trap: reason=class_check action=maybe_recompile pc=0x000000010eabc54c method=java.util.Arrays.copyOf([Ljava/lang/Object;ILjava/lang/Class;)[Ljava/lang/Object; @ 24
Event: 8.392 Thread 0x00007fff0396c000 Uncommon trap: reason=class_check action=maybe_recompile pc=0x000000010eabc54c method=java.util.Arrays.copyOf([Ljava/lang/Object;ILjava/lang/Class;)[Ljava/lang/Object; @ 24
Event: 8.393 Thread 0x00007fff0396c000 Uncommon trap: reason=unstable_if action=reinterpret pc=0x000000010ec62190 method=com.jogamp.common.util.VersionNumber.compareTo(Lcom/jogamp/common/util/VersionNumber;)I @ 21
Event: 8.404 Thread 0x00007fff03168800 Uncommon trap: reason=unstable_if action=reinterpret pc=0x000000010ed9f580 method=java.awt.font.FontRenderContext.equals(Ljava/awt/font/FontRenderContext;)Z @ 2
Event: 8.439 Thread 0x00007fff039a7000 Uncommon trap: reason=unstable_if action=reinterpret pc=0x000000010ebc2338 method=java.util.HashMap.putVal(ILjava/lang/Object;Ljava/lang/Object;ZZ)Ljava/lang/Object; @ 81
Event: 8.440 Thread 0x00007fff039a7000 Uncommon trap: reason=unstable_if action=reinterpret pc=0x000000010eb13554 method=java.util.HashMap.putVal(ILjava/lang/Object;Ljava/lang/Object;ZZ)Ljava/lang/Object; @ 81

Internal exceptions (10 events):
Event: 0.227 Thread 0x00007fff04001800 Exception <a 'java/lang/NoSuchFieldError': method resolution failed> (0x00000007aad12ef8) thrown at [/Users/java_re/workspace/8-2-build-macosx-x86_64/jdk8u91/6644/hotspot/src/share/vm/prims/methodHandles.cpp, line 1146]
Event: 0.233 Thread 0x00007fff04001800 Exception <a 'java/lang/NoSuchFieldError': method resolution failed> (0x00000007aad206c8) thrown at [/Users/java_re/workspace/8-2-build-macosx-x86_64/jdk8u91/6644/hotspot/src/share/vm/prims/methodHandles.cpp, line 1146]
Event: 0.394 Thread 0x00007fff04001800 Exception <a 'java/io/FileNotFoundException'> (0x00000007aad9c778) thrown at [/Users/java_re/workspace/8-2-build-macosx-x86_64/jdk8u91/6644/hotspot/src/share/vm/prims/jni.cpp, line 709]
Event: 0.394 Thread 0x00007fff04001800 Exception <a 'java/io/FileNotFoundException'> (0x00000007aad9d2c0) thrown at [/Users/java_re/workspace/8-2-build-macosx-x86_64/jdk8u91/6644/hotspot/src/share/vm/prims/jni.cpp, line 709]
Event: 0.513 Thread 0x00007fff04001800 Exception <a 'java/io/FileNotFoundException'> (0x00000007aaef0f78) thrown at [/Users/java_re/workspace/8-2-build-macosx-x86_64/jdk8u91/6644/hotspot/src/share/vm/prims/jni.cpp, line 709]
Event: 2.059 Thread 0x00007fff03804800 Exception <a 'java/lang/NullPointerException'> (0x00000007aab85fa8) thrown at [/Users/java_re/workspace/8-2-build-macosx-x86_64/jdk8u91/6644/hotspot/src/share/vm/interpreter/linkResolver.cpp, line 1178]
Event: 2.159 Thread 0x00007fff04136800 Exception <a 'java/lang/UnsatisfiedLinkError': com.jogamp.common.util.JarUtil.fixNativeLibAttribs(Ljava/lang/String;)Z> (0x00000007aaff35a8) thrown at [/Users/java_re/workspace/8-2-build-macosx-x86_64/jdk8u91/6644/hotspot/src/share/vm/prims/nativeLookup.c
Event: 3.133 Thread 0x00007fff0396c000 Exception <a 'java/io/FileNotFoundException'> (0x00000007ab3f2a30) thrown at [/Users/java_re/workspace/8-2-build-macosx-x86_64/jdk8u91/6644/hotspot/src/share/vm/prims/jni.cpp, line 709]
Event: 3.134 Thread 0x00007fff0396c000 Exception <a 'java/io/FileNotFoundException'> (0x00000007ab3fa5d0) thrown at [/Users/java_re/workspace/8-2-build-macosx-x86_64/jdk8u91/6644/hotspot/src/share/vm/prims/jni.cpp, line 709]
Event: 3.134 Thread 0x00007fff0396c000 Implicit null exception at 0x000000010e7becb6 to 0x000000010e7bf10d

Events (10 events):
Event: 8.452 Executing VM operation: RevokeBias
Event: 8.453 Executing VM operation: RevokeBias done
Event: 8.453 Thread 0x00007fff0396c000 DEOPT PACKING pc=0x000000010e7baff4 sp=0x0000700001cf05a0
Event: 8.453 Thread 0x00007fff0396c000 DEOPT UNPACKING pc=0x000000010e647633 sp=0x0000700001cf03e0 mode 1
Event: 8.454 loading class java/awt/LightweightDispatcher$2
Event: 8.455 loading class java/awt/LightweightDispatcher$2 done
Event: 8.455 loading class java/awt/event/AWTEventListenerProxy
Event: 8.455 loading class java/awt/event/AWTEventListenerProxy done
Event: 8.455 loading class java/awt/Toolkit$ToolkitEventMulticaster
Event: 8.455 loading class java/awt/Toolkit$ToolkitEventMulticaster done


Dynamic libraries:
0x0000000004167000 	/System/Library/Frameworks/Cocoa.framework/Versions/A/Cocoa
0x0000000004167000 	/System/Library/Frameworks/Security.framework/Versions/A/Security
0x0000000004167000 	/System/Library/Frameworks/ApplicationServices.framework/Versions/A/ApplicationServices
0x0000000004167000 	/usr/lib/libz.1.dylib
0x0000000004167000 	/usr/lib/libSystem.B.dylib
0x0000000004167000 	/usr/lib/libobjc.A.dylib
0x0000000004167000 	/System/Library/Frameworks/CoreFoundation.framework/Versions/A/CoreFoundation
0x0000000004167000 	/System/Library/Frameworks/Foundation.framework/Versions/C/Foundation
0x0000000004167000 	/System/Library/Frameworks/AppKit.framework/Versions/C/AppKit
0x0000000004167000 	/System/Library/Frameworks/CoreData.framework/Versions/A/CoreData
0x0000000004167000 	/System/Library/PrivateFrameworks/RemoteViewServices.framework/Versions/A/RemoteViewServices
0x0000000004167000 	/System/Library/PrivateFrameworks/UIFoundation.framework/Versions/A/UIFoundation
0x0000000004167000 	/usr/lib/libScreenReader.dylib
0x0000000004167000 	/System/Library/Frameworks/Accelerate.framework/Versions/A/Accelerate
0x0000000004167000 	/System/Library/Frameworks/IOSurface.framework/Versions/A/IOSurface
0x0000000004167000 	/System/Library/Frameworks/AudioToolbox.framework/Versions/A/AudioToolbox
0x0000000004167000 	/System/Library/Frameworks/AudioUnit.framework/Versions/A/AudioUnit
0x0000000004167000 	/System/Library/PrivateFrameworks/DataDetectorsCore.framework/Versions/A/DataDetectorsCore
0x0000000004167000 	/System/Library/PrivateFrameworks/DesktopServicesPriv.framework/Versions/A/DesktopServicesPriv
0x0000000004167000 	/System/Library/Frameworks/Carbon.framework/Versions/A/Frameworks/HIToolbox.framework/Versions/A/HIToolbox
0x0000000004167000 	/System/Library/Frameworks/QuartzCore.framework/Versions/A/QuartzCore
0x0000000004167000 	/System/Library/Frameworks/Carbon.framework/Versions/A/Frameworks/SpeechRecognition.framework/Versions/A/SpeechRecognition
0x0000000004167000 	/usr/lib/libauto.dylib
0x0000000004167000 	/usr/lib/libicucore.A.dylib
0x0000000004167000 	/usr/lib/libxml2.2.dylib
0x0000000004167000 	/System/Library/PrivateFrameworks/CoreUI.framework/Versions/A/CoreUI
0x0000000004167000 	/System/Library/Frameworks/CoreAudio.framework/Versions/A/CoreAudio
0x0000000004167000 	/System/Library/Frameworks/DiskArbitration.framework/Versions/A/DiskArbitration
0x0000000004167000 	/usr/lib/liblangid.dylib
0x0000000004167000 	/System/Library/PrivateFrameworks/MultitouchSupport.framework/Versions/A/MultitouchSupport
0x0000000004167000 	/System/Library/Frameworks/IOKit.framework/Versions/A/IOKit
0x0000000004167000 	/usr/lib/libDiagnosticMessagesClient.dylib
0x0000000004167000 	/System/Library/Frameworks/CoreServices.framework/Versions/A/CoreServices
0x0000000004167000 	/System/Library/PrivateFrameworks/PerformanceAnalysis.framework/Versions/A/PerformanceAnalysis
0x0000000004167000 	/System/Library/PrivateFrameworks/GenerationalStorage.framework/Versions/A/GenerationalStorage
0x0000000004167000 	/System/Library/Frameworks/OpenGL.framework/Versions/A/OpenGL
0x0000000004167000 	/System/Library/PrivateFrameworks/Sharing.framework/Versions/A/Sharing
0x0000000004167000 	/System/Library/Frameworks/CoreGraphics.framework/Versions/A/CoreGraphics
0x0000000004167000 	/System/Library/Frameworks/CoreImage.framework/Versions/A/CoreImage
0x0000000004167000 	/System/Library/Frameworks/CoreText.framework/Versions/A/CoreText
0x0000000004167000 	/System/Library/Frameworks/ImageIO.framework/Versions/A/ImageIO
0x0000000004167000 	/System/Library/PrivateFrameworks/Backup.framework/Versions/A/Backup
0x0000000004167000 	/usr/lib/libextension.dylib
0x0000000004167000 	/usr/lib/libarchive.2.dylib
0x0000000004167000 	/System/Library/Frameworks/CFNetwork.framework/Versions/A/CFNetwork
0x0000000004167000 	/System/Library/Frameworks/SystemConfiguration.framework/Versions/A/SystemConfiguration
0x0000000004167000 	/usr/lib/libCRFSuite.dylib
0x0000000004167000 	/usr/lib/libc++.1.dylib
0x0000000004167000 	/usr/lib/libc++abi.dylib
0x0000000004167000 	/usr/lib/system/libcache.dylib
0x0000000004167000 	/usr/lib/system/libcommonCrypto.dylib
0x0000000004167000 	/usr/lib/system/libcompiler_rt.dylib
0x0000000004167000 	/usr/lib/system/libcopyfile.dylib
0x0000000004167000 	/usr/lib/system/libcorecrypto.dylib
0x0000000004167000 	/usr/lib/system/libdispatch.dylib
0x0000000004167000 	/usr/lib/system/libdyld.dylib
0x0000000004167000 	/usr/lib/system/libkeymgr.dylib
0x0000000004167000 	/usr/lib/system/liblaunch.dylib
0x0000000004167000 	/usr/lib/system/libmacho.dylib
0x0000000004167000 	/usr/lib/system/libquarantine.dylib
0x0000000004167000 	/usr/lib/system/libremovefile.dylib
0x0000000004167000 	/usr/lib/system/libsystem_asl.dylib
0x0000000004167000 	/usr/lib/system/libsystem_blocks.dylib
0x0000000004167000 	/usr/lib/system/libsystem_c.dylib
0x0000000004167000 	/usr/lib/system/libsystem_configuration.dylib
0x0000000004167000 	/usr/lib/system/libsystem_coreservices.dylib
0x0000000004167000 	/usr/lib/system/libsystem_coretls.dylib
0x0000000004167000 	/usr/lib/system/libsystem_dnssd.dylib
0x0000000004167000 	/usr/lib/system/libsystem_info.dylib
0x0000000004167000 	/usr/lib/system/libsystem_kernel.dylib
0x0000000004167000 	/usr/lib/system/libsystem_m.dylib
0x0000000004167000 	/usr/lib/system/libsystem_malloc.dylib
0x0000000004167000 	/usr/lib/system/libsystem_network.dylib
0x0000000004167000 	/usr/lib/system/libsystem_networkextension.dylib
0x0000000004167000 	/usr/lib/system/libsystem_notify.dylib
0x0000000004167000 	/usr/lib/system/libsystem_platform.dylib
0x0000000004167000 	/usr/lib/system/libsystem_pthread.dylib
0x0000000004167000 	/usr/lib/system/libsystem_sandbox.dylib
0x0000000004167000 	/usr/lib/system/libsystem_secinit.dylib
0x0000000004167000 	/usr/lib/system/libsystem_trace.dylib
0x0000000004167000 	/usr/lib/system/libunc.dylib
0x0000000004167000 	/usr/lib/system/libunwind.dylib
0x0000000004167000 	/usr/lib/system/libxpc.dylib
0x0000000004167000 	/usr/lib/libenergytrace.dylib
0x0000000004167000 	/usr/lib/libbsm.0.dylib
0x0000000004167000 	/usr/lib/system/libkxld.dylib
0x0000000004167000 	/usr/lib/libxar.1.dylib
0x0000000004167000 	/usr/lib/libsqlite3.dylib
0x0000000004167000 	/usr/lib/libpam.2.dylib
0x0000000004167000 	/usr/lib/libOpenScriptingUtil.dylib
0x0000000004167000 	/usr/lib/libbz2.1.0.dylib
0x0000000004167000 	/usr/lib/liblzma.5.dylib
0x0000000004167000 	/System/Library/Frameworks/CoreServices.framework/Versions/A/Frameworks/FSEvents.framework/Versions/A/FSEvents
0x0000000004167000 	/System/Library/Frameworks/CoreServices.framework/Versions/A/Frameworks/CarbonCore.framework/Versions/A/CarbonCore
0x0000000004167000 	/System/Library/Frameworks/CoreServices.framework/Versions/A/Frameworks/Metadata.framework/Versions/A/Metadata
0x0000000004167000 	/System/Library/Frameworks/CoreServices.framework/Versions/A/Frameworks/OSServices.framework/Versions/A/OSServices
0x0000000004167000 	/System/Library/Frameworks/CoreServices.framework/Versions/A/Frameworks/SearchKit.framework/Versions/A/SearchKit
0x0000000004167000 	/System/Library/Frameworks/CoreServices.framework/Versions/A/Frameworks/AE.framework/Versions/A/AE
0x0000000004167000 	/System/Library/Frameworks/CoreServices.framework/Versions/A/Frameworks/LaunchServices.framework/Versions/A/LaunchServices
0x0000000004167000 	/System/Library/Frameworks/CoreServices.framework/Versions/A/Frameworks/DictionaryServices.framework/Versions/A/DictionaryServices
0x0000000004167000 	/System/Library/Frameworks/CoreServices.framework/Versions/A/Frameworks/SharedFileList.framework/Versions/A/SharedFileList
0x0000000004167000 	/System/Library/Frameworks/NetFS.framework/Versions/A/NetFS
0x0000000004167000 	/System/Library/PrivateFrameworks/NetAuth.framework/Versions/A/NetAuth
0x0000000004167000 	/System/Library/PrivateFrameworks/login.framework/Versions/A/Frameworks/loginsupport.framework/Versions/A/loginsupport
0x0000000004167000 	/System/Library/PrivateFrameworks/TCC.framework/Versions/A/TCC
0x0000000004167000 	/usr/lib/libmecabra.dylib
0x0000000004167000 	/System/Library/Frameworks/ApplicationServices.framework/Versions/A/Frameworks/ATS.framework/Versions/A/ATS
0x0000000004167000 	/System/Library/Frameworks/ApplicationServices.framework/Versions/A/Frameworks/ColorSync.framework/Versions/A/ColorSync
0x0000000004167000 	/System/Library/Frameworks/ApplicationServices.framework/Versions/A/Frameworks/HIServices.framework/Versions/A/HIServices
0x0000000004167000 	/System/Library/Frameworks/ApplicationServices.framework/Versions/A/Frameworks/LangAnalysis.framework/Versions/A/LangAnalysis
0x0000000004167000 	/System/Library/Frameworks/ApplicationServices.framework/Versions/A/Frameworks/PrintCore.framework/Versions/A/PrintCore
0x0000000004167000 	/System/Library/Frameworks/ApplicationServices.framework/Versions/A/Frameworks/QD.framework/Versions/A/QD
0x0000000004167000 	/System/Library/Frameworks/ApplicationServices.framework/Versions/A/Frameworks/SpeechSynthesis.framework/Versions/A/SpeechSynthesis
0x0000000004167000 	/System/Library/Frameworks/Metal.framework/Versions/A/Metal
0x0000000004167000 	/System/Library/Frameworks/Accelerate.framework/Versions/A/Frameworks/vImage.framework/Versions/A/vImage
0x0000000004167000 	/System/Library/Frameworks/Accelerate.framework/Versions/A/Frameworks/vecLib.framework/Versions/A/vecLib
0x0000000004167000 	/System/Library/Frameworks/Accelerate.framework/Versions/A/Frameworks/vecLib.framework/Versions/A/libvDSP.dylib
0x0000000004167000 	/System/Library/Frameworks/Accelerate.framework/Versions/A/Frameworks/vecLib.framework/Versions/A/libvMisc.dylib
0x0000000004167000 	/System/Library/Frameworks/Accelerate.framework/Versions/A/Frameworks/vecLib.framework/Versions/A/libLAPACK.dylib
0x0000000004167000 	/System/Library/Frameworks/Accelerate.framework/Versions/A/Frameworks/vecLib.framework/Versions/A/libBLAS.dylib
0x0000000004167000 	/System/Library/Frameworks/Accelerate.framework/Versions/A/Frameworks/vecLib.framework/Versions/A/libLinearAlgebra.dylib
0x0000000004167000 	/System/Library/Frameworks/Accelerate.framework/Versions/A/Frameworks/vecLib.framework/Versions/A/libSparseBLAS.dylib
0x0000000004167000 	/System/Library/PrivateFrameworks/GPUCompiler.framework/libmetal_timestamp.dylib
0x0000000004167000 	/System/Library/Frameworks/OpenGL.framework/Versions/A/Libraries/libCoreFSCache.dylib
0x0000000004167000 	/System/Library/PrivateFrameworks/IOAccelerator.framework/Versions/A/IOAccelerator
0x0000000004167000 	/System/Library/Frameworks/ApplicationServices.framework/Versions/A/Frameworks/ATS.framework/Versions/A/Resources/libFontParser.dylib
0x0000000004167000 	/System/Library/Frameworks/ApplicationServices.framework/Versions/A/Frameworks/ATS.framework/Versions/A/Resources/libFontRegistry.dylib
0x0000000004167000 	/System/Library/PrivateFrameworks/AppleVPA.framework/Versions/A/AppleVPA
0x0000000004167000 	/System/Library/PrivateFrameworks/AppleJPEG.framework/Versions/A/AppleJPEG
0x0000000004167000 	/System/Library/Frameworks/ImageIO.framework/Versions/A/Resources/libJPEG.dylib
0x0000000004167000 	/System/Library/Frameworks/ImageIO.framework/Versions/A/Resources/libTIFF.dylib
0x0000000004167000 	/System/Library/Frameworks/ImageIO.framework/Versions/A/Resources/libPng.dylib
0x0000000004167000 	/System/Library/Frameworks/ImageIO.framework/Versions/A/Resources/libGIF.dylib
0x0000000004167000 	/System/Library/Frameworks/ImageIO.framework/Versions/A/Resources/libJP2.dylib
0x0000000004167000 	/System/Library/Frameworks/ImageIO.framework/Versions/A/Resources/libRadiance.dylib
0x0000000004167000 	/System/Library/Frameworks/CoreVideo.framework/Versions/A/CoreVideo
0x0000000004167000 	/System/Library/Frameworks/OpenGL.framework/Versions/A/Libraries/libGLU.dylib
0x0000000004167000 	/System/Library/Frameworks/OpenGL.framework/Versions/A/Libraries/libGFXShared.dylib
0x0000000004167000 	/System/Library/Frameworks/OpenGL.framework/Versions/A/Libraries/libGL.dylib
0x0000000004167000 	/System/Library/Frameworks/OpenGL.framework/Versions/A/Libraries/libGLImage.dylib
0x0000000004167000 	/System/Library/Frameworks/OpenGL.framework/Versions/A/Libraries/libCVMSPluginSupport.dylib
0x0000000004167000 	/System/Library/Frameworks/OpenGL.framework/Versions/A/Libraries/libCoreVMClient.dylib
0x0000000004167000 	/usr/lib/libcompression.dylib
0x0000000004167000 	/usr/lib/libcups.2.dylib
0x0000000004167000 	/System/Library/Frameworks/Kerberos.framework/Versions/A/Kerberos
0x0000000004167000 	/System/Library/Frameworks/GSS.framework/Versions/A/GSS
0x0000000004167000 	/usr/lib/libresolv.9.dylib
0x0000000004167000 	/usr/lib/libiconv.2.dylib
0x0000000004167000 	/System/Library/PrivateFrameworks/Heimdal.framework/Versions/A/Heimdal
0x0000000004167000 	/usr/lib/libheimdal-asn1.dylib
0x0000000004167000 	/System/Library/Frameworks/OpenDirectory.framework/Versions/A/OpenDirectory
0x0000000004167000 	/System/Library/PrivateFrameworks/CommonAuth.framework/Versions/A/CommonAuth
0x0000000004167000 	/System/Library/Frameworks/OpenDirectory.framework/Versions/A/Frameworks/CFOpenDirectory.framework/Versions/A/CFOpenDirectory
0x0000000004167000 	/System/Library/Frameworks/SecurityFoundation.framework/Versions/A/SecurityFoundation
0x0000000004167000 	/System/Library/PrivateFrameworks/LanguageModeling.framework/Versions/A/LanguageModeling
0x0000000004167000 	/usr/lib/libmarisa.dylib
0x0000000004167000 	/usr/lib/libChineseTokenizer.dylib
0x0000000004167000 	/usr/lib/libcmph.dylib
0x0000000004167000 	/System/Library/Frameworks/ServiceManagement.framework/Versions/A/ServiceManagement
0x0000000004167000 	/usr/lib/libxslt.1.dylib
0x0000000004167000 	/System/Library/Frameworks/Carbon.framework/Versions/A/Frameworks/Ink.framework/Versions/A/Ink
0x0000000004167000 	/usr/lib/libFosl_dynamic.dylib
0x0000000004167000 	/System/Library/PrivateFrameworks/FaceCore.framework/Versions/A/FaceCore
0x0000000004167000 	/System/Library/Frameworks/OpenCL.framework/Versions/A/OpenCL
0x0000000004167000 	/System/Library/PrivateFrameworks/CrashReporterSupport.framework/Versions/A/CrashReporterSupport
0x0000000004167000 	/System/Library/PrivateFrameworks/IconServices.framework/Versions/A/IconServices
0x0000000004167000 	/System/Library/PrivateFrameworks/Apple80211.framework/Versions/A/Apple80211
0x0000000004167000 	/System/Library/Frameworks/CoreWLAN.framework/Versions/A/CoreWLAN
0x0000000004167000 	/System/Library/Frameworks/IOBluetooth.framework/Versions/A/IOBluetooth
0x0000000004167000 	/System/Library/PrivateFrameworks/CoreWiFi.framework/Versions/A/CoreWiFi
0x0000000004167000 	/System/Library/Frameworks/CoreBluetooth.framework/Versions/A/CoreBluetooth
0x0000000004167000 	/System/Library/PrivateFrameworks/ChunkingLibrary.framework/Versions/A/ChunkingLibrary
0x0000000004167000 	/System/Library/PrivateFrameworks/DebugSymbols.framework/Versions/A/DebugSymbols
0x0000000004167000 	/System/Library/PrivateFrameworks/CoreSymbolication.framework/Versions/A/CoreSymbolication
0x0000000004167000 	/System/Library/PrivateFrameworks/Symbolication.framework/Versions/A/Symbolication
0x0000000004167000 	/System/Library/PrivateFrameworks/SpeechRecognitionCore.framework/Versions/A/SpeechRecognitionCore
0x000000010cdb6000 	/Library/Java/JavaVirtualMachines/jdk1.8.0_91.jdk/Contents/Home/jre/lib/server/libjvm.dylib
0x0000000004167000 	/usr/lib/libstdc++.6.dylib
0x000000010dd4a000 	/Library/Java/JavaVirtualMachines/jdk1.8.0_91.jdk/Contents/Home/jre/lib/libverify.dylib
0x000000010dd58000 	/Library/Java/JavaVirtualMachines/jdk1.8.0_91.jdk/Contents/Home/jre/lib/libjava.dylib
0x000000010dd8e000 	/Library/Java/JavaVirtualMachines/jdk1.8.0_91.jdk/Contents/Home/jre/lib/libjdwp.dylib
0x000000010ddd9000 	/Library/Java/JavaVirtualMachines/jdk1.8.0_91.jdk/Contents/Home/jre/lib/libnpt.dylib
0x000000010ddea000 	/Library/Java/JavaVirtualMachines/jdk1.8.0_91.jdk/Contents/Home/jre/lib/libzip.dylib
0x00000001219f9000 	/System/Library/Frameworks/JavaVM.framework/Frameworks/JavaRuntimeSupport.framework/JavaRuntimeSupport
0x0000000121a14000 	/System/Library/Frameworks/JavaVM.framework/Versions/A/Frameworks/JavaNativeFoundation.framework/Versions/A/JavaNativeFoundation
0x0000000121a29000 	/System/Library/Frameworks/JavaVM.framework/Versions/A/JavaVM
0x0000000004167000 	/System/Library/Frameworks/Carbon.framework/Versions/A/Carbon
0x000000010ddf4000 	/System/Library/PrivateFrameworks/JavaLaunching.framework/Versions/A/JavaLaunching
0x0000000004167000 	/System/Library/Frameworks/Carbon.framework/Versions/A/Frameworks/CommonPanels.framework/Versions/A/CommonPanels
0x0000000004167000 	/System/Library/Frameworks/Carbon.framework/Versions/A/Frameworks/Help.framework/Versions/A/Help
0x0000000004167000 	/System/Library/Frameworks/Carbon.framework/Versions/A/Frameworks/ImageCapture.framework/Versions/A/ImageCapture
0x0000000004167000 	/System/Library/Frameworks/Carbon.framework/Versions/A/Frameworks/OpenScripting.framework/Versions/A/OpenScripting
0x0000000004167000 	/System/Library/Frameworks/Carbon.framework/Versions/A/Frameworks/Print.framework/Versions/A/Print
0x0000000004167000 	/System/Library/Frameworks/Carbon.framework/Versions/A/Frameworks/SecurityHI.framework/Versions/A/SecurityHI
0x000000012334c000 	/Library/Java/JavaVirtualMachines/jdk1.8.0_91.jdk/Contents/Home/jre/lib/libdt_socket.dylib
0x0000000123364000 	/Library/Java/JavaVirtualMachines/jdk1.8.0_91.jdk/Contents/Home/jre/lib/libawt.dylib
0x000000012340c000 	/Library/Java/JavaVirtualMachines/jdk1.8.0_91.jdk/Contents/Home/jre/lib/./libmlib_image.dylib
0x00000001234d8000 	/Library/Java/JavaVirtualMachines/jdk1.8.0_91.jdk/Contents/Home/jre/lib/libawt_lwawt.dylib
0x000000012358d000 	/Library/Java/JavaVirtualMachines/jdk1.8.0_91.jdk/Contents/Home/jre/lib/./libosxapp.dylib
0x0000000004167000 	/System/Library/Frameworks/ExceptionHandling.framework/Versions/A/ExceptionHandling
0x0000000004167000 	/System/Library/PrivateFrameworks/CoreServicesInternal.framework/Versions/A/CoreServicesInternal
0x0000000004167000 	/System/Library/Frameworks/CoreGraphics.framework/Versions/A/Resources/libRIP.A.dylib
0x000000012428a000 	/System/Library/Frameworks/Accelerate.framework/Frameworks/vImage.framework/Versions/A/Libraries/libCGInterfaces.dylib
0x0000000004167000 	/System/Library/Frameworks/CoreGraphics.framework/Versions/A/Resources/libCGXType.A.dylib
0x0000000004167000 	/System/Library/Frameworks/OpenCL.framework/Versions/A/Libraries/libcldcpuengine.dylib
0x0000000004167000 	/System/Library/PrivateFrameworks/DiskImages.framework/Versions/A/DiskImages
0x0000000004167000 	/System/Library/Frameworks/DiscRecording.framework/Versions/A/DiscRecording
0x0000000004167000 	/usr/lib/libcsfde.dylib
0x0000000004167000 	/usr/lib/libcurl.4.dylib
0x0000000004167000 	/System/Library/PrivateFrameworks/MediaKit.framework/Versions/A/MediaKit
0x0000000004167000 	/System/Library/PrivateFrameworks/ProtectedCloudStorage.framework/Versions/A/ProtectedCloudStorage
0x0000000004167000 	/usr/lib/libCoreStorage.dylib
0x0000000004167000 	/System/Library/PrivateFrameworks/EFILogin.framework/Versions/A/EFILogin
0x0000000004167000 	/usr/lib/libutil.dylib
0x0000000004167000 	/System/Library/PrivateFrameworks/FindMyDevice.framework/Versions/A/FindMyDevice
0x0000000004167000 	/System/Library/Frameworks/LDAP.framework/Versions/A/LDAP
0x0000000004167000 	/usr/lib/libsasl2.2.dylib
0x0000000004167000 	/System/Library/PrivateFrameworks/CoreDaemon.framework/Versions/B/CoreDaemon
0x0000000004167000 	/usr/lib/libcrypto.0.9.8.dylib
0x0000000004167000 	/System/Library/PrivateFrameworks/AppleSRP.framework/Versions/A/AppleSRP
0x0000000004167000 	/System/Library/PrivateFrameworks/TrustEvaluationAgent.framework/Versions/A/TrustEvaluationAgent
0x0000000124fb4000 	cl_kernels
0x0000000004167000 	/System/Library/Frameworks/OpenCL.framework/Versions/A/Libraries/ImageFormats/unorm8_bgra.dylib
0x0000000004167000 	/System/Library/Frameworks/OpenCL.framework/Versions/A/Libraries/ImageFormats/unorm8_rgba.dylib
0x0000000004167000 	/System/Library/PrivateFrameworks/FamilyControls.framework/Versions/A/FamilyControls
0x0000000004167000 	/System/Library/PrivateFrameworks/CommerceKit.framework/Versions/A/Frameworks/CommerceCore.framework/Versions/A/CommerceCore
0x0000000004167000 	/System/Library/PrivateFrameworks/SystemAdministration.framework/Versions/A/SystemAdministration
0x0000000004167000 	/System/Library/PrivateFrameworks/AppContainer.framework/Versions/A/AppContainer
0x0000000004167000 	/System/Library/PrivateFrameworks/SecCodeWrapper.framework/Versions/A/SecCodeWrapper
0x0000000004167000 	/System/Library/Frameworks/DirectoryService.framework/Versions/A/DirectoryService
0x0000000004167000 	/System/Library/PrivateFrameworks/LoginUIKit.framework/Versions/A/Frameworks/LoginUICore.framework/Versions/A/LoginUICore
0x0000000004167000 	/usr/lib/libodfde.dylib
0x0000000125ff6000 	/System/Library/Frameworks/OpenGL.framework/Resources/GLEngine.bundle/GLEngine
0x0000000004167000 	/System/Library/Frameworks/OpenGL.framework/Versions/A/Libraries/libGLProgrammability.dylib
0x00000001261de000 	/System/Library/Extensions/AppleIntelHD4000GraphicsGLDriver.bundle/Contents/MacOS/AppleIntelHD4000GraphicsGLDriver
0x0000000004167000 	/System/Library/PrivateFrameworks/GPUSupport.framework/Versions/A/Libraries/libGPUSupportMercury.dylib
0x00000001268a8000 	/System/Library/Frameworks/OpenGL.framework/Resources//GLRendererFloat.bundle/GLRendererFloat
0x0000000127183000 	/Library/Java/JavaVirtualMachines/jdk1.8.0_91.jdk/Contents/Home/jre/lib/libfontmanager.dylib
0x0000000128644000 	/Library/Java/JavaVirtualMachines/jdk1.8.0_91.jdk/Contents/Home/jre/lib/libosxui.dylib
0x00000001290c5000 	/Library/Java/JavaVirtualMachines/jdk1.8.0_91.jdk/Contents/Home/jre/lib/libnet.dylib
0x000000012913c000 	/Library/Java/JavaVirtualMachines/jdk1.8.0_91.jdk/Contents/Home/jre/lib/libnio.dylib
0x0000000004167000 	/System/Library/Frameworks/ApplicationServices.framework/Versions/A/Frameworks/ATS.framework/Versions/A/Resources/libTrueTypeScaler.dylib
0x000000019413e000 	/System/Library/Extensions/AppleIntelHD4000GraphicsMTLDriver.bundle/Contents/MacOS/AppleIntelHD4000GraphicsMTLDriver
0x000000012459d000 	/private/var/folders/4w/145m28yn38q3_fgsdcq__sr40000gn/T/jogamp_0000/file_cache/jln3114591303458376478/jln3575985688179423291/libgluegen-rt.jnilib
0x00000001245a1000 	/private/var/folders/4w/145m28yn38q3_fgsdcq__sr40000gn/T/jogamp_0000/file_cache/jln3114591303458376478/jln3575985688179423291/libnativewindow_awt.jnilib
0x00000001245a4000 	/Library/Java/JavaVirtualMachines/jdk1.8.0_91.jdk/Contents/Home/jre/lib/libjawt.dylib
0x00000001940ea000 	/private/var/folders/4w/145m28yn38q3_fgsdcq__sr40000gn/T/jogamp_0000/file_cache/jln3114591303458376478/jln3575985688179423291/libnativewindow_macosx.jnilib
0x0000000196617000 	/private/var/folders/4w/145m28yn38q3_fgsdcq__sr40000gn/T/jogamp_0000/file_cache/jln3114591303458376478/jln3575985688179423291/libjogl_desktop.jnilib
0x00000001963bb000 	/Library/Java/JavaVirtualMachines/jdk1.8.0_91.jdk/Contents/Home/jre/lib/libt2k.dylib

VM Arguments:
jvm_args: -agentlib:jdwp=transport=dt_socket,suspend=y,address=localhost:49977 -Djava.security.policy=java.policy.applet -Dfile.encoding=UTF-8 
java_command: sun.applet.AppletViewer toolPackage.EarthQuakeMap1466217910798.html
java_class_path (initial): /Users/Steven/Documents/workspace/GoogleMapDataDisplayer/bin:/Users/Steven/Documents/workspace/UCSDUnfoldingMaps/lib/core.jar:/Users/Steven/Documents/workspace/UCSDUnfoldingMaps/lib/json4processing.jar:/Users/Steven/Documents/workspace/UCSDUnfoldingMaps/lib/unfolding.0.9.7-uscd.jar:/Users/Steven/Documents/workspace/UCSDUnfoldingMaps/lib/gluegen-rt-natives-linux-amd64.jar:/Users/Steven/Documents/workspace/UCSDUnfoldingMaps/lib/gluegen-rt-natives-linux-armv6hf.jar:/Users/Steven/Documents/workspace/UCSDUnfoldingMaps/lib/gluegen-rt-natives-linux-i586.jar:/Users/Steven/Documents/workspace/UCSDUnfoldingMaps/lib/gluegen-rt-natives-macosx-universal.jar:/Users/Steven/Documents/workspace/UCSDUnfoldingMaps/lib/gluegen-rt-natives-windows-amd64.jar:/Users/Steven/Documents/workspace/UCSDUnfoldingMaps/lib/gluegen-rt-natives-windows-i586.jar:/Users/Steven/Documents/workspace/UCSDUnfoldingMaps/lib/gluegen-rt.jar:/Users/Steven/Documents/workspace/UCSDUnfoldingMaps/lib/jogl-all-natives-linux-amd64.jar:/Users/Steven/Documents/workspace/UCSDUnfoldingMaps/lib/jogl-all-natives-linux-armv6hf.jar:/Users/Steven/Documents/workspace/UCSDUnfoldingMaps/lib/jogl-all-natives-linux-i586.jar:/Users/Steven/Documents/workspace/UCSDUnfoldingMaps/lib/jogl-all-natives-macosx-universal.jar:/Users/Steven/Documents/workspace/UCSDUnfoldingMaps/lib/jogl-all-natives-windows-amd64.jar:/Users/Steven/Documents/workspace/UCSDUnfoldingMaps/lib/jogl-all-natives-windows-i586.jar:/Users/Steven/Documents/workspace/UCSDUnfoldingMaps/lib/jogl-all.jar:/Users/Steven/Documents/workspace/UCSDUnfoldingMaps/lib/libTUIO.jar:/Users/Steven/Documents/workspace/UCSDUnfoldingMaps/lib/log4j-1.2.15.jar:/Users/Steven/Documents/workspace/UCSDUnfoldingMaps/lib/sqlite-jdbc-3.7.2.jar
Launcher Type: SUN_STANDARD

Environment Variables:
PATH=/usr/bin:/bin:/usr/sbin:/sbin
SHELL=/bin/bash
DISPLAY=/private/tmp/com.apple.launchd.otBJ7X57rx/org.macosforge.xquartz:0

Signal Handlers:
SIGSEGV: [libjvm.dylib+0x5a97a1], sa_mask[0]=11111111011111110111111111111111, sa_flags=SA_ONSTACK|SA_RESTART|SA_SIGINFO
SIGBUS: [libjvm.dylib+0x5a97a1], sa_mask[0]=11111111011111110111111111111111, sa_flags=SA_RESTART|SA_SIGINFO
SIGFPE: [libjvm.dylib+0x482594], sa_mask[0]=11111111011111110111111111111111, sa_flags=SA_RESTART|SA_SIGINFO
SIGPIPE: [libjvm.dylib+0x482594], sa_mask[0]=11111111011111110111111111111111, sa_flags=SA_RESTART|SA_SIGINFO
SIGXFSZ: [libjvm.dylib+0x482594], sa_mask[0]=11111111011111110111111111111111, sa_flags=SA_RESTART|SA_SIGINFO
SIGILL: [libjvm.dylib+0x482594], sa_mask[0]=11111111011111110111111111111111, sa_flags=SA_RESTART|SA_SIGINFO
SIGUSR1: SIG_DFL, sa_mask[0]=00000000000000000000000000000000, sa_flags=none
SIGUSR2: [libjvm.dylib+0x4820b2], sa_mask[0]=00100000000000000000000000000000, sa_flags=SA_RESTART|SA_SIGINFO
SIGHUP: [libjvm.dylib+0x480689], sa_mask[0]=11111111011111110111111111111111, sa_flags=SA_RESTART|SA_SIGINFO
SIGINT: [libjvm.dylib+0x480689], sa_mask[0]=11111111011111110111111111111111, sa_flags=SA_RESTART|SA_SIGINFO
SIGTERM: [libjvm.dylib+0x480689], sa_mask[0]=11111111011111110111111111111111, sa_flags=SA_RESTART|SA_SIGINFO
SIGQUIT: [libjvm.dylib+0x480689], sa_mask[0]=11111111011111110111111111111111, sa_flags=SA_RESTART|SA_SIGINFO


---------------  S Y S T E M  ---------------

OS:Bsduname:Darwin 15.5.0 Darwin Kernel Version 15.5.0: Tue Apr 19 18:36:36 PDT 2016; root:xnu-3248.50.21~8/RELEASE_X86_64 x86_64
rlimit: STACK 8192k, CORE 0k, NPROC 709, NOFILE 10240, AS infinity
load average:1.53 1.75 2.06

CPU:total 4 (2 cores per cpu, 2 threads per core) family 6 model 58 stepping 9, cmov, cx8, fxsr, mmx, sse, sse2, sse3, ssse3, sse4.1, sse4.2, popcnt, avx, aes, clmul, erms, ht, tsc, tscinvbit, tscinv

Memory: 4k page, physical 4194304k(118188k free)

/proc/meminfo:


vm_info: Java HotSpot(TM) 64-Bit Server VM (25.91-b14) for bsd-amd64 JRE (1.8.0_91-b14), built on Apr  1 2016 01:03:00 by "java_re" with gcc 4.2.1 (Based on Apple Inc. build 5658) (LLVM build 2336.11.00)

time: Fri Jun 17 22:45:19 2016
elapsed time: 8 seconds (0d 0h 0m 8s)

